0 verbose cli C:\Program Files\nodejs\node.exe C:\Users\Ranto Liantsoa\AppData\Roaming\npm\node_modules\npm\bin\npm-cli.js
1 info using npm@10.8.3
2 info using node@v20.17.0
3 silly config load:file:C:\Users\Ranto Liantsoa\AppData\Roaming\npm\node_modules\npm\npmrc
4 silly config load:file:e:\HANGAR\HANGAR\HangAR\.npmrc
5 silly config load:file:C:\Users\Ranto Liantsoa\.npmrc
6 silly config load:file:e:\HANGAR\HANGAR\HangAR\etc\npmrc
7 verbose title npm i
8 verbose argv "i" "--package-lock-only" "--prefix" "e:/HANGAR/HANGAR/HangAR"
9 verbose logfile logs-max:10 dir:e:\HANGAR\HANGAR\HangAR\clean\_logs\2025-05-28T13_06_38_644Z-
10 verbose logfile e:\HANGAR\HANGAR\HangAR\clean\_logs\2025-05-28T13_06_38_644Z-debug-0.log
11 silly packumentCache heap:2197815296 maxSize:549453824 maxEntrySize:274726912
12 silly logfile start cleaning logs, removing 1 files
13 silly logfile done cleaning log files
14 silly idealTree buildDeps
15 silly placeDep ROOT hangar@1.0.0 REPLACE for: hangar@1.0.0 want: file:
16 silly audit bulk request {
16 silly audit   hangar: [ '1.0.0' ],
16 silly audit   '@ampproject/remapping': [ '2.3.0' ],
16 silly audit   '@babel/code-frame': [ '7.27.1', '7.10.4' ],
16 silly audit   '@babel/compat-data': [ '7.27.3' ],
16 silly audit   '@babel/core': [ '7.27.3' ],
16 silly audit   '@babel/generator': [ '7.27.3' ],
16 silly audit   '@babel/helper-annotate-as-pure': [ '7.27.3' ],
16 silly audit   '@babel/helper-compilation-targets': [ '7.27.2' ],
16 silly audit   '@babel/helper-create-class-features-plugin': [ '7.27.1' ],
16 silly audit   '@babel/helper-create-regexp-features-plugin': [ '7.27.1' ],
16 silly audit   '@babel/helper-define-polyfill-provider': [ '0.6.4' ],
16 silly audit   '@babel/helper-environment-visitor': [ '7.24.7' ],
16 silly audit   '@babel/helper-member-expression-to-functions': [ '7.27.1' ],
16 silly audit   '@babel/helper-module-imports': [ '7.27.1' ],
16 silly audit   '@babel/helper-module-transforms': [ '7.27.3' ],
16 silly audit   '@babel/helper-optimise-call-expression': [ '7.27.1' ],
16 silly audit   '@babel/helper-plugin-utils': [ '7.27.1' ],
16 silly audit   '@babel/helper-remap-async-to-generator': [ '7.27.1' ],
16 silly audit   '@babel/helper-replace-supers': [ '7.27.1' ],
16 silly audit   '@babel/helper-skip-transparent-expression-wrappers': [ '7.27.1' ],
16 silly audit   '@babel/helper-string-parser': [ '7.27.1' ],
16 silly audit   '@babel/helper-validator-identifier': [ '7.27.1' ],
16 silly audit   '@babel/helper-validator-option': [ '7.27.1' ],
16 silly audit   '@babel/helper-wrap-function': [ '7.27.1' ],
16 silly audit   '@babel/helpers': [ '7.27.3' ],
16 silly audit   '@babel/highlight': [ '7.25.9' ],
16 silly audit   'ansi-styles': [ '3.2.1', '6.2.1', '4.3.0', '5.2.0' ],
16 silly audit   chalk: [ '2.4.2', '4.1.2' ],
16 silly audit   'color-convert': [ '1.9.3', '2.0.1' ],
16 silly audit   'color-name': [ '1.1.3', '1.1.4' ],
16 silly audit   'escape-string-regexp': [ '1.0.5', '4.0.0', '2.0.0' ],
16 silly audit   'has-flag': [ '3.0.0', '4.0.0' ],
16 silly audit   'supports-color': [ '5.5.0', '8.1.1', '7.2.0' ],
16 silly audit   '@babel/parser': [ '7.27.3' ],
16 silly audit   '@babel/plugin-bugfix-firefox-class-in-computed-class-key': [ '7.27.1' ],
16 silly audit   '@babel/plugin-bugfix-safari-class-field-initializer-scope': [ '7.27.1' ],
16 silly audit   '@babel/plugin-bugfix-safari-id-destructuring-collision-in-function-expression': [ '7.27.1' ],
16 silly audit   '@babel/plugin-bugfix-v8-spread-parameters-in-optional-chaining': [ '7.27.1' ],
16 silly audit   '@babel/plugin-bugfix-v8-static-class-fields-redefine-readonly': [ '7.27.1' ],
16 silly audit   '@babel/plugin-proposal-async-generator-functions': [ '7.20.7' ],
16 silly audit   '@babel/plugin-proposal-class-properties': [ '7.18.6' ],
16 silly audit   '@babel/plugin-proposal-decorators': [ '7.27.1' ],
16 silly audit   '@babel/plugin-proposal-export-default-from': [ '7.27.1' ],
16 silly audit   '@babel/plugin-proposal-nullish-coalescing-operator': [ '7.18.6' ],
16 silly audit   '@babel/plugin-proposal-object-rest-spread': [ '7.20.7' ],
16 silly audit   '@babel/plugin-proposal-optional-catch-binding': [ '7.18.6' ],
16 silly audit   '@babel/plugin-proposal-optional-chaining': [ '7.21.0' ],
16 silly audit   '@babel/plugin-proposal-private-property-in-object': [ '7.21.0-placeholder-for-preset-env.2' ],
16 silly audit   '@babel/plugin-syntax-async-generators': [ '7.8.4' ],
16 silly audit   '@babel/plugin-syntax-class-properties': [ '7.12.13' ],
16 silly audit   '@babel/plugin-syntax-decorators': [ '7.27.1' ],
16 silly audit   '@babel/plugin-syntax-dynamic-import': [ '7.8.3' ],
16 silly audit   '@babel/plugin-syntax-export-default-from': [ '7.27.1' ],
16 silly audit   '@babel/plugin-syntax-flow': [ '7.27.1' ],
16 silly audit   '@babel/plugin-syntax-import-assertions': [ '7.27.1' ],
16 silly audit   '@babel/plugin-syntax-import-attributes': [ '7.27.1' ],
16 silly audit   '@babel/plugin-syntax-jsx': [ '7.27.1' ],
16 silly audit   '@babel/plugin-syntax-nullish-coalescing-operator': [ '7.8.3' ],
16 silly audit   '@babel/plugin-syntax-object-rest-spread': [ '7.8.3' ],
16 silly audit   '@babel/plugin-syntax-optional-catch-binding': [ '7.8.3' ],
16 silly audit   '@babel/plugin-syntax-optional-chaining': [ '7.8.3' ],
16 silly audit   '@babel/plugin-syntax-typescript': [ '7.27.1' ],
16 silly audit   '@babel/plugin-syntax-unicode-sets-regex': [ '7.18.6' ],
16 silly audit   '@babel/plugin-transform-arrow-functions': [ '7.27.1' ],
16 silly audit   '@babel/plugin-transform-async-generator-functions': [ '7.27.1' ],
16 silly audit   '@babel/plugin-transform-async-to-generator': [ '7.27.1' ],
16 silly audit   '@babel/plugin-transform-block-scoped-functions': [ '7.27.1' ],
16 silly audit   '@babel/plugin-transform-block-scoping': [ '7.27.3' ],
16 silly audit   '@babel/plugin-transform-class-properties': [ '7.27.1' ],
16 silly audit   '@babel/plugin-transform-class-static-block': [ '7.27.1' ],
16 silly audit   '@babel/plugin-transform-classes': [ '7.27.1' ],
16 silly audit   '@babel/plugin-transform-computed-properties': [ '7.27.1' ],
16 silly audit   '@babel/plugin-transform-destructuring': [ '7.27.3' ],
16 silly audit   '@babel/plugin-transform-dotall-regex': [ '7.27.1' ],
16 silly audit   '@babel/plugin-transform-duplicate-keys': [ '7.27.1' ],
16 silly audit   '@babel/plugin-transform-duplicate-named-capturing-groups-regex': [ '7.27.1' ],
16 silly audit   '@babel/plugin-transform-dynamic-import': [ '7.27.1' ],
16 silly audit   '@babel/plugin-transform-exponentiation-operator': [ '7.27.1' ],
16 silly audit   '@babel/plugin-transform-export-namespace-from': [ '7.27.1' ],
16 silly audit   '@babel/plugin-transform-flow-strip-types': [ '7.27.1' ],
16 silly audit   '@babel/plugin-transform-for-of': [ '7.27.1' ],
16 silly audit   '@babel/plugin-transform-function-name': [ '7.27.1' ],
16 silly audit   '@babel/plugin-transform-json-strings': [ '7.27.1' ],
16 silly audit   '@babel/plugin-transform-literals': [ '7.27.1' ],
16 silly audit   '@babel/plugin-transform-logical-assignment-operators': [ '7.27.1' ],
16 silly audit   '@babel/plugin-transform-member-expression-literals': [ '7.27.1' ],
16 silly audit   '@babel/plugin-transform-modules-amd': [ '7.27.1' ],
16 silly audit   '@babel/plugin-transform-modules-commonjs': [ '7.27.1' ],
16 silly audit   '@babel/plugin-transform-modules-systemjs': [ '7.27.1' ],
16 silly audit   '@babel/plugin-transform-modules-umd': [ '7.27.1' ],
16 silly audit   '@babel/plugin-transform-named-capturing-groups-regex': [ '7.27.1' ],
16 silly audit   '@babel/plugin-transform-new-target': [ '7.27.1' ],
16 silly audit   '@babel/plugin-transform-nullish-coalescing-operator': [ '7.27.1' ],
16 silly audit   '@babel/plugin-transform-numeric-separator': [ '7.27.1' ],
16 silly audit   '@babel/plugin-transform-object-rest-spread': [ '7.27.3' ],
16 silly audit   '@babel/plugin-transform-object-super': [ '7.27.1' ],
16 silly audit   '@babel/plugin-transform-optional-catch-binding': [ '7.27.1' ],
16 silly audit   '@babel/plugin-transform-optional-chaining': [ '7.27.1' ],
16 silly audit   '@babel/plugin-transform-parameters': [ '7.27.1' ],
16 silly audit   '@babel/plugin-transform-private-methods': [ '7.27.1' ],
16 silly audit   '@babel/plugin-transform-private-property-in-object': [ '7.27.1' ],
16 silly audit   '@babel/plugin-transform-property-literals': [ '7.27.1' ],
16 silly audit   '@babel/plugin-transform-react-display-name': [ '7.27.1' ],
16 silly audit   '@babel/plugin-transform-react-jsx': [ '7.27.1' ],
16 silly audit   '@babel/plugin-transform-react-jsx-self': [ '7.27.1' ],
16 silly audit   '@babel/plugin-transform-react-jsx-source': [ '7.27.1' ],
16 silly audit   '@babel/plugin-transform-regenerator': [ '7.27.1' ],
16 silly audit   '@babel/plugin-transform-regexp-modifiers': [ '7.27.1' ],
16 silly audit   '@babel/plugin-transform-reserved-words': [ '7.27.1' ],
16 silly audit   '@babel/plugin-transform-runtime': [ '7.27.3' ],
16 silly audit   '@babel/plugin-transform-shorthand-properties': [ '7.27.1' ],
16 silly audit   '@babel/plugin-transform-spread': [ '7.27.1' ],
16 silly audit   '@babel/plugin-transform-sticky-regex': [ '7.27.1' ],
16 silly audit   '@babel/plugin-transform-template-literals': [ '7.27.1' ],
16 silly audit   '@babel/plugin-transform-typeof-symbol': [ '7.27.1' ],
16 silly audit   '@babel/plugin-transform-typescript': [ '7.27.1' ],
16 silly audit   '@babel/plugin-transform-unicode-escapes': [ '7.27.1' ],
16 silly audit   '@babel/plugin-transform-unicode-property-regex': [ '7.27.1' ],
16 silly audit   '@babel/plugin-transform-unicode-regex': [ '7.27.1' ],
16 silly audit   '@babel/plugin-transform-unicode-sets-regex': [ '7.27.1' ],
16 silly audit   '@babel/preset-env': [ '7.27.2' ],
16 silly audit   '@babel/preset-flow': [ '7.27.1' ],
16 silly audit   '@babel/preset-modules': [ '0.1.6-no-external-plugins' ],
16 silly audit   '@babel/preset-typescript': [ '7.27.1' ],
16 silly audit   '@babel/register': [ '7.27.1' ],
16 silly audit   '@babel/runtime': [ '7.27.3' ],
16 silly audit   '@babel/template': [ '7.27.2' ],
16 silly audit   '@babel/traverse': [ '7.27.3' ],
16 silly audit   '@babel/types': [ '7.27.3' ],
16 silly audit   '@callstack/react-theme-provider': [ '3.0.9' ],
16 silly audit   '@egjs/hammerjs': [ '2.0.17' ],
16 silly audit   '@expo/bunyan': [ '4.0.0' ],
16 silly audit   uuid: [ '8.3.2', '3.4.0', '7.0.3' ],
16 silly audit   '@expo/cli': [ '0.7.3' ],
16 silly audit   'form-data': [ '3.0.3', '4.0.2' ],
16 silly audit   '@expo/code-signing-certificates': [ '0.0.5' ],
16 silly audit   '@expo/config': [ '8.0.5', '8.3.1' ],
16 silly audit   '@expo/config-plugins': [ '6.0.2', '7.5.0' ],
16 silly audit   '@expo/json-file': [ '8.2.37', '8.3.3' ],
16 silly audit   semver: [ '7.7.2', '7.3.2', '5.7.2', '7.5.3', '6.3.1' ],
16 silly audit   '@expo/config-types': [ '48.0.0', '50.0.1' ],
16 silly audit   '@expo/dev-server': [ '0.3.0' ],
16 silly audit   '@expo/osascript': [ '2.0.33', '2.2.4' ],
16 silly audit   'fs-extra': [ '9.0.0', '9.1.0', '8.1.0' ],
16 silly audit   jsonfile: [ '6.1.0', '4.0.0' ],
16 silly audit   universalify: [ '2.0.1', '1.0.0', '0.1.2' ],
16 silly audit   '@expo/devcert': [ '1.2.0' ],
16 silly audit   'brace-expansion': [ '2.0.1', '1.1.11' ],
16 silly audit   debug: [ '3.2.7', '2.6.9', '4.4.1' ],
16 silly audit   glob: [ '10.4.5', '7.1.6', '6.0.4' ],
16 silly audit   minimatch: [ '9.0.5', '3.1.2' ],
16 silly audit   minipass: [ '7.1.2', '3.1.6', '5.0.0' ],
16 silly audit   '@expo/fingerprint': [ '0.2.0' ],
16 silly audit   '@expo/image-utils': [ '0.3.22' ],
16 silly audit   'crypto-random-string': [ '1.0.0', '2.0.0' ],
16 silly audit   'temp-dir': [ '1.0.0', '2.0.0' ],
16 silly audit   tempy: [ '0.3.0', '0.7.1' ],
16 silly audit   'type-fest': [ '0.3.1', '0.21.3', '0.7.1', '0.16.0', '0.12.0' ],
16 silly audit   'unique-string': [ '1.0.0', '2.0.0' ],
16 silly audit   '@expo/metro-config': [ '0.7.1' ],
16 silly audit   '@expo/spawn-async': [ '1.7.2', '1.5.0' ],
16 silly audit   'cross-spawn': [ '7.0.6', '6.0.6' ],
16 silly audit   'path-key': [ '3.1.1', '2.0.1' ],
16 silly audit   'shebang-command': [ '2.0.0', '1.2.0' ],
16 silly audit   'shebang-regex': [ '3.0.0', '1.0.0' ],
16 silly audit   which: [ '2.0.2', '1.3.1' ],
16 silly audit   '@expo/package-manager': [ '1.0.3' ],
16 silly audit   '@expo/plist': [ '0.0.20' ],
16 silly audit   '@expo/prebuild-config': [ '6.0.1' ],
16 silly audit   '@expo/rudder-sdk-node': [ '1.1.1' ],
16 silly audit   '@expo/sdk-runtime-versions': [ '1.0.0' ],
16 silly audit   '@expo/sudo-prompt': [ '9.3.2' ],
16 silly audit   '@expo/vector-icons': [ '14.1.0', '13.0.0' ],
16 silly audit   '@expo/xcpretty': [ '4.3.2' ],
16 silly audit   argparse: [ '2.0.1', '1.0.10' ],
16 silly audit   'js-yaml': [ '4.1.0', '3.14.1' ],
16 silly audit   '@gar/promisify': [ '1.1.3' ],
16 silly audit   '@graphql-typed-document-node/core': [ '3.2.0' ],
16 silly audit   '@hapi/hoek': [ '9.3.0' ],
16 silly audit   '@hapi/topo': [ '5.1.0' ],
16 silly audit   '@ide/backoff': [ '1.0.0' ],
16 silly audit   '@isaacs/cliui': [ '8.0.2' ],
16 silly audit   'ansi-regex': [ '6.1.0', '5.0.1', '4.1.1' ],
16 silly audit   'emoji-regex': [ '9.2.2', '8.0.0' ],
16 silly audit   'string-width': [ '5.1.2', '4.2.3' ],
16 silly audit   'strip-ansi': [ '7.1.0', '6.0.1', '5.2.0' ],
16 silly audit   'wrap-ansi': [ '8.1.0', '6.2.0', '7.0.0' ],
16 silly audit   '@jest/create-cache-key-function': [ '29.7.0' ],
16 silly audit   '@jest/types': [ '29.6.3', '26.6.2', '27.5.1' ],
16 silly audit   '@types/yargs': [ '17.0.33', '15.0.19', '16.0.9' ],
16 silly audit   '@jest/environment': [ '29.7.0' ],
16 silly audit   '@jest/fake-timers': [ '29.7.0' ],
16 silly audit   '@jest/schemas': [ '29.6.3' ],
16 silly audit   '@jridgewell/gen-mapping': [ '0.3.8' ],
16 silly audit   '@jridgewell/resolve-uri': [ '3.1.2' ],
16 silly audit   '@jridgewell/set-array': [ '1.2.1' ],
16 silly audit   '@jridgewell/source-map': [ '0.3.6' ],
16 silly audit   '@jridgewell/sourcemap-codec': [ '1.5.0' ],
16 silly audit   '@jridgewell/trace-mapping': [ '0.3.25' ],
16 silly audit   '@nodelib/fs.scandir': [ '2.1.5' ],
16 silly audit   '@nodelib/fs.stat': [ '2.0.5' ],
16 silly audit   '@nodelib/fs.walk': [ '1.2.8' ],
16 silly audit   '@npmcli/fs': [ '1.1.1' ],
16 silly audit   '@npmcli/move-file': [ '1.1.2' ],
16 silly audit   '@pkgjs/parseargs': [ '0.11.0' ],
16 silly audit   '@react-native-async-storage/async-storage': [ '1.24.0' ],
16 silly audit   '@react-native-community/cli': [ '10.2.2' ],
16 silly audit   '@react-native-community/cli-clean': [ '10.1.1' ],
16 silly audit   '@react-native-community/cli-config': [ '10.1.1' ],
16 silly audit   '@react-native-community/cli-debugger-ui': [ '10.0.0' ],
16 silly audit   '@react-native-community/cli-doctor': [ '10.2.7' ],
16 silly audit   '@react-native-community/cli-platform-ios': [ '10.2.5', '10.2.1' ],
16 silly audit   'cli-cursor': [ '3.1.0', '2.1.0' ],
16 silly audit   'log-symbols': [ '4.1.0', '2.2.0' ],
16 silly audit   'mimic-fn': [ '2.1.0', '1.2.0' ],
16 silly audit   onetime: [ '5.1.2', '2.0.1' ],
16 silly audit   ora: [ '5.4.1', '3.4.0' ],
16 silly audit   'restore-cursor': [ '3.1.0', '2.0.0' ],
16 silly audit   '@react-native-community/cli-hermes': [ '10.2.7' ],
16 silly audit   '@react-native-community/cli-platform-android': [ '10.2.0' ],
16 silly audit   '@react-native-community/cli-plugin-metro': [ '10.2.3' ],
16 silly audit   'metro-react-native-babel-preset': [ '0.73.10', '0.73.9' ],
16 silly audit   'metro-react-native-babel-transformer': [ '0.73.10', '0.73.9' ],
16 silly audit   'metro-runtime': [ '0.73.10', '0.73.9' ],
16 silly audit   'metro-source-map': [ '0.73.10', '0.73.9' ],
16 silly audit   ob1: [ '0.73.10', '0.73.9' ],
16 silly audit   'source-map': [ '0.5.7', '0.6.1', '0.7.4' ],
16 silly audit   '@react-native-community/cli-server-api': [ '10.1.1' ],
16 silly audit   ws: [ '7.5.10', '6.2.3', '8.18.2' ],
16 silly audit   '@react-native-community/cli-tools': [ '10.1.1' ],
16 silly audit   'is-wsl': [ '1.1.0', '2.2.0' ],
16 silly audit   open: [ '6.4.0', '8.4.2' ],
16 silly audit   '@react-native-community/cli-types': [ '10.0.0' ],
16 silly audit   commander: [ '9.5.0', '7.2.0', '4.1.1', '2.20.3', '2.14.1' ],
16 silly audit   'find-up': [ '4.1.0', '5.0.0', '3.0.0' ],
16 silly audit   'locate-path': [ '5.0.0', '6.0.0', '3.0.0' ],
16 silly audit   'p-limit': [ '2.3.0', '3.1.0' ],
16 silly audit   'p-locate': [ '4.1.0', '5.0.0', '3.0.0' ],
16 silly audit   'path-exists': [ '4.0.0', '3.0.0' ],
16 silly audit   '@react-native-community/datetimepicker': [ '6.7.5' ],
16 silly audit   '@react-native-firebase/app': [ '17.5.0' ],
16 silly audit   '@react-native-firebase/messaging': [ '17.5.0' ],
16 silly audit   '@react-native-picker/picker': [ '2.11.0' ],
16 silly audit   '@react-native/assets': [ '1.0.0' ],
16 silly audit   '@react-native/gradle-plugin': [ '0.79.2' ],
16 silly audit   '@react-native/normalize-color': [ '2.1.0' ],
16 silly audit   '@react-native/polyfills': [ '2.0.0' ],
16 silly audit   '@react-navigation/core': [ '6.4.17' ],
16 silly audit   '@react-navigation/elements': [ '1.3.31' ],
16 silly audit   '@react-navigation/native': [ '6.1.18' ],
16 silly audit   '@react-navigation/routers': [ '6.1.9' ],
16 silly audit   '@react-navigation/stack': [ '6.4.1' ],
16 silly audit   '@segment/loosely-validate-event': [ '2.0.0' ],
16 silly audit   '@sideway/address': [ '4.1.5' ],
16 silly audit   '@sideway/formula': [ '3.0.1' ],
16 silly audit   '@sideway/pinpoint': [ '2.0.0' ],
16 silly audit   '@sinclair/typebox': [ '0.27.8' ],
16 silly audit   '@sinonjs/commons': [ '3.0.1' ],
16 silly audit   '@sinonjs/fake-timers': [ '10.3.0' ],
16 silly audit   '@types/hammerjs': [ '2.0.46' ],
16 silly audit   '@types/istanbul-lib-coverage': [ '2.0.6' ],
16 silly audit   '@types/istanbul-lib-report': [ '3.0.3' ],
16 silly audit   '@types/istanbul-reports': [ '3.0.4' ],
16 silly audit   '@types/node': [ '22.15.23' ],
16 silly audit   '@types/stack-utils': [ '2.0.3' ],
16 silly audit   '@types/yargs-parser': [ '21.0.3' ],
16 silly audit   '@urql/core': [ '2.3.6' ],
16 silly audit   '@urql/exchange-retry': [ '0.3.0' ],
16 silly audit   '@xmldom/xmldom': [ '0.7.13', '0.8.10' ],
16 silly audit   'abort-controller': [ '3.0.0' ],
16 silly audit   'absolute-path': [ '0.0.0' ],
16 silly audit   accepts: [ '1.3.8' ],
16 silly audit   acorn: [ '8.14.1' ],
16 silly audit   'agent-base': [ '6.0.2' ],
16 silly audit   'aggregate-error': [ '3.1.0' ],
16 silly audit   anser: [ '1.4.10' ],
16 silly audit   'ansi-escapes': [ '4.3.2' ],
16 silly audit   'ansi-fragments': [ '0.2.1' ],
16 silly audit   'any-promise': [ '1.3.0' ],
16 silly audit   anymatch: [ '3.1.3' ],
16 silly audit   appdirsjs: [ '1.2.7' ],
16 silly audit   arg: [ '4.1.0' ],
16 silly audit   'array-buffer-byte-length': [ '1.0.2' ],
16 silly audit   'array-union': [ '2.1.0' ],
16 silly audit   'arraybuffer.prototype.slice': [ '1.0.4' ],
16 silly audit   asap: [ '2.0.6' ],
16 silly audit   assert: [ '2.1.0' ],
16 silly audit   'ast-types': [ '0.15.2' ],
16 silly audit   'astral-regex': [ '1.0.0' ],
16 silly audit   async: [ '3.2.6' ],
16 silly audit   'async-function': [ '1.0.0' ],
16 silly audit   'async-limiter': [ '1.0.1' ],
16 silly audit   asynckit: [ '0.4.0' ],
16 silly audit   'at-least-node': [ '1.0.0' ],
16 silly audit   'available-typed-arrays': [ '1.0.7' ],
16 silly audit   axios: [ '1.9.0' ],
16 silly audit   'babel-core': [ '7.0.0-bridge.0' ],
16 silly audit   'babel-plugin-module-resolver': [ '4.1.0' ],
16 silly audit   'babel-plugin-polyfill-corejs2': [ '0.4.13' ],
16 silly audit   'babel-plugin-polyfill-corejs3': [ '0.11.1' ],
16 silly audit   'babel-plugin-polyfill-regenerator': [ '0.6.4' ],
16 silly audit   'babel-plugin-react-native-web': [ '0.18.12' ],
16 silly audit   'babel-plugin-syntax-trailing-function-commas': [ '7.0.0-beta.0' ],
16 silly audit   'babel-preset-expo': [ '9.3.2' ],
16 silly audit   'babel-preset-fbjs': [ '3.4.0' ],
16 silly audit   badgin: [ '1.2.3' ],
16 silly audit   'balanced-match': [ '1.0.2' ],
16 silly audit   'base64-js': [ '1.5.1' ],
16 silly audit   'better-opn': [ '3.0.2' ],
16 silly audit   'big-integer': [ '1.6.52' ],
16 silly audit   bl: [ '4.1.0' ],
16 silly audit   'readable-stream': [ '3.6.2', '2.3.8' ],
16 silly audit   'blueimp-md5': [ '2.19.0' ],
16 silly audit   'body-parser': [ '1.20.3' ],
16 silly audit   ms: [ '2.0.0', '2.1.3' ],
16 silly audit   boolbase: [ '1.0.0' ],
16 silly audit   'bplist-creator': [ '0.1.0' ],
16 silly audit   'bplist-parser': [ '0.3.2', '0.3.1' ],
16 silly audit   braces: [ '3.0.3' ],
16 silly audit   browserslist: [ '4.24.5' ],
16 silly audit   bser: [ '2.1.1' ],
16 silly audit   buffer: [ '5.7.1' ],
16 silly audit   'buffer-alloc': [ '1.2.0' ],
16 silly audit   'buffer-alloc-unsafe': [ '1.1.0' ],
16 silly audit   'buffer-fill': [ '1.0.0' ],
16 silly audit   'buffer-from': [ '1.1.2' ],
16 silly audit   builtins: [ '1.0.3' ],
16 silly audit   bytes: [ '3.1.2' ],
16 silly audit   cacache: [ '15.3.0' ],
16 silly audit   'lru-cache': [ '6.0.0', '5.1.1', '10.4.3' ],
16 silly audit   yallist: [ '4.0.0', '3.1.1' ],
16 silly audit   'call-bind': [ '1.0.8' ],
16 silly audit   'call-bind-apply-helpers': [ '1.0.2' ],
16 silly audit   'call-bound': [ '1.0.4' ],
16 silly audit   'caller-callsite': [ '2.0.0' ],
16 silly audit   'caller-path': [ '2.0.0' ],
16 silly audit   callsites: [ '2.0.0' ],
16 silly audit   camelcase: [ '6.3.0', '5.3.1' ],
16 silly audit   'caniuse-lite': [ '1.0.30001718' ],
16 silly audit   charenc: [ '0.0.2' ],
16 silly audit   chownr: [ '2.0.0' ],
16 silly audit   'ci-info': [ '3.9.0', '2.0.0' ],
16 silly audit   'clean-stack': [ '2.2.0' ],
16 silly audit   'cli-spinners': [ '2.9.2' ],
16 silly audit   cliui: [ '6.0.0', '8.0.1', '7.0.4' ],
16 silly audit   clone: [ '2.1.2', '1.0.4' ],
16 silly audit   'clone-deep': [ '4.0.1', '2.0.2' ],
16 silly audit   color: [ '4.2.3', '3.2.1' ],
16 silly audit   'color-string': [ '1.9.1' ],
16 silly audit   colorette: [ '1.4.0' ],
16 silly audit   'combined-stream': [ '1.0.8' ],
16 silly audit   'command-exists': [ '1.2.9' ],
16 silly audit   commondir: [ '1.0.1' ],
16 silly audit   'compare-versions': [ '3.6.0' ],
16 silly audit   'component-type': [ '1.2.2' ],
16 silly audit   compressible: [ '2.0.18' ],
16 silly audit   compression: [ '1.8.0' ],
16 silly audit   negotiator: [ '0.6.4', '0.6.3' ],
16 silly audit   'concat-map': [ '0.0.1' ],
16 silly audit   connect: [ '3.7.0' ],
16 silly audit   'content-type': [ '1.0.5' ],
16 silly audit   'convert-source-map': [ '2.0.0' ],
16 silly audit   'core-js-compat': [ '3.42.0' ],
16 silly audit   'core-util-is': [ '1.0.3' ],
16 silly audit   cosmiconfig: [ '5.2.1' ],
16 silly audit   'cross-fetch': [ '3.2.0' ],
16 silly audit   crypt: [ '0.0.2' ],
16 silly audit   'css-select': [ '5.1.0' ],
16 silly audit   'css-tree': [ '1.1.3' ],
16 silly audit   'css-what': [ '6.1.0' ],
16 silly audit   'dag-map': [ '1.0.2' ],
16 silly audit   'data-view-buffer': [ '1.0.2' ],
16 silly audit   'data-view-byte-length': [ '1.0.2' ],
16 silly audit   'data-view-byte-offset': [ '1.0.1' ],
16 silly audit   dayjs: [ '1.11.13' ],
16 silly audit   decamelize: [ '1.2.0' ],
16 silly audit   'decode-uri-component': [ '0.2.2' ],
16 silly audit   'deep-extend': [ '0.6.0' ],
16 silly audit   deepmerge: [ '3.3.0' ],
16 silly audit   'default-gateway': [ '4.2.0' ],
16 silly audit   defaults: [ '1.0.4' ],
16 silly audit   'define-data-property': [ '1.1.4' ],
16 silly audit   'define-lazy-prop': [ '2.0.0' ],
16 silly audit   'define-properties': [ '1.2.1' ],
16 silly audit   del: [ '6.1.1' ],
16 silly audit   'delayed-stream': [ '1.0.0' ],
16 silly audit   denodeify: [ '1.2.1' ],
16 silly audit   depd: [ '2.0.0' ],
16 silly audit   'deprecated-react-native-prop-types': [ '3.0.2' ],
16 silly audit   destroy: [ '1.2.0' ],
16 silly audit   'dir-glob': [ '3.0.1' ],
16 silly audit   'dom-serializer': [ '2.0.0' ],
16 silly audit   domelementtype: [ '2.3.0' ],
16 silly audit   domhandler: [ '5.0.3' ],
16 silly audit   domutils: [ '3.2.2' ],
16 silly audit   'dunder-proto': [ '1.0.1' ],
16 silly audit   eastasianwidth: [ '0.2.0' ],
16 silly audit   'ee-first': [ '1.1.1' ],
16 silly audit   'electron-to-chromium': [ '1.5.159' ],
16 silly audit   encodeurl: [ '1.0.2', '2.0.0' ],
16 silly audit   'end-of-stream': [ '1.4.4' ],
16 silly audit   entities: [ '4.5.0' ],
16 silly audit   'env-editor': [ '0.4.2' ],
16 silly audit   envinfo: [ '7.14.0' ],
16 silly audit   'error-ex': [ '1.3.2' ],
16 silly audit   'error-stack-parser': [ '2.1.4' ],
16 silly audit   errorhandler: [ '1.5.1' ],
16 silly audit   'es-abstract': [ '1.23.10' ],
16 silly audit   'es-define-property': [ '1.0.1' ],
16 silly audit   'es-errors': [ '1.3.0' ],
16 silly audit   'es-object-atoms': [ '1.1.1' ],
16 silly audit   'es-set-tostringtag': [ '2.1.0' ],
16 silly audit   'es-to-primitive': [ '1.3.0' ],
16 silly audit   escalade: [ '3.2.0' ],
16 silly audit   'escape-html': [ '1.0.3' ],
16 silly audit   esprima: [ '4.0.1' ],
16 silly audit   esutils: [ '2.0.3' ],
16 silly audit   etag: [ '1.8.1' ],
16 silly audit   'event-target-shim': [ '5.0.1' ],
16 silly audit   'exec-async': [ '2.2.0' ],
16 silly audit   execa: [ '1.0.0' ],
16 silly audit   expo: [ '48.0.21' ],
16 silly audit   'expo-application': [ '5.1.1', '5.5.0' ],
16 silly audit   'expo-asset': [ '8.9.2' ],
16 silly audit   'expo-constants': [ '14.3.0', '14.2.1', '15.1.0' ],
16 silly audit   'expo-file-system': [ '15.3.0', '15.2.2' ],
16 silly audit   'expo-checkbox': [ '4.1.4' ],
16 silly audit   'expo-font': [ '13.3.1', '11.1.1' ],
16 silly audit   'expo-keep-awake': [ '12.0.1' ],
16 silly audit   'expo-localization': [ '16.1.5' ],
16 silly audit   'expo-modules-autolinking': [ '1.2.0' ],
16 silly audit   'expo-modules-core': [ '1.2.7' ],
16 silly audit   'expo-notifications': [ '0.24.2' ],
16 silly audit   xml2js: [ '0.6.0', '0.4.23' ],
16 silly audit   xmlbuilder: [ '11.0.1', '15.1.1', '14.0.0' ],
16 silly audit   'expo-status-bar': [ '2.2.3' ],
16 silly audit   'fast-deep-equal': [ '3.1.3' ],
16 silly audit   'fast-glob': [ '3.3.3' ],
16 silly audit   'fast-xml-parser': [ '4.5.3' ],
16 silly audit   fastq: [ '1.19.1' ],
16 silly audit   'fb-watchman': [ '2.0.2' ],
16 silly audit   fbemitter: [ '3.0.0' ],
16 silly audit   fbjs: [ '3.0.5' ],
16 silly audit   'fbjs-css-vars': [ '1.0.2' ],
16 silly audit   'fetch-retry': [ '4.1.1' ],
16 silly audit   'fill-range': [ '7.1.1' ],
16 silly audit   'filter-obj': [ '1.1.0' ],
16 silly audit   finalhandler: [ '1.1.2' ],
16 silly audit   'on-finished': [ '2.3.0', '2.4.1' ],
16 silly audit   'find-babel-config': [ '1.2.2' ],
16 silly audit   json5: [ '1.0.2', '2.2.3' ],
16 silly audit   'find-cache-dir': [ '2.1.0' ],
16 silly audit   'find-yarn-workspace-root': [ '2.0.0' ],
16 silly audit   'flow-parser': [ '0.185.2' ],
16 silly audit   'follow-redirects': [ '1.15.9' ],
16 silly audit   fontfaceobserver: [ '2.3.0' ],
16 silly audit   'for-each': [ '0.3.5' ],
16 silly audit   'for-in': [ '1.0.2', '0.1.8' ],
16 silly audit   'for-own': [ '1.0.0' ],
16 silly audit   'foreground-child': [ '3.3.1' ],
16 silly audit   'signal-exit': [ '4.1.0', '3.0.7' ],
16 silly audit   'freeport-async': [ '2.0.0' ],
16 silly audit   fresh: [ '0.5.2' ],
16 silly audit   'fs-minipass': [ '2.1.0' ],
16 silly audit   'fs.realpath': [ '1.0.0' ],
16 silly audit   fsevents: [ '2.3.3' ],
16 silly audit   'function-bind': [ '1.1.2' ],
16 silly audit   'function.prototype.name': [ '1.1.8' ],
16 silly audit   'functions-have-names': [ '1.2.3' ],
16 silly audit   gensync: [ '1.0.0-beta.2' ],
16 silly audit   'get-caller-file': [ '2.0.5' ],
16 silly audit   'get-intrinsic': [ '1.3.0' ],
16 silly audit   'get-proto': [ '1.0.1' ],
16 silly audit   'get-stream': [ '4.1.0' ],
16 silly audit   'get-symbol-description': [ '1.1.0' ],
16 silly audit   getenv: [ '1.0.0' ],
16 silly audit   'glob-parent': [ '5.1.2' ],
16 silly audit   globals: [ '11.12.0' ],
16 silly audit   globalthis: [ '1.0.4' ],
16 silly audit   globby: [ '11.1.0' ],
16 silly audit   gopd: [ '1.2.0' ],
16 silly audit   'graceful-fs': [ '4.2.11' ],
16 silly audit   graphql: [ '15.8.0' ],
16 silly audit   'graphql-tag': [ '2.12.6' ],
16 silly audit   'has-bigints': [ '1.1.0' ],
16 silly audit   'has-property-descriptors': [ '1.0.2' ],
16 silly audit   'has-proto': [ '1.2.0' ],
16 silly audit   'has-symbols': [ '1.1.0' ],
16 silly audit   'has-tostringtag': [ '1.0.2' ],
16 silly audit   hasown: [ '2.0.2' ],
16 silly audit   'hermes-estree': [ '0.8.0' ],
16 silly audit   'hermes-parser': [ '0.8.0' ],
16 silly audit   'hermes-profile-transformer': [ '0.0.6' ],
16 silly audit   'hoist-non-react-statics': [ '3.3.2' ],
16 silly audit   'hosted-git-info': [ '3.0.8' ],
16 silly audit   'http-errors': [ '2.0.0' ],
16 silly audit   statuses: [ '2.0.1', '1.5.0' ],
16 silly audit   'https-proxy-agent': [ '5.0.1' ],
16 silly audit   'iconv-lite': [ '0.4.24' ],
16 silly audit   ieee754: [ '1.2.1' ],
16 silly audit   ignore: [ '5.3.2' ],
16 silly audit   'image-size': [ '0.6.3' ],
16 silly audit   'import-fresh': [ '2.0.0' ],
16 silly audit   'resolve-from': [ '3.0.0', '5.0.0' ],
16 silly audit   imurmurhash: [ '0.1.4' ],
16 silly audit   'indent-string': [ '4.0.0' ],
16 silly audit   'infer-owner': [ '1.0.4' ],
16 silly audit   inflight: [ '1.0.6' ],
16 silly audit   inherits: [ '2.0.4' ],
16 silly audit   ini: [ '1.3.8' ],
16 silly audit   'internal-ip': [ '4.3.0' ],
16 silly audit   'internal-slot': [ '1.1.0' ],
16 silly audit   invariant: [ '2.2.4' ],
16 silly audit   'ip-regex': [ '2.1.0' ],
16 silly audit   'ipaddr.js': [ '1.9.1' ],
16 silly audit   'is-arguments': [ '1.2.0' ],
16 silly audit   'is-array-buffer': [ '3.0.5' ],
16 silly audit   'is-arrayish': [ '0.2.1', '0.3.2' ],
16 silly audit   'is-async-function': [ '2.1.1' ],
16 silly audit   'is-bigint': [ '1.1.0' ],
16 silly audit   'is-boolean-object': [ '1.2.2' ],
16 silly audit   'is-buffer': [ '1.1.6' ],
16 silly audit   'is-callable': [ '1.2.7' ],
16 silly audit   'is-core-module': [ '2.16.1' ],
16 silly audit   'is-data-view': [ '1.0.2' ],
16 silly audit   'is-date-object': [ '1.1.0' ],
16 silly audit   'is-directory': [ '0.3.1' ],
16 silly audit   'is-docker': [ '2.2.1' ],
16 silly audit   'is-extendable': [ '0.1.1' ],
16 silly audit   'is-extglob': [ '2.1.1', '1.0.0' ],
16 silly audit   'is-finalizationregistry': [ '1.1.1' ],
16 silly audit   'is-fullwidth-code-point': [ '2.0.0', '3.0.0' ],
16 silly audit   'is-generator-function': [ '1.1.0' ],
16 silly audit   'is-glob': [ '4.0.3', '2.0.1' ],
16 silly audit   'is-interactive': [ '1.0.0' ],
16 silly audit   'is-invalid-path': [ '0.1.0' ],
16 silly audit   'is-map': [ '2.0.3' ],
16 silly audit   'is-nan': [ '1.3.2' ],
16 silly audit   'is-number': [ '7.0.0' ],
16 silly audit   'is-number-object': [ '1.1.1' ],
16 silly audit   'is-path-cwd': [ '2.2.0' ],
16 silly audit   'is-path-inside': [ '3.0.3' ],
16 silly audit   'is-plain-obj': [ '2.1.0' ],
16 silly audit   'is-plain-object': [ '2.0.4' ],
16 silly audit   'is-regex': [ '1.2.1' ],
16 silly audit   'is-root': [ '2.1.0' ],
16 silly audit   'is-set': [ '2.0.3' ],
16 silly audit   'is-shared-array-buffer': [ '1.0.4' ],
16 silly audit   'is-stream': [ '1.1.0', '2.0.1' ],
16 silly audit   'is-string': [ '1.1.1' ],
16 silly audit   'is-symbol': [ '1.1.1' ],
16 silly audit   'is-typed-array': [ '1.1.15' ],
16 silly audit   'is-unicode-supported': [ '0.1.0' ],
16 silly audit   'is-valid-path': [ '0.1.1' ],
16 silly audit   'is-weakmap': [ '2.0.2' ],
16 silly audit   'is-weakref': [ '1.1.1' ],
16 silly audit   'is-weakset': [ '2.0.4' ],
16 silly audit   isarray: [ '1.0.0', '2.0.5' ],
16 silly audit   isexe: [ '2.0.0' ],
16 silly audit   isobject: [ '3.0.1' ],
16 silly audit   jackspeak: [ '3.4.3' ],
16 silly audit   'jest-environment-node': [ '29.7.0' ],
16 silly audit   'jest-get-type': [ '26.3.0' ],
16 silly audit   'jest-message-util': [ '29.7.0' ],
16 silly audit   'pretty-format': [ '29.7.0', '26.6.2' ],
16 silly audit   'react-is': [ '18.3.1', '17.0.2', '16.13.1' ],
16 silly audit   'jest-mock': [ '29.7.0' ],
16 silly audit   'jest-regex-util': [ '27.5.1' ],
16 silly audit   'jest-serializer': [ '27.5.1' ],
16 silly audit   'jest-util': [ '29.7.0', '27.5.1' ],
16 silly audit   'jest-validate': [ '26.6.2' ],
16 silly audit   'jest-worker': [ '27.5.1' ],
16 silly audit   'jimp-compact': [ '0.16.1' ],
16 silly audit   joi: [ '17.13.3' ],
16 silly audit   'join-component': [ '1.1.0' ],
16 silly audit   'js-tokens': [ '4.0.0' ],
16 silly audit   'jsc-android': [ '250231.0.0' ],
16 silly audit   'jsc-safe-url': [ '0.2.4' ],
16 silly audit   jscodeshift: [ '0.14.0' ],
16 silly audit   rimraf: [ '2.6.3', '2.4.5', '3.0.2', '2.2.8' ],
16 silly audit   temp: [ '0.8.4', '0.8.3' ],
16 silly audit   jsesc: [ '3.1.0', '3.0.2' ],
16 silly audit   'json-parse-better-errors': [ '1.0.2' ],
16 silly audit   'json-schema-deref-sync': [ '0.13.0' ],
16 silly audit   md5: [ '2.2.1', '2.3.0' ],
16 silly audit   'kind-of': [ '6.0.3', '5.1.0' ],
16 silly audit   kleur: [ '3.0.3' ],
16 silly audit   leven: [ '3.1.0' ],
16 silly audit   'lines-and-columns': [ '1.2.4' ],
16 silly audit   lodash: [ '4.17.21' ],
16 silly audit   'lodash.debounce': [ '4.0.8' ],
16 silly audit   'lodash.throttle': [ '4.1.1' ],
16 silly audit   logkitty: [ '0.7.1' ],
16 silly audit   'loose-envify': [ '1.4.0' ],
16 silly audit   'make-dir': [ '2.1.0' ],
16 silly audit   makeerror: [ '1.0.12' ],
16 silly audit   'math-intrinsics': [ '1.1.0' ],
16 silly audit   'md5-file': [ '3.2.3' ],
16 silly audit   md5hex: [ '1.0.0' ],
16 silly audit   'mdn-data': [ '2.0.14' ],
16 silly audit   'media-typer': [ '0.3.0' ],
16 silly audit   'memoize-one': [ '5.2.1' ],
16 silly audit   'memory-cache': [ '0.2.0' ],
16 silly audit   'merge-options': [ '3.0.4' ],
16 silly audit   'merge-stream': [ '2.0.0' ],
16 silly audit   merge2: [ '1.4.1' ],
16 silly audit   metro: [ '0.73.10' ],
16 silly audit   'metro-babel-transformer': [ '0.73.10', '0.73.9' ],
16 silly audit   'metro-cache': [ '0.73.10' ],
16 silly audit   'metro-cache-key': [ '0.73.10' ],
16 silly audit   'metro-config': [ '0.73.10' ],
16 silly audit   'metro-core': [ '0.73.10' ],
16 silly audit   'metro-file-map': [ '0.73.10' ],
16 silly audit   'metro-hermes-compiler': [ '0.73.10' ],
16 silly audit   'metro-inspector-proxy': [ '0.73.10' ],
16 silly audit   y18n: [ '5.0.8', '4.0.3' ],
16 silly audit   yargs: [ '17.7.2', '16.2.0', '15.4.1' ],
16 silly audit   'yargs-parser': [ '21.1.1', '20.2.9', '18.1.3' ],
16 silly audit   'metro-minify-terser': [ '0.73.10' ],
16 silly audit   'metro-minify-uglify': [ '0.73.10' ],
16 silly audit   'metro-resolver': [ '0.73.10' ],
16 silly audit   'metro-symbolicate': [ '0.73.9', '0.73.10' ],
16 silly audit   'metro-transform-plugins': [ '0.73.10' ],
16 silly audit   'metro-transform-worker': [ '0.73.10' ],
16 silly audit   'serialize-error': [ '2.1.0', '6.0.0' ],
16 silly audit   micromatch: [ '4.0.8' ],
16 silly audit   mime: [ '2.6.0', '1.6.0' ],
16 silly audit   'mime-db': [ '1.52.0' ],
16 silly audit   'mime-types': [ '2.1.35' ],
16 silly audit   minimist: [ '1.2.8' ],
16 silly audit   'minipass-collect': [ '1.0.2' ],
16 silly audit   'minipass-flush': [ '1.0.5' ],
16 silly audit   'minipass-pipeline': [ '1.2.4' ],
16 silly audit   minizlib: [ '2.1.2' ],
16 silly audit   'mixin-object': [ '2.0.1' ],
16 silly audit   mkdirp: [ '1.0.4', '0.5.6' ],
16 silly audit   moment: [ '2.30.1' ],
16 silly audit   mv: [ '2.1.1' ],
16 silly audit   mz: [ '2.7.0' ],
16 silly audit   nanoid: [ '3.3.11' ],
16 silly audit   ncp: [ '2.0.0' ],
16 silly audit   'neo-async': [ '2.6.2' ],
16 silly audit   'nested-error-stacks': [ '2.0.1' ],
16 silly audit   'nice-try': [ '1.0.5' ],
16 silly audit   nocache: [ '3.0.4' ],
16 silly audit   'node-cron': [ '4.0.7' ],
16 silly audit   'node-dir': [ '0.1.17' ],
16 silly audit   'node-fetch': [ '2.7.0' ],
16 silly audit   'node-forge': [ '1.3.1' ],
16 silly audit   'node-int64': [ '0.4.0' ],
16 silly audit   'node-releases': [ '2.0.19' ],
16 silly audit   'node-stream-zip': [ '1.15.0' ],
16 silly audit   'normalize-path': [ '3.0.0' ],
16 silly audit   'npm-package-arg': [ '7.0.0' ],
16 silly audit   'npm-run-path': [ '2.0.2' ],
16 silly audit   'nth-check': [ '2.1.1' ],
16 silly audit   nullthrows: [ '1.1.1' ],
16 silly audit   'object-assign': [ '4.1.1' ],
16 silly audit   'object-inspect': [ '1.13.4' ],
16 silly audit   'object-is': [ '1.1.6' ],
16 silly audit   'object-keys': [ '1.1.1' ],
16 silly audit   'object.assign': [ '4.1.7' ],
16 silly audit   'on-headers': [ '1.0.2' ],
16 silly audit   once: [ '1.4.0' ],
16 silly audit   'opencollective-postinstall': [ '2.0.3' ],
16 silly audit   'os-homedir': [ '1.0.2' ],
16 silly audit   'os-tmpdir': [ '1.0.2' ],
16 silly audit   osenv: [ '0.1.5' ],
16 silly audit   'own-keys': [ '1.0.1' ],
16 silly audit   'p-finally': [ '1.0.0' ],
16 silly audit   'p-map': [ '4.0.0' ],
16 silly audit   'p-try': [ '2.2.0' ],
16 silly audit   'package-json-from-dist': [ '1.0.1' ],
16 silly audit   'parse-json': [ '4.0.0' ],
16 silly audit   'parse-png': [ '2.1.0' ],
16 silly audit   parseurl: [ '1.3.3' ],
16 silly audit   'path-browserify': [ '1.0.1' ],
16 silly audit   'path-is-absolute': [ '1.0.1' ],
16 silly audit   'path-parse': [ '1.0.7' ],
16 silly audit   'path-scurry': [ '1.11.1' ],
16 silly audit   'path-type': [ '4.0.0' ],
16 silly audit   'paths-js': [ '0.4.11' ],
16 silly audit   picocolors: [ '1.1.1' ],
16 silly audit   picomatch: [ '2.3.1' ],
16 silly audit   pify: [ '4.0.1' ],
16 silly audit   pirates: [ '4.0.7' ],
16 silly audit   'pkg-dir': [ '3.0.0' ],
16 silly audit   'pkg-up': [ '3.1.0' ],
16 silly audit   plist: [ '3.1.0' ],
16 silly audit   pngjs: [ '3.4.0' ],
16 silly audit   'point-in-polygon': [ '1.1.0' ],
16 silly audit   'possible-typed-array-names': [ '1.1.0' ],
16 silly audit   'pretty-bytes': [ '5.6.0' ],
16 silly audit   'process-nextick-args': [ '2.0.1' ],
16 silly audit   progress: [ '2.0.3' ],
16 silly audit   promise: [ '7.3.1', '8.3.0' ],
16 silly audit   'promise-inflight': [ '1.0.1' ],
16 silly audit   prompts: [ '2.4.2' ],
16 silly audit   'prop-types': [ '15.8.1' ],
16 silly audit   'proxy-from-env': [ '1.1.0' ],
16 silly audit   pump: [ '3.0.2' ],
16 silly audit   'qrcode-terminal': [ '0.11.0' ],
16 silly audit   qs: [ '6.13.0' ],
16 silly audit   'query-string': [ '7.1.3' ],
16 silly audit   querystringify: [ '2.2.0' ],
16 silly audit   'queue-microtask': [ '1.2.3' ],
16 silly audit   'range-parser': [ '1.2.1' ],
16 silly audit   'raw-body': [ '2.5.2' ],
16 silly audit   rc: [ '1.2.8' ],
16 silly audit   react: [ '18.2.0' ],
16 silly audit   'react-devtools-core': [ '4.28.5' ],
16 silly audit   'react-freeze': [ '1.0.4' ],
16 silly audit   'react-native': [ '0.71.8' ],
16 silly audit   'react-native-animatable': [ '1.4.0' ],
16 silly audit   'react-native-calendars': [ '1.1312.1' ],
16 silly audit   'react-native-safe-area-context': [ '4.5.0', '5.4.1' ],
16 silly audit   'react-native-chart-kit': [ '6.12.0' ],
16 silly audit   'react-native-codegen': [ '0.71.6' ],
16 silly audit   'react-native-dropdown-picker': [ '5.4.6' ],
16 silly audit   'react-native-dropdown-select-list': [ '2.0.5' ],
16 silly audit   'react-native-edge-to-edge': [ '1.6.0' ],
16 silly audit   'react-native-gesture-handler': [ '2.25.0' ],
16 silly audit   'react-native-gradle-plugin': [ '0.71.19' ],
16 silly audit   'react-native-iphone-x-helper': [ '1.3.1' ],
16 silly audit   'react-native-is-edge-to-edge': [ '1.1.7' ],
16 silly audit   'react-native-keyboard-aware-scroll-view': [ '0.9.5' ],
16 silly audit   'react-native-paper': [ '5.14.5' ],
16 silly audit   'react-native-screens': [ '4.11.1' ],
16 silly audit   'react-native-select-dropdown': [ '4.0.1' ],
16 silly audit   'react-native-status-bar-height': [ '2.6.0' ],
16 silly audit   'react-native-svg': [ '15.12.0' ],
16 silly audit   'react-native-swipe-gestures': [ '1.0.5' ],
16 silly audit   'react-native-vector-icons': [ '10.2.0' ],
16 silly audit   'react-refresh': [ '0.4.3' ],
16 silly audit   'react-shallow-renderer': [ '16.15.0' ],
16 silly audit   'safe-buffer': [ '5.1.2', '5.2.1' ],
16 silly audit   readline: [ '1.3.0' ],
16 silly audit   recast: [ '0.21.5' ],
16 silly audit   recyclerlistview: [ '4.2.3' ],
16 silly audit   'reflect.getprototypeof': [ '1.0.10' ],
16 silly audit   regenerate: [ '1.4.2' ],
16 silly audit   'regenerate-unicode-properties': [ '10.2.0' ],
16 silly audit   'regenerator-runtime': [ '0.13.11' ],
16 silly audit   'regexp.prototype.flags': [ '1.5.4' ],
16 silly audit   'regexpu-core': [ '6.2.0' ],
16 silly audit   regjsgen: [ '0.8.0' ],
16 silly audit   regjsparser: [ '0.12.0' ],
16 silly audit   'remove-trailing-slash': [ '0.1.1' ],
16 silly audit   'require-directory': [ '2.1.1' ],
16 silly audit   'require-from-string': [ '2.0.2' ],
16 silly audit   'require-main-filename': [ '2.0.0' ],
16 silly audit   requireg: [ '0.2.2' ],
16 silly audit   resolve: [ '1.7.1', '1.22.10' ],
16 silly audit   'requires-port': [ '1.0.0' ],
16 silly audit   reselect: [ '4.1.8' ],
16 silly audit   reusify: [ '1.1.0' ],
16 silly audit   'rtl-detect': [ '1.1.2' ],
16 silly audit   'run-parallel': [ '1.2.0' ],
16 silly audit   'safe-array-concat': [ '1.1.3' ],
16 silly audit   'safe-json-stringify': [ '1.2.0' ],
16 silly audit   'safe-push-apply': [ '1.0.0' ],
16 silly audit   'safe-regex-test': [ '1.1.0' ],
16 silly audit   'safer-buffer': [ '2.1.2' ],
16 silly audit   sax: [ '1.4.1' ],
16 silly audit   scheduler: [ '0.23.2' ],
16 silly audit   send: [ '0.18.0', '0.19.0' ],
16 silly audit   'serve-static': [ '1.16.2' ],
16 silly audit   'set-blocking': [ '2.0.0' ],
16 silly audit   'set-function-length': [ '1.2.2' ],
16 silly audit   'set-function-name': [ '2.0.2' ],
16 silly audit   'set-proto': [ '1.0.0' ],
16 silly audit   setimmediate: [ '1.0.5' ],
16 silly audit   setprototypeof: [ '1.2.0' ],
16 silly audit   'shallow-clone': [ '3.0.1', '1.0.0' ],
16 silly audit   'shell-quote': [ '1.8.2' ],
16 silly audit   'side-channel': [ '1.1.0' ],
16 silly audit   'side-channel-list': [ '1.0.0' ],
16 silly audit   'side-channel-map': [ '1.0.1' ],
16 silly audit   'side-channel-weakmap': [ '1.0.2' ],
16 silly audit   'simple-plist': [ '1.3.1' ],
16 silly audit   'simple-swizzle': [ '0.2.2' ],
16 silly audit   sisteransi: [ '1.0.5' ],
16 silly audit   slash: [ '3.0.0' ],
16 silly audit   'slice-ansi': [ '2.1.0' ],
16 silly audit   slugify: [ '1.6.6' ],
16 silly audit   'source-map-support': [ '0.5.21' ],
16 silly audit   split: [ '1.0.1' ],
16 silly audit   'split-on-first': [ '1.1.0' ],
16 silly audit   'sprintf-js': [ '1.0.3' ],
16 silly audit   ssri: [ '8.0.1' ],
16 silly audit   'stack-utils': [ '2.0.6' ],
16 silly audit   stackframe: [ '1.3.4' ],
16 silly audit   'stacktrace-parser': [ '0.1.11' ],
16 silly audit   'stream-buffers': [ '2.2.0' ],
16 silly audit   'strict-uri-encode': [ '2.0.0' ],
16 silly audit   string_decoder: [ '1.1.1' ],
16 silly audit   'string.prototype.trim': [ '1.2.10' ],
16 silly audit   'string.prototype.trimend': [ '1.0.9' ],
16 silly audit   'string.prototype.trimstart': [ '1.0.8' ],
16 silly audit   'strip-eof': [ '1.0.0' ],
16 silly audit   'strip-json-comments': [ '2.0.1' ],
16 silly audit   strnum: [ '1.1.2' ],
16 silly audit   'structured-headers': [ '0.4.1' ],
16 silly audit   sucrase: [ '3.35.0' ],
16 silly audit   'sudo-prompt': [ '9.1.1' ],
16 silly audit   superstruct: [ '0.6.2' ],
16 silly audit   'supports-hyperlinks': [ '2.3.0' ],
16 silly audit   'supports-preserve-symlinks-flag': [ '1.0.0' ],
16 silly audit   tar: [ '6.2.1' ],
16 silly audit   'terminal-link': [ '2.1.1' ],
16 silly audit   terser: [ '5.40.0' ],
16 silly audit   'text-table': [ '0.2.0' ],
16 silly audit   thenify: [ '3.3.1' ],
16 silly audit   'thenify-all': [ '1.6.0' ],
16 silly audit   throat: [ '5.0.0' ],
16 silly audit   through: [ '2.3.8' ],
16 silly audit   through2: [ '2.0.5' ],
16 silly audit   tmpl: [ '1.0.5' ],
16 silly audit   'to-regex-range': [ '5.0.1' ],
16 silly audit   toidentifier: [ '1.0.1' ],
16 silly audit   tr46: [ '0.0.3' ],
16 silly audit   traverse: [ '0.6.11' ],
16 silly audit   'ts-interface-checker': [ '0.1.13' ],
16 silly audit   'ts-object-utils': [ '0.0.5' ],
16 silly audit   tslib: [ '2.8.1' ],
16 silly audit   'type-detect': [ '4.0.8' ],
16 silly audit   'type-is': [ '1.6.18' ],
16 silly audit   'typed-array-buffer': [ '1.0.3' ],
16 silly audit   'typed-array-byte-length': [ '1.0.3' ],
16 silly audit   'typed-array-byte-offset': [ '1.0.4' ],
16 silly audit   'typed-array-length': [ '1.0.7' ],
16 silly audit   'typedarray.prototype.slice': [ '1.0.5' ],
16 silly audit   'ua-parser-js': [ '1.0.40' ],
16 silly audit   'uglify-es': [ '3.3.10' ],
16 silly audit   'unbox-primitive': [ '1.1.0' ],
16 silly audit   'undici-types': [ '6.21.0' ],
16 silly audit   'unicode-canonical-property-names-ecmascript': [ '2.0.1' ],
16 silly audit   'unicode-match-property-ecmascript': [ '2.0.0' ],
16 silly audit   'unicode-match-property-value-ecmascript': [ '2.2.0' ],
16 silly audit   'unicode-property-aliases-ecmascript': [ '2.1.0' ],
16 silly audit   'unique-filename': [ '1.1.1' ],
16 silly audit   'unique-slug': [ '2.0.2' ],
16 silly audit   unpipe: [ '1.0.0' ],
16 silly audit   'update-browserslist-db': [ '1.1.3' ],
16 silly audit   'url-join': [ '4.0.0' ],
16 silly audit   'url-parse': [ '1.5.10' ],
16 silly audit   'use-latest-callback': [ '0.2.3' ],
16 silly audit   'use-sync-external-store': [ '1.5.0' ],
16 silly audit   util: [ '0.12.5' ],
16 silly audit   'util-deprecate': [ '1.0.2' ],
16 silly audit   'utils-merge': [ '1.0.1' ],
16 silly audit   'valid-url': [ '1.0.9' ],
16 silly audit   'validate-npm-package-name': [ '3.0.0' ],
16 silly audit   vary: [ '1.1.2' ],
16 silly audit   vlq: [ '1.0.1' ],
16 silly audit   walker: [ '1.0.8' ],
16 silly audit   'warn-once': [ '0.1.1' ],
16 silly audit   wcwidth: [ '1.0.1' ],
16 silly audit   'webidl-conversions': [ '3.0.1' ],
16 silly audit   'whatwg-fetch': [ '3.6.20' ],
16 silly audit   'whatwg-url': [ '5.0.0' ],
16 silly audit   'which-boxed-primitive': [ '1.1.1' ],
16 silly audit   'which-builtin-type': [ '1.2.1' ],
16 silly audit   'which-collection': [ '1.0.2' ],
16 silly audit   'which-module': [ '2.0.1' ],
16 silly audit   'which-typed-array': [ '1.1.19' ],
16 silly audit   wonka: [ '4.0.15' ],
16 silly audit   wrappy: [ '1.0.2' ],
16 silly audit   'write-file-atomic': [ '2.4.3' ],
16 silly audit   xcode: [ '3.0.1' ],
16 silly audit   xdate: [ '0.8.3' ],
16 silly audit   xtend: [ '4.0.2' ],
16 silly audit   'yocto-queue': [ '0.1.0' ]
16 silly audit }
17 http fetch POST 200 https://registry.npmjs.org/-/npm/v1/security/advisories/bulk 1408ms
18 silly audit report {
18 silly audit report   semver: [
18 silly audit report     {
18 silly audit report       id: 1101088,
18 silly audit report       url: 'https://github.com/advisories/GHSA-c2qf-rxjj-qqgw',
18 silly audit report       title: 'semver vulnerable to Regular Expression Denial of Service',
18 silly audit report       severity: 'high',
18 silly audit report       vulnerable_versions: '>=7.0.0 <7.5.2',
18 silly audit report       cwe: [Array],
18 silly audit report       cvss: [Object]
18 silly audit report     }
18 silly audit report   ],
18 silly audit report   xml2js: [
18 silly audit report     {
18 silly audit report       id: 1096693,
18 silly audit report       url: 'https://github.com/advisories/GHSA-776f-qx25-q3cc',
18 silly audit report       title: 'xml2js is vulnerable to prototype pollution',
18 silly audit report       severity: 'moderate',
18 silly audit report       vulnerable_versions: '<0.5.0',
18 silly audit report       cwe: [Array],
18 silly audit report       cvss: [Object]
18 silly audit report     }
18 silly audit report   ],
18 silly audit report   send: [
18 silly audit report     {
18 silly audit report       id: 1100526,
18 silly audit report       url: 'https://github.com/advisories/GHSA-m6fv-jmcg-4jfg',
18 silly audit report       title: 'send vulnerable to template injection that can lead to XSS',
18 silly audit report       severity: 'low',
18 silly audit report       vulnerable_versions: '<0.19.0',
18 silly audit report       cwe: [Array],
18 silly audit report       cvss: [Object]
18 silly audit report     }
18 silly audit report   ]
18 silly audit report }
19 silly packumentCache corgi:https://registry.npmjs.org/semver cache-miss
20 silly packumentCache corgi:https://registry.npmjs.org/xml2js cache-miss
21 silly packumentCache corgi:https://registry.npmjs.org/send cache-miss
22 http fetch GET 200 https://registry.npmjs.org/xml2js 30ms (cache hit)
23 silly packumentCache corgi:https://registry.npmjs.org/xml2js set size:38207 disposed:false
24 http fetch GET 200 https://registry.npmjs.org/semver 32ms (cache hit)
25 silly packumentCache corgi:https://registry.npmjs.org/semver set size:94787 disposed:false
26 http fetch GET 200 https://registry.npmjs.org/send 32ms (cache hit)
27 silly packumentCache corgi:https://registry.npmjs.org/send set size:60926 disposed:false
28 silly packumentCache corgi:https://registry.npmjs.org/@expo%2fconfig cache-miss
29 silly packumentCache corgi:https://registry.npmjs.org/@expo%2fdev-server cache-miss
30 silly packumentCache corgi:https://registry.npmjs.org/@expo%2fimage-utils cache-miss
31 silly packumentCache corgi:https://registry.npmjs.org/@expo%2fprebuild-config cache-miss
32 http fetch GET 200 https://registry.npmjs.org/@expo%2fdev-server 11ms (cache hit)
33 silly packumentCache corgi:https://registry.npmjs.org/@expo%2fdev-server set size:243188 disposed:false
34 http fetch GET 200 https://registry.npmjs.org/@expo%2fconfig 13ms (cache hit)
35 silly packumentCache corgi:https://registry.npmjs.org/@expo%2fconfig set size:423577 disposed:false
36 http fetch GET 200 https://registry.npmjs.org/@expo%2fimage-utils 15ms (cache hit)
37 silly packumentCache corgi:https://registry.npmjs.org/@expo%2fimage-utils set size:175582 disposed:false
38 http fetch GET 200 https://registry.npmjs.org/@expo%2fprebuild-config 18ms (cache hit)
39 silly packumentCache corgi:https://registry.npmjs.org/@expo%2fprebuild-config set size:243270 disposed:false
40 silly packumentCache corgi:https://registry.npmjs.org/@expo%2fconfig-plugins cache-miss
41 http fetch GET 200 https://registry.npmjs.org/@expo%2fconfig-plugins 6ms (cache hit)
42 silly packumentCache corgi:https://registry.npmjs.org/@expo%2fconfig-plugins set size:298505 disposed:false
43 silly packumentCache corgi:https://registry.npmjs.org/@expo%2fcli cache-miss
44 http fetch GET 200 https://registry.npmjs.org/@expo%2fcli 5ms (cache hit)
45 silly packumentCache corgi:https://registry.npmjs.org/@expo%2fcli set size:1013268 disposed:false
46 silly packumentCache corgi:https://registry.npmjs.org/@expo%2fmetro-config cache-miss
47 silly packumentCache corgi:https://registry.npmjs.org/expo cache-miss
48 silly packumentCache corgi:https://registry.npmjs.org/expo-constants cache-miss
49 http fetch GET 200 https://registry.npmjs.org/expo-constants 10ms (cache hit)
50 silly packumentCache corgi:https://registry.npmjs.org/expo-constants set size:187956 disposed:false
51 http fetch GET 200 https://registry.npmjs.org/@expo%2fmetro-config 12ms (cache hit)
52 silly packumentCache corgi:https://registry.npmjs.org/@expo%2fmetro-config set size:386556 disposed:false
53 http fetch GET 200 https://registry.npmjs.org/expo 16ms (cache hit)
54 silly packumentCache corgi:https://registry.npmjs.org/expo set size:1358629 disposed:false
55 silly packumentCache corgi:https://registry.npmjs.org/expo-notifications cache-miss
56 http fetch GET 200 https://registry.npmjs.org/expo-notifications 5ms (cache hit)
57 silly packumentCache corgi:https://registry.npmjs.org/expo-notifications set size:238154 disposed:false
58 silly packumentCache corgi:https://registry.npmjs.org/expo-asset cache-miss
59 http fetch GET 200 https://registry.npmjs.org/expo-asset 17ms (cache hit)
60 silly packumentCache corgi:https://registry.npmjs.org/expo-asset set size:194061 disposed:false
61 silly packumentCache corgi:https://registry.npmjs.org/@react-native-firebase%2fapp cache-miss
62 silly packumentCache corgi:https://registry.npmjs.org/expo-application cache-miss
63 silly packumentCache corgi:https://registry.npmjs.org/expo-file-system cache-miss
64 silly packumentCache corgi:https://registry.npmjs.org/expo-font cache-miss
65 silly packumentCache corgi:https://registry.npmjs.org/expo-keep-awake cache-miss
66 silly packumentCache corgi:https://registry.npmjs.org/expo-localization cache-miss
67 http fetch GET 200 https://registry.npmjs.org/expo-file-system 37ms (cache hit)
68 silly packumentCache corgi:https://registry.npmjs.org/expo-file-system set size:193108 disposed:false
69 http fetch GET 200 https://registry.npmjs.org/@react-native-firebase%2fapp 41ms (cache hit)
70 silly packumentCache corgi:https://registry.npmjs.org/@react-native-firebase%2fapp set size:396088 disposed:false
71 http fetch GET 200 https://registry.npmjs.org/expo-application 44ms (cache hit)
72 silly packumentCache corgi:https://registry.npmjs.org/expo-application set size:101966 disposed:false
73 http fetch GET 200 https://registry.npmjs.org/expo-font 44ms (cache hit)
74 silly packumentCache corgi:https://registry.npmjs.org/expo-font set size:152872 disposed:false
75 http fetch GET 200 https://registry.npmjs.org/expo-localization 45ms (cache hit)
76 silly packumentCache corgi:https://registry.npmjs.org/expo-localization set size:117421 disposed:false
77 http fetch GET 200 https://registry.npmjs.org/expo-keep-awake 48ms (cache hit)
78 silly packumentCache corgi:https://registry.npmjs.org/expo-keep-awake set size:115653 disposed:false
79 verbose cwd e:\HANGAR\HANGAR\HangAR
80 verbose os Windows_NT 10.0.26100
81 verbose node v20.17.0
82 verbose npm  v10.8.3
83 verbose exit 0
84 info ok
