0 verbose cli C:\Program Files\nodejs\node.exe C:\Users\Ranto Liantsoa\AppData\Roaming\npm\node_modules\npm\bin\npm-cli.js
1 info using npm@11.4.1
2 info using node@v20.17.0
3 silly config load:file:C:\Users\Ranto Liantsoa\AppData\Roaming\npm\node_modules\npm\npmrc
4 silly config load:file:E:\HANGAR\HANGAR\HangAR\.npmrc
5 silly config load:file:C:\Users\Ranto Liantsoa\.npmrc
6 silly config load:file:C:\Users\Ranto Liantsoa\AppData\Roaming\npm\etc\npmrc
7 verbose title npm exec expo-doctor
8 verbose argv "exec" "--" "expo-doctor"
9 verbose logfile logs-max:10 dir:E:\HANGAR\HANGAR\HangAR\clean\_logs\2025-05-29T12_42_47_611Z-
10 verbose logfile E:\HANGAR\HANGAR\HangAR\clean\_logs\2025-05-29T12_42_47_611Z-debug-0.log
11 silly logfile start cleaning logs, removing 1 files
12 silly logfile done cleaning log files
13 silly packumentCache heap:2197815296 maxSize:549453824 maxEntrySize:274726912
14 http fetch GET 200 https://registry.npmjs.org/expo-doctor 216ms (cache revalidated)
15 silly packumentCache heap:2197815296 maxSize:549453824 maxEntrySize:274726912
16 silly packumentCache heap:2197815296 maxSize:549453824 maxEntrySize:274726912
17 verbose cwd E:\HANGAR\HANGAR\HangAR
18 verbose os Windows_NT 10.0.26100
19 verbose node v20.17.0
20 verbose npm  v11.4.1
21 verbose exit 1
22 verbose code 1
