0 verbose cli C:\Program Files\nodejs\node.exe C:\Users\Ranto Liantsoa\AppData\Roaming\npm\node_modules\npm\bin\npm-cli.js
1 info using npm@10.8.3
2 info using node@v20.17.0
3 silly config load:file:C:\Users\Ranto Liantsoa\AppData\Roaming\npm\node_modules\npm\npmrc
4 silly config load:file:e:\HANGAR\HANGAR\HangAR\.npmrc
5 silly config load:file:C:\Users\Ranto Liantsoa\.npmrc
6 silly config load:file:e:\HANGAR\HANGAR\HangAR\etc\npmrc
7 verbose title npm ls
8 verbose argv "ls" "--omit" "dev" "--package-lock-only" "--json" "--prefix" "e:/HANGAR/HANGAR/HangAR"
9 verbose logfile logs-max:10 dir:e:\HANGAR\HANGAR\HangAR\clean\_logs\2025-05-28T13_06_41_799Z-
10 verbose logfile e:\HANGAR\HANGAR\HangAR\clean\_logs\2025-05-28T13_06_41_799Z-debug-0.log
11 silly packumentCache heap:2197815296 maxSize:549453824 maxEntrySize:274726912
12 silly logfile start cleaning logs, removing 1 files
13 silly logfile done cleaning log files
14 verbose cwd e:\HANGAR\HANGAR\HangAR
15 verbose os Windows_NT 10.0.26100
16 verbose node v20.17.0
17 verbose npm  v10.8.3
18 verbose exit 0
19 info ok
