0 verbose cli C:\Program Files\nodejs\node.exe C:\Program Files\nodejs\node_modules\npm\bin\npm-cli.js
1 info using npm@10.8.2
2 info using node@v20.17.0
3 silly config load:file:C:\Program Files\nodejs\node_modules\npm\npmrc
4 silly config load:file:e:\HANGAR\HANGAR\HangAR\.npmrc
5 silly config load:file:C:\Users\Ranto Liantsoa\.npmrc
6 silly config load:file:e:\HANGAR\HANGAR\HangAR\${APPDATA}\npm\etc\npmrc
7 verbose title npm view expo-localization description dist-tags.latest homepage version time
8 verbose argv "view" "--json" "--" "expo-localization" "description" "dist-tags.latest" "homepage" "version" "time"
9 verbose logfile logs-max:10 dir:e:\HANGAR\HANGAR\HangAR\clean\_logs\2025-05-28T13_18_34_345Z-
10 verbose logfile e:\HANGAR\HANGAR\HangAR\clean\_logs\2025-05-28T13_18_34_345Z-debug-0.log
11 silly logfile start cleaning logs, removing 1 files
12 silly logfile done cleaning log files
13 http fetch GET 200 https://registry.npmjs.org/expo-localization 385ms (cache revalidated)
14 verbose cwd e:\HANGAR\HANGAR\HangAR
15 verbose os Windows_NT 10.0.26100
16 verbose node v20.17.0
17 verbose npm  v10.8.2
18 verbose exit 0
19 info ok
