0 verbose cli C:\Program Files\nodejs\node.exe C:\Users\Ranto Liantsoa\AppData\Roaming\npm\node_modules\npm\bin\npm-cli.js
1 info using npm@10.8.3
2 info using node@v20.17.0
3 silly config load:file:C:\Users\Ranto Liantsoa\AppData\Roaming\npm\node_modules\npm\npmrc
4 silly config load:file:E:\HANGAR\HANGAR\HangAR\.npmrc
5 silly config load:file:C:\Users\Ranto Liantsoa\.npmrc
6 silly config load:file:C:\Users\Ranto Liantsoa\AppData\Roaming\npm\etc\npmrc
7 verbose title npm install @react-native-firebase/app @react-native-firebase/messaging
8 verbose argv "install" "@react-native-firebase/app" "@react-native-firebase/messaging"
9 verbose logfile logs-max:10 dir:E:\HANGAR\HANGAR\HangAR\android\clean\_logs\2025-05-27T19_35_51_200Z-
10 verbose logfile E:\HANGAR\HANGAR\HangAR\android\clean\_logs\2025-05-27T19_35_51_200Z-debug-0.log
11 silly packumentCache heap:2197815296 maxSize:549453824 maxEntrySize:274726912
12 silly logfile done cleaning log files
13 silly idealTree buildDeps
14 silly fetch manifest @react-native-firebase/app@^22.2.0
15 silly packumentCache full:https://registry.npmjs.org/@react-native-firebase%2fapp cache-miss
16 http fetch GET 200 https://registry.npmjs.org/npm 1001ms
17 http fetch GET 200 https://registry.npmjs.org/@react-native-firebase%2fapp 1329ms (cache miss)
18 silly packumentCache full:https://registry.npmjs.org/@react-native-firebase%2fapp set size:undefined disposed:false
19 silly fetch manifest expo@~53.0.8
20 silly packumentCache full:https://registry.npmjs.org/expo cache-miss
21 http fetch GET 200 https://registry.npmjs.org/expo 344ms (cache miss)
22 silly packumentCache full:https://registry.npmjs.org/expo set size:undefined disposed:false
23 silly fetch manifest @expo/dom-webview@*
24 silly packumentCache full:https://registry.npmjs.org/@expo%2fdom-webview cache-miss
25 http fetch GET 200 https://registry.npmjs.org/@expo%2fdom-webview 686ms (cache miss)
26 silly packumentCache full:https://registry.npmjs.org/@expo%2fdom-webview set size:undefined disposed:false
27 silly fetch manifest react@19.0.0
28 silly packumentCache full:https://registry.npmjs.org/react cache-miss
29 http fetch GET 200 https://registry.npmjs.org/react 225ms (cache miss)
30 silly packumentCache full:https://registry.npmjs.org/react set size:undefined disposed:false
31 silly fetch manifest react-native@0.79.2
32 silly packumentCache full:https://registry.npmjs.org/react-native cache-miss
33 http fetch GET 200 https://registry.npmjs.org/react-native 396ms (cache miss)
34 silly packumentCache full:https://registry.npmjs.org/react-native set size:undefined disposed:false
35 silly fetch manifest @types/react@^19.0.0
36 silly packumentCache full:https://registry.npmjs.org/@types%2freact cache-miss
37 http fetch GET 200 https://registry.npmjs.org/@types%2freact 123ms (cache miss)
38 silly packumentCache full:https://registry.npmjs.org/@types%2freact set size:undefined disposed:false
39 silly fetch manifest @expo/metro-runtime@*
40 silly packumentCache full:https://registry.npmjs.org/@expo%2fmetro-runtime cache-miss
41 http fetch GET 200 https://registry.npmjs.org/@expo%2fmetro-runtime 1441ms (cache miss)
42 silly packumentCache full:https://registry.npmjs.org/@expo%2fmetro-runtime set size:undefined disposed:false
43 silly fetch manifest react-native-webview@*
44 silly packumentCache full:https://registry.npmjs.org/react-native-webview cache-miss
45 http fetch GET 200 https://registry.npmjs.org/react-native-webview 1351ms (cache miss)
46 silly packumentCache full:https://registry.npmjs.org/react-native-webview set size:undefined disposed:false
47 silly fetch manifest @react-native-firebase/messaging@^22.2.0
48 silly packumentCache full:https://registry.npmjs.org/@react-native-firebase%2fmessaging cache-miss
49 http fetch GET 200 https://registry.npmjs.org/@react-native-firebase%2fmessaging 713ms (cache miss)
50 silly packumentCache full:https://registry.npmjs.org/@react-native-firebase%2fmessaging set size:undefined disposed:false
51 silly placeDep ROOT @react-native-firebase/app@22.2.0 REPLACE for: hangar@1.0.0 want: ^22.2.0
52 silly placeDep ROOT @react-native-firebase/messaging@22.2.0 REPLACE for: hangar@1.0.0 want: ^22.2.0
53 silly reify moves {}
54 silly audit bulk request {
54 silly audit   hangar: [ '1.0.0' ],
54 silly audit   '@0no-co/graphql.web': [ '1.1.2' ],
54 silly audit   '@ampproject/remapping': [ '2.3.0' ],
54 silly audit   '@babel/code-frame': [ '7.27.1', '7.10.4' ],
54 silly audit   '@babel/compat-data': [ '7.27.2' ],
54 silly audit   '@babel/core': [ '7.27.1' ],
54 silly audit   '@babel/generator': [ '7.27.1' ],
54 silly audit   '@babel/helper-annotate-as-pure': [ '7.27.1' ],
54 silly audit   '@babel/helper-compilation-targets': [ '7.27.2' ],
54 silly audit   '@babel/helper-create-class-features-plugin': [ '7.27.1' ],
54 silly audit   '@babel/helper-create-regexp-features-plugin': [ '7.27.1' ],
54 silly audit   '@babel/helper-define-polyfill-provider': [ '0.6.4' ],
54 silly audit   '@babel/helper-member-expression-to-functions': [ '7.27.1' ],
54 silly audit   '@babel/helper-module-imports': [ '7.27.1' ],
54 silly audit   '@babel/helper-module-transforms': [ '7.27.1' ],
54 silly audit   '@babel/helper-optimise-call-expression': [ '7.27.1' ],
54 silly audit   '@babel/helper-plugin-utils': [ '7.27.1' ],
54 silly audit   '@babel/helper-remap-async-to-generator': [ '7.27.1' ],
54 silly audit   '@babel/helper-replace-supers': [ '7.27.1' ],
54 silly audit   '@babel/helper-skip-transparent-expression-wrappers': [ '7.27.1' ],
54 silly audit   '@babel/helper-string-parser': [ '7.27.1' ],
54 silly audit   '@babel/helper-validator-identifier': [ '7.27.1' ],
54 silly audit   '@babel/helper-validator-option': [ '7.27.1' ],
54 silly audit   '@babel/helper-wrap-function': [ '7.27.1' ],
54 silly audit   '@babel/helpers': [ '7.27.1' ],
54 silly audit   '@babel/highlight': [ '7.25.9' ],
54 silly audit   'ansi-styles': [ '3.2.1', '6.2.1', '4.3.0', '5.2.0' ],
54 silly audit   chalk: [ '2.4.2', '4.1.2' ],
54 silly audit   'color-convert': [ '1.9.3', '2.0.1' ],
54 silly audit   'color-name': [ '1.1.3', '1.1.4' ],
54 silly audit   'escape-string-regexp': [ '1.0.5', '4.0.0', '2.0.0' ],
54 silly audit   'has-flag': [ '3.0.0', '4.0.0' ],
54 silly audit   'supports-color': [ '5.5.0', '8.1.1', '7.2.0' ],
54 silly audit   '@babel/parser': [ '7.27.2' ],
54 silly audit   '@babel/plugin-proposal-decorators': [ '7.27.1' ],
54 silly audit   '@babel/plugin-proposal-export-default-from': [ '7.27.1' ],
54 silly audit   '@babel/plugin-syntax-async-generators': [ '7.8.4' ],
54 silly audit   '@babel/plugin-syntax-bigint': [ '7.8.3' ],
54 silly audit   '@babel/plugin-syntax-class-properties': [ '7.12.13' ],
54 silly audit   '@babel/plugin-syntax-class-static-block': [ '7.14.5' ],
54 silly audit   '@babel/plugin-syntax-decorators': [ '7.27.1' ],
54 silly audit   '@babel/plugin-syntax-dynamic-import': [ '7.8.3' ],
54 silly audit   '@babel/plugin-syntax-export-default-from': [ '7.27.1' ],
54 silly audit   '@babel/plugin-syntax-flow': [ '7.27.1' ],
54 silly audit   '@babel/plugin-syntax-import-attributes': [ '7.27.1' ],
54 silly audit   '@babel/plugin-syntax-import-meta': [ '7.10.4' ],
54 silly audit   '@babel/plugin-syntax-json-strings': [ '7.8.3' ],
54 silly audit   '@babel/plugin-syntax-jsx': [ '7.27.1' ],
54 silly audit   '@babel/plugin-syntax-logical-assignment-operators': [ '7.10.4' ],
54 silly audit   '@babel/plugin-syntax-nullish-coalescing-operator': [ '7.8.3' ],
54 silly audit   '@babel/plugin-syntax-numeric-separator': [ '7.10.4' ],
54 silly audit   '@babel/plugin-syntax-object-rest-spread': [ '7.8.3' ],
54 silly audit   '@babel/plugin-syntax-optional-catch-binding': [ '7.8.3' ],
54 silly audit   '@babel/plugin-syntax-optional-chaining': [ '7.8.3' ],
54 silly audit   '@babel/plugin-syntax-private-property-in-object': [ '7.14.5' ],
54 silly audit   '@babel/plugin-syntax-top-level-await': [ '7.14.5' ],
54 silly audit   '@babel/plugin-syntax-typescript': [ '7.27.1' ],
54 silly audit   '@babel/plugin-transform-arrow-functions': [ '7.27.1' ],
54 silly audit   '@babel/plugin-transform-async-generator-functions': [ '7.27.1' ],
54 silly audit   '@babel/plugin-transform-async-to-generator': [ '7.27.1' ],
54 silly audit   '@babel/plugin-transform-block-scoping': [ '7.27.1' ],
54 silly audit   '@babel/plugin-transform-class-properties': [ '7.27.1' ],
54 silly audit   '@babel/plugin-transform-classes': [ '7.27.1' ],
54 silly audit   '@babel/plugin-transform-computed-properties': [ '7.27.1' ],
54 silly audit   '@babel/plugin-transform-destructuring': [ '7.27.1' ],
54 silly audit   '@babel/plugin-transform-export-namespace-from': [ '7.27.1' ],
54 silly audit   '@babel/plugin-transform-flow-strip-types': [ '7.27.1' ],
54 silly audit   '@babel/plugin-transform-for-of': [ '7.27.1' ],
54 silly audit   '@babel/plugin-transform-function-name': [ '7.27.1' ],
54 silly audit   '@babel/plugin-transform-literals': [ '7.27.1' ],
54 silly audit   '@babel/plugin-transform-logical-assignment-operators': [ '7.27.1' ],
54 silly audit   '@babel/plugin-transform-modules-commonjs': [ '7.27.1' ],
54 silly audit   '@babel/plugin-transform-named-capturing-groups-regex': [ '7.27.1' ],
54 silly audit   '@babel/plugin-transform-nullish-coalescing-operator': [ '7.27.1' ],
54 silly audit   '@babel/plugin-transform-numeric-separator': [ '7.27.1' ],
54 silly audit   '@babel/plugin-transform-object-rest-spread': [ '7.27.2' ],
54 silly audit   '@babel/plugin-transform-optional-catch-binding': [ '7.27.1' ],
54 silly audit   '@babel/plugin-transform-optional-chaining': [ '7.27.1' ],
54 silly audit   '@babel/plugin-transform-parameters': [ '7.27.1' ],
54 silly audit   '@babel/plugin-transform-private-methods': [ '7.27.1' ],
54 silly audit   '@babel/plugin-transform-private-property-in-object': [ '7.27.1' ],
54 silly audit   '@babel/plugin-transform-react-display-name': [ '7.27.1' ],
54 silly audit   '@babel/plugin-transform-react-jsx': [ '7.27.1' ],
54 silly audit   '@babel/plugin-transform-react-jsx-development': [ '7.27.1' ],
54 silly audit   '@babel/plugin-transform-react-jsx-self': [ '7.27.1' ],
54 silly audit   '@babel/plugin-transform-react-jsx-source': [ '7.27.1' ],
54 silly audit   '@babel/plugin-transform-react-pure-annotations': [ '7.27.1' ],
54 silly audit   '@babel/plugin-transform-regenerator': [ '7.27.1' ],
54 silly audit   '@babel/plugin-transform-runtime': [ '7.27.1' ],
54 silly audit   '@babel/plugin-transform-shorthand-properties': [ '7.27.1' ],
54 silly audit   '@babel/plugin-transform-spread': [ '7.27.1' ],
54 silly audit   '@babel/plugin-transform-sticky-regex': [ '7.27.1' ],
54 silly audit   '@babel/plugin-transform-typescript': [ '7.27.1' ],
54 silly audit   '@babel/plugin-transform-unicode-regex': [ '7.27.1' ],
54 silly audit   '@babel/preset-react': [ '7.27.1' ],
54 silly audit   '@babel/preset-typescript': [ '7.27.1' ],
54 silly audit   '@babel/runtime': [ '7.27.1' ],
54 silly audit   '@babel/template': [ '7.27.2' ],
54 silly audit   '@babel/traverse': [ '7.27.1' ],
54 silly audit   '@babel/types': [ '7.27.1' ],
54 silly audit   '@callstack/react-theme-provider': [ '3.0.9' ],
54 silly audit   deepmerge: [ '3.3.0', '4.3.1' ],
54 silly audit   '@egjs/hammerjs': [ '2.0.17' ],
54 silly audit   '@expo/cli': [ '0.24.12' ],
54 silly audit   'brace-expansion': [ '2.0.1', '1.1.11' ],
54 silly audit   minimatch: [ '9.0.5', '3.1.2' ],
54 silly audit   semver: [ '7.7.1', '6.3.1' ],
54 silly audit   '@expo/code-signing-certificates': [ '0.0.5' ],
54 silly audit   '@expo/config': [ '11.0.9' ],
54 silly audit   '@expo/config-plugins': [ '10.0.2' ],
54 silly audit   '@expo/config-types': [ '53.0.4' ],
54 silly audit   '@expo/devcert': [ '1.2.0' ],
54 silly audit   debug: [ '3.2.7', '2.6.9', '4.4.0' ],
54 silly audit   '@expo/env': [ '1.0.5' ],
54 silly audit   '@expo/fingerprint': [ '0.12.4' ],
54 silly audit   '@expo/image-utils': [ '0.7.4' ],
54 silly audit   '@expo/json-file': [ '9.1.4' ],
54 silly audit   '@expo/metro-config': [ '0.20.14' ],
54 silly audit   '@expo/osascript': [ '2.2.4' ],
54 silly audit   '@expo/package-manager': [ '1.8.4' ],
54 silly audit   '@expo/plist': [ '0.3.4' ],
54 silly audit   '@expo/prebuild-config': [ '9.0.6' ],
54 silly audit   '@expo/sdk-runtime-versions': [ '1.0.0' ],
54 silly audit   '@expo/spawn-async': [ '1.7.2' ],
54 silly audit   '@expo/sudo-prompt': [ '9.3.2' ],
54 silly audit   '@expo/vector-icons': [ '14.1.0' ],
54 silly audit   '@expo/ws-tunnel': [ '1.0.6' ],
54 silly audit   '@expo/xcpretty': [ '4.3.2' ],
54 silly audit   '@firebase/analytics': [ '0.10.13', '0.10.11' ],
54 silly audit   '@firebase/analytics-compat': [ '0.2.19', '0.2.17' ],
54 silly audit   '@firebase/analytics-types': [ '0.8.3' ],
54 silly audit   '@firebase/app': [ '0.12.1', '0.11.1' ],
54 silly audit   '@firebase/app-check': [ '0.9.1', '0.8.11' ],
54 silly audit   '@firebase/app-check-compat': [ '0.3.22', '0.3.18' ],
54 silly audit   '@firebase/app-check-interop-types': [ '0.3.3' ],
54 silly audit   '@firebase/app-check-types': [ '0.5.3' ],
54 silly audit   '@firebase/app-compat': [ '0.3.1', '0.2.50' ],
54 silly audit   '@firebase/app-types': [ '0.9.3' ],
54 silly audit   '@firebase/auth': [ '1.10.2', '1.9.0' ],
54 silly audit   '@firebase/auth-compat': [ '0.5.22', '0.5.18' ],
54 silly audit   '@firebase/auth-interop-types': [ '0.2.4' ],
54 silly audit   '@firebase/auth-types': [ '0.13.0' ],
54 silly audit   '@firebase/component': [ '0.6.14', '0.6.12' ],
54 silly audit   '@firebase/data-connect': [ '0.3.5', '0.3.0' ],
54 silly audit   '@firebase/database': [ '1.0.15', '1.0.12' ],
54 silly audit   '@firebase/database-compat': [ '2.0.6', '2.0.3' ],
54 silly audit   '@firebase/database-types': [ '1.0.11', '1.0.8' ],
54 silly audit   '@firebase/firestore': [ '4.7.12', '4.7.8' ],
54 silly audit   '@firebase/firestore-compat': [ '0.3.47', '0.3.43' ],
54 silly audit   '@firebase/firestore-types': [ '3.0.3' ],
54 silly audit   '@firebase/functions': [ '0.12.4', '0.12.2' ],
54 silly audit   '@firebase/functions-compat': [ '0.3.21', '0.3.19' ],
54 silly audit   '@firebase/functions-types': [ '0.6.3' ],
54 silly audit   '@firebase/installations': [ '0.6.14', '0.6.12' ],
54 silly audit   '@firebase/installations-compat': [ '0.2.14', '0.2.12' ],
54 silly audit   '@firebase/installations-types': [ '0.5.3' ],
54 silly audit   '@firebase/logger': [ '0.4.4' ],
54 silly audit   '@firebase/messaging': [ '0.12.18', '0.12.16' ],
54 silly audit   '@firebase/messaging-compat': [ '0.2.18', '0.2.16' ],
54 silly audit   '@firebase/messaging-interop-types': [ '0.2.3' ],
54 silly audit   '@firebase/performance': [ '0.7.3', '0.7.0' ],
54 silly audit   '@firebase/performance-compat': [ '0.2.16', '0.2.13' ],
54 silly audit   '@firebase/performance-types': [ '0.2.3' ],
54 silly audit   '@firebase/remote-config': [ '0.6.1', '0.5.0' ],
54 silly audit   '@firebase/remote-config-compat': [ '0.2.14', '0.2.12' ],
54 silly audit   '@firebase/remote-config-types': [ '0.4.0' ],
54 silly audit   '@firebase/storage': [ '0.13.8', '0.13.6' ],
54 silly audit   '@firebase/storage-compat': [ '0.3.18', '0.3.16' ],
54 silly audit   '@firebase/storage-types': [ '0.8.3' ],
54 silly audit   '@firebase/util': [ '1.11.1', '1.10.3' ],
54 silly audit   '@firebase/vertexai': [ '1.2.2', '1.0.4' ],
54 silly audit   '@firebase/webchannel-wrapper': [ '1.0.3' ],
54 silly audit   '@grpc/grpc-js': [ '1.9.15' ],
54 silly audit   '@grpc/proto-loader': [ '0.7.15' ],
54 silly audit   '@ide/backoff': [ '1.0.0' ],
54 silly audit   '@isaacs/cliui': [ '8.0.2' ],
54 silly audit   'wrap-ansi': [ '8.1.0', '7.0.0' ],
54 silly audit   '@isaacs/fs-minipass': [ '4.0.1' ],
54 silly audit   '@isaacs/ttlcache': [ '1.4.1' ],
54 silly audit   '@istanbuljs/load-nyc-config': [ '1.1.0' ],
54 silly audit   argparse: [ '1.0.10', '2.0.1' ],
54 silly audit   'find-up': [ '4.1.0', '5.0.0' ],
54 silly audit   'js-yaml': [ '3.14.1', '4.1.0' ],
54 silly audit   'locate-path': [ '5.0.0', '6.0.0' ],
54 silly audit   'p-limit': [ '2.3.0', '3.1.0' ],
54 silly audit   'p-locate': [ '4.1.0', '5.0.0' ],
54 silly audit   '@istanbuljs/schema': [ '0.1.3' ],
54 silly audit   '@jest/create-cache-key-function': [ '29.7.0' ],
54 silly audit   '@jest/environment': [ '29.7.0' ],
54 silly audit   '@jest/fake-timers': [ '29.7.0' ],
54 silly audit   '@jest/schemas': [ '29.6.3' ],
54 silly audit   '@jest/transform': [ '29.7.0' ],
54 silly audit   'signal-exit': [ '3.0.7', '4.1.0' ],
54 silly audit   'write-file-atomic': [ '4.0.2' ],
54 silly audit   '@jest/types': [ '29.6.3' ],
54 silly audit   '@jridgewell/gen-mapping': [ '0.3.8' ],
54 silly audit   '@jridgewell/resolve-uri': [ '3.1.2' ],
54 silly audit   '@jridgewell/set-array': [ '1.2.1' ],
54 silly audit   '@jridgewell/source-map': [ '0.3.6' ],
54 silly audit   '@jridgewell/sourcemap-codec': [ '1.5.0' ],
54 silly audit   '@jridgewell/trace-mapping': [ '0.3.25' ],
54 silly audit   '@pkgjs/parseargs': [ '0.11.0' ],
54 silly audit   '@protobufjs/aspromise': [ '1.1.2' ],
54 silly audit   '@protobufjs/base64': [ '1.1.2' ],
54 silly audit   '@protobufjs/codegen': [ '2.0.4' ],
54 silly audit   '@protobufjs/eventemitter': [ '1.1.0' ],
54 silly audit   '@protobufjs/fetch': [ '1.1.0' ],
54 silly audit   '@protobufjs/float': [ '1.0.2' ],
54 silly audit   '@protobufjs/inquire': [ '1.1.0' ],
54 silly audit   '@protobufjs/path': [ '1.1.2' ],
54 silly audit   '@protobufjs/pool': [ '1.1.0' ],
54 silly audit   '@protobufjs/utf8': [ '1.1.0' ],
54 silly audit   '@react-native-async-storage/async-storage': [ '1.24.0' ],
54 silly audit   '@react-native-community/datetimepicker': [ '8.3.0' ],
54 silly audit   firebase: [ '11.7.1', '11.3.1' ],
54 silly audit   '@react-native-picker/picker': [ '2.11.0' ],
54 silly audit   '@react-native/assets-registry': [ '0.79.2' ],
54 silly audit   '@react-native/babel-plugin-codegen': [ '0.79.2' ],
54 silly audit   '@react-native/babel-preset': [ '0.79.2' ],
54 silly audit   '@react-native/codegen': [ '0.79.2' ],
54 silly audit   glob: [ '7.2.3', '10.4.5' ],
54 silly audit   '@react-native/community-cli-plugin': [ '0.79.2' ],
54 silly audit   ms: [ '2.0.0', '2.1.3' ],
54 silly audit   '@react-native/debugger-frontend': [ '0.79.2' ],
54 silly audit   '@react-native/dev-middleware': [ '0.79.2' ],
54 silly audit   ws: [ '6.2.3', '7.5.10', '8.18.2' ],
54 silly audit   '@react-native/gradle-plugin': [ '0.79.2' ],
54 silly audit   '@react-native/js-polyfills': [ '0.79.2' ],
54 silly audit   '@react-native/normalize-colors': [ '0.79.2' ],
54 silly audit   '@react-native/virtualized-lists': [ '0.79.2' ],
54 silly audit   '@react-navigation/core': [ '6.4.17' ],
54 silly audit   '@react-navigation/elements': [ '1.3.31' ],
54 silly audit   '@react-navigation/native': [ '6.1.18' ],
54 silly audit   '@react-navigation/routers': [ '6.1.9' ],
54 silly audit   '@react-navigation/stack': [ '6.4.1' ],
54 silly audit   '@sinclair/typebox': [ '0.27.8' ],
54 silly audit   '@sinonjs/commons': [ '3.0.1' ],
54 silly audit   '@sinonjs/fake-timers': [ '10.3.0' ],
54 silly audit   '@types/babel__core': [ '7.20.5' ],
54 silly audit   '@types/babel__generator': [ '7.27.0' ],
54 silly audit   '@types/babel__template': [ '7.4.4' ],
54 silly audit   '@types/babel__traverse': [ '7.20.7' ],
54 silly audit   '@types/graceful-fs': [ '4.1.9' ],
54 silly audit   '@types/hammerjs': [ '2.0.46' ],
54 silly audit   '@types/istanbul-lib-coverage': [ '2.0.6' ],
54 silly audit   '@types/istanbul-lib-report': [ '3.0.3' ],
54 silly audit   '@types/istanbul-reports': [ '3.0.4' ],
54 silly audit   '@types/node': [ '22.15.17' ],
54 silly audit   '@types/stack-utils': [ '2.0.3' ],
54 silly audit   '@types/yargs': [ '17.0.33' ],
54 silly audit   '@types/yargs-parser': [ '21.0.3' ],
54 silly audit   '@urql/core': [ '5.1.1' ],
54 silly audit   '@urql/exchange-retry': [ '1.3.1' ],
54 silly audit   '@xmldom/xmldom': [ '0.8.10' ],
54 silly audit   'abort-controller': [ '3.0.0' ],
54 silly audit   accepts: [ '1.3.8' ],
54 silly audit   acorn: [ '8.14.1' ],
54 silly audit   'agent-base': [ '7.1.3' ],
54 silly audit   anser: [ '1.4.10' ],
54 silly audit   'ansi-escapes': [ '4.3.2' ],
54 silly audit   'type-fest': [ '0.21.3', '0.7.1' ],
54 silly audit   'ansi-regex': [ '5.0.1', '4.1.1', '6.1.0' ],
54 silly audit   'any-promise': [ '1.3.0' ],
54 silly audit   anymatch: [ '3.1.3' ],
54 silly audit   picomatch: [ '2.3.1', '3.0.1' ],
54 silly audit   arg: [ '5.0.2' ],
54 silly audit   asap: [ '2.0.6' ],
54 silly audit   assert: [ '2.1.0' ],
54 silly audit   'async-limiter': [ '1.0.1' ],
54 silly audit   asynckit: [ '0.4.0' ],
54 silly audit   'available-typed-arrays': [ '1.0.7' ],
54 silly audit   axios: [ '1.9.0' ],
54 silly audit   'babel-jest': [ '29.7.0' ],
54 silly audit   'babel-plugin-istanbul': [ '6.1.1' ],
54 silly audit   'babel-plugin-jest-hoist': [ '29.6.3' ],
54 silly audit   'babel-plugin-polyfill-corejs2': [ '0.4.13' ],
54 silly audit   'babel-plugin-polyfill-corejs3': [ '0.11.1' ],
54 silly audit   'babel-plugin-polyfill-regenerator': [ '0.6.4' ],
54 silly audit   'babel-plugin-react-native-web': [ '0.19.13' ],
54 silly audit   'babel-plugin-syntax-hermes-parser': [ '0.25.1' ],
54 silly audit   'babel-plugin-transform-flow-enums': [ '0.0.2' ],
54 silly audit   'babel-preset-current-node-syntax': [ '1.1.0' ],
54 silly audit   'babel-preset-expo': [ '13.1.11' ],
54 silly audit   'babel-preset-jest': [ '29.6.3' ],
54 silly audit   badgin: [ '1.2.3' ],
54 silly audit   'balanced-match': [ '1.0.2' ],
54 silly audit   'base64-js': [ '1.5.1' ],
54 silly audit   'better-opn': [ '3.0.2' ],
54 silly audit   open: [ '8.4.2', '7.4.2' ],
54 silly audit   'big-integer': [ '1.6.52' ],
54 silly audit   boolbase: [ '1.0.0' ],
54 silly audit   'bplist-creator': [ '0.1.0' ],
54 silly audit   'bplist-parser': [ '0.3.2', '0.3.1' ],
54 silly audit   braces: [ '3.0.3' ],
54 silly audit   browserslist: [ '4.24.5' ],
54 silly audit   bser: [ '2.1.1' ],
54 silly audit   buffer: [ '5.7.1' ],
54 silly audit   'buffer-from': [ '1.1.2' ],
54 silly audit   bytes: [ '3.1.2' ],
54 silly audit   'call-bind': [ '1.0.8' ],
54 silly audit   'call-bind-apply-helpers': [ '1.0.2' ],
54 silly audit   'call-bound': [ '1.0.4' ],
54 silly audit   'caller-callsite': [ '2.0.0' ],
54 silly audit   'caller-path': [ '2.0.0' ],
54 silly audit   callsites: [ '2.0.0' ],
54 silly audit   camelcase: [ '5.3.1', '6.3.0' ],
54 silly audit   'caniuse-lite': [ '1.0.30001717' ],
54 silly audit   chownr: [ '3.0.0' ],
54 silly audit   'chrome-launcher': [ '0.15.2' ],
54 silly audit   'chromium-edge-launcher': [ '0.2.0' ],
54 silly audit   mkdirp: [ '1.0.4', '3.0.1' ],
54 silly audit   'ci-info': [ '3.9.0', '2.0.0' ],
54 silly audit   'cli-cursor': [ '2.1.0' ],
54 silly audit   'cli-spinners': [ '2.9.2' ],
54 silly audit   cliui: [ '8.0.1', '7.0.4' ],
54 silly audit   'emoji-regex': [ '8.0.0', '9.2.2' ],
54 silly audit   'string-width': [ '4.2.3', '5.1.2' ],
54 silly audit   'strip-ansi': [ '6.0.1', '5.2.0', '7.1.0' ],
54 silly audit   clone: [ '1.0.4' ],
54 silly audit   color: [ '4.2.3', '3.2.1' ],
54 silly audit   'color-string': [ '1.9.1' ],
54 silly audit   'combined-stream': [ '1.0.8' ],
54 silly audit   commander: [ '7.2.0', '12.1.0', '4.1.1', '2.20.3' ],
54 silly audit   compressible: [ '2.0.18' ],
54 silly audit   compression: [ '1.8.0' ],
54 silly audit   negotiator: [ '0.6.4', '0.6.3' ],
54 silly audit   'concat-map': [ '0.0.1' ],
54 silly audit   connect: [ '3.7.0' ],
54 silly audit   'convert-source-map': [ '2.0.0' ],
54 silly audit   'core-js-compat': [ '3.42.0' ],
54 silly audit   cosmiconfig: [ '5.2.1' ],
54 silly audit   'cross-spawn': [ '7.0.6' ],
54 silly audit   'crypto-random-string': [ '2.0.0' ],
54 silly audit   'css-select': [ '5.1.0' ],
54 silly audit   'css-tree': [ '1.1.3' ],
54 silly audit   'source-map': [ '0.6.1', '0.5.7' ],
54 silly audit   'css-what': [ '6.1.0' ],
54 silly audit   'decode-uri-component': [ '0.2.2' ],
54 silly audit   'deep-extend': [ '0.6.0' ],
54 silly audit   defaults: [ '1.0.4' ],
54 silly audit   'define-data-property': [ '1.1.4' ],
54 silly audit   'define-lazy-prop': [ '2.0.0' ],
54 silly audit   'define-properties': [ '1.2.1' ],
54 silly audit   'delayed-stream': [ '1.0.0' ],
54 silly audit   depd: [ '2.0.0' ],
54 silly audit   destroy: [ '1.2.0' ],
54 silly audit   'detect-libc': [ '1.0.3' ],
54 silly audit   'dom-serializer': [ '2.0.0' ],
54 silly audit   domelementtype: [ '2.3.0' ],
54 silly audit   domhandler: [ '5.0.3' ],
54 silly audit   domutils: [ '3.2.2' ],
54 silly audit   dotenv: [ '16.4.7' ],
54 silly audit   'dotenv-expand': [ '11.0.7' ],
54 silly audit   'dunder-proto': [ '1.0.1' ],
54 silly audit   eastasianwidth: [ '0.2.0' ],
54 silly audit   'ee-first': [ '1.1.1' ],
54 silly audit   'electron-to-chromium': [ '1.5.151' ],
54 silly audit   encodeurl: [ '1.0.2', '2.0.0' ],
54 silly audit   entities: [ '4.5.0' ],
54 silly audit   'env-editor': [ '0.4.2' ],
54 silly audit   'error-ex': [ '1.3.2' ],
54 silly audit   'error-stack-parser': [ '2.1.4' ],
54 silly audit   'es-define-property': [ '1.0.1' ],
54 silly audit   'es-errors': [ '1.3.0' ],
54 silly audit   'es-object-atoms': [ '1.1.1' ],
54 silly audit   'es-set-tostringtag': [ '2.1.0' ],
54 silly audit   escalade: [ '3.2.0' ],
54 silly audit   'escape-html': [ '1.0.3' ],
54 silly audit   esprima: [ '4.0.1' ],
54 silly audit   etag: [ '1.8.1' ],
54 silly audit   'event-target-shim': [ '5.0.1' ],
54 silly audit   'exec-async': [ '2.2.0' ],
54 silly audit   expo: [ '53.0.8' ],
54 silly audit   'expo-application': [ '6.1.4' ],
54 silly audit   'expo-asset': [ '11.1.5' ],
54 silly audit   'expo-checkbox': [ '4.1.4' ],
54 silly audit   'expo-constants': [ '17.1.6' ],
54 silly audit   'expo-file-system': [ '18.1.9' ],
54 silly audit   'expo-font': [ '13.3.1' ],
54 silly audit   'expo-keep-awake': [ '14.1.4' ],
54 silly audit   'expo-localization': [ '16.1.5' ],
54 silly audit   'expo-modules-autolinking': [ '2.1.10' ],
54 silly audit   'expo-modules-core': [ '2.3.12' ],
54 silly audit   'expo-notifications': [ '0.31.2' ],
54 silly audit   'expo-status-bar': [ '2.2.3' ],
54 silly audit   'exponential-backoff': [ '3.1.2' ],
54 silly audit   'fast-deep-equal': [ '3.1.3' ],
54 silly audit   'fast-json-stable-stringify': [ '2.1.0' ],
54 silly audit   'faye-websocket': [ '0.11.4' ],
54 silly audit   'fb-watchman': [ '2.0.2' ],
54 silly audit   'fill-range': [ '7.1.1' ],
54 silly audit   'filter-obj': [ '1.1.0' ],
54 silly audit   finalhandler: [ '1.1.2' ],
54 silly audit   'flow-enums-runtime': [ '0.0.6' ],
54 silly audit   'follow-redirects': [ '1.15.9' ],
54 silly audit   fontfaceobserver: [ '2.3.0' ],
54 silly audit   'for-each': [ '0.3.5' ],
54 silly audit   'foreground-child': [ '3.3.1' ],
54 silly audit   'form-data': [ '4.0.2' ],
54 silly audit   'freeport-async': [ '2.0.0' ],
54 silly audit   fresh: [ '0.5.2' ],
54 silly audit   'fs.realpath': [ '1.0.0' ],
54 silly audit   fsevents: [ '2.3.3' ],
54 silly audit   'function-bind': [ '1.1.2' ],
54 silly audit   gensync: [ '1.0.0-beta.2' ],
54 silly audit   'get-caller-file': [ '2.0.5' ],
54 silly audit   'get-intrinsic': [ '1.3.0' ],
54 silly audit   'get-package-type': [ '0.1.0' ],
54 silly audit   'get-proto': [ '1.0.1' ],
54 silly audit   getenv: [ '1.0.0' ],
54 silly audit   globals: [ '11.12.0' ],
54 silly audit   gopd: [ '1.2.0' ],
54 silly audit   'graceful-fs': [ '4.2.11' ],
54 silly audit   'has-property-descriptors': [ '1.0.2' ],
54 silly audit   'has-symbols': [ '1.1.0' ],
54 silly audit   'has-tostringtag': [ '1.0.2' ],
54 silly audit   hasown: [ '2.0.2' ],
54 silly audit   'hermes-estree': [ '0.25.1', '0.28.1' ],
54 silly audit   'hermes-parser': [ '0.25.1', '0.28.1' ],
54 silly audit   'hoist-non-react-statics': [ '3.3.2' ],
54 silly audit   'hosted-git-info': [ '7.0.2' ],
54 silly audit   'lru-cache': [ '10.4.3', '5.1.1' ],
54 silly audit   'http-errors': [ '2.0.0' ],
54 silly audit   statuses: [ '2.0.1', '1.5.0' ],
54 silly audit   'http-parser-js': [ '0.5.10' ],
54 silly audit   'https-proxy-agent': [ '7.0.6' ],
54 silly audit   idb: [ '7.1.1' ],
54 silly audit   ieee754: [ '1.2.1' ],
54 silly audit   'image-size': [ '1.2.1' ],
54 silly audit   'import-fresh': [ '2.0.0' ],
54 silly audit   'resolve-from': [ '3.0.0', '5.0.0' ],
54 silly audit   imurmurhash: [ '0.1.4' ],
54 silly audit   inflight: [ '1.0.6' ],
54 silly audit   inherits: [ '2.0.4' ],
54 silly audit   ini: [ '1.3.8' ],
54 silly audit   invariant: [ '2.2.4' ],
54 silly audit   'is-arguments': [ '1.2.0' ],
54 silly audit   'is-arrayish': [ '0.2.1', '0.3.2' ],
54 silly audit   'is-callable': [ '1.2.7' ],
54 silly audit   'is-core-module': [ '2.16.1' ],
54 silly audit   'is-directory': [ '0.3.1' ],
54 silly audit   'is-docker': [ '2.2.1' ],
54 silly audit   'is-fullwidth-code-point': [ '3.0.0' ],
54 silly audit   'is-generator-function': [ '1.1.0' ],
54 silly audit   'is-nan': [ '1.3.2' ],
54 silly audit   'is-number': [ '7.0.0' ],
54 silly audit   'is-plain-obj': [ '2.1.0' ],
54 silly audit   'is-regex': [ '1.2.1' ],
54 silly audit   'is-typed-array': [ '1.1.15' ],
54 silly audit   'is-wsl': [ '2.2.0' ],
54 silly audit   isexe: [ '2.0.0' ],
54 silly audit   'istanbul-lib-coverage': [ '3.2.2' ],
54 silly audit   'istanbul-lib-instrument': [ '5.2.1' ],
54 silly audit   jackspeak: [ '3.4.3' ],
54 silly audit   'jest-environment-node': [ '29.7.0' ],
54 silly audit   'jest-get-type': [ '29.6.3' ],
54 silly audit   'jest-haste-map': [ '29.7.0' ],
54 silly audit   'jest-message-util': [ '29.7.0' ],
54 silly audit   'jest-mock': [ '29.7.0' ],
54 silly audit   'jest-regex-util': [ '29.6.3' ],
54 silly audit   'jest-util': [ '29.7.0' ],
54 silly audit   'jest-validate': [ '29.7.0' ],
54 silly audit   'jest-worker': [ '29.7.0' ],
54 silly audit   'jimp-compact': [ '0.16.1' ],
54 silly audit   'js-tokens': [ '4.0.0' ],
54 silly audit   'jsc-safe-url': [ '0.2.4' ],
54 silly audit   jsesc: [ '3.1.0', '3.0.2' ],
54 silly audit   'json-parse-better-errors': [ '1.0.2' ],
54 silly audit   json5: [ '2.2.3' ],
54 silly audit   kleur: [ '3.0.3' ],
54 silly audit   'lan-network': [ '0.1.6' ],
54 silly audit   leven: [ '3.1.0' ],
54 silly audit   'lighthouse-logger': [ '1.4.2' ],
54 silly audit   lightningcss: [ '1.27.0' ],
54 silly audit   'lightningcss-darwin-arm64': [ '1.27.0' ],
54 silly audit   'lightningcss-darwin-x64': [ '1.27.0' ],
54 silly audit   'lightningcss-freebsd-x64': [ '1.27.0' ],
54 silly audit   'lightningcss-linux-arm-gnueabihf': [ '1.27.0' ],
54 silly audit   'lightningcss-linux-arm64-gnu': [ '1.27.0' ],
54 silly audit   'lightningcss-linux-arm64-musl': [ '1.27.0' ],
54 silly audit   'lightningcss-linux-x64-gnu': [ '1.27.0' ],
54 silly audit   'lightningcss-linux-x64-musl': [ '1.27.0' ],
54 silly audit   'lightningcss-win32-arm64-msvc': [ '1.27.0' ],
54 silly audit   'lightningcss-win32-x64-msvc': [ '1.27.0' ],
54 silly audit   'lines-and-columns': [ '1.2.4' ],
54 silly audit   lodash: [ '4.17.21' ],
54 silly audit   'lodash.camelcase': [ '4.3.0' ],
54 silly audit   'lodash.debounce': [ '4.0.8' ],
54 silly audit   'lodash.throttle': [ '4.1.1' ],
54 silly audit   'log-symbols': [ '2.2.0' ],
54 silly audit   long: [ '5.3.2' ],
54 silly audit   'loose-envify': [ '1.4.0' ],
54 silly audit   makeerror: [ '1.0.12' ],
54 silly audit   marky: [ '1.3.0' ],
54 silly audit   'math-intrinsics': [ '1.1.0' ],
54 silly audit   'mdn-data': [ '2.0.14' ],
54 silly audit   'memoize-one': [ '5.2.1' ],
54 silly audit   'merge-options': [ '3.0.4' ],
54 silly audit   'merge-stream': [ '2.0.0' ],
54 silly audit   metro: [ '0.82.3' ],
54 silly audit   'metro-babel-transformer': [ '0.82.3' ],
54 silly audit   'metro-cache': [ '0.82.3' ],
54 silly audit   'metro-cache-key': [ '0.82.3' ],
54 silly audit   'metro-config': [ '0.82.3' ],
54 silly audit   'metro-core': [ '0.82.3' ],
54 silly audit   'metro-file-map': [ '0.82.3' ],
54 silly audit   'metro-minify-terser': [ '0.82.3' ],
54 silly audit   'metro-resolver': [ '0.82.3' ],
54 silly audit   'metro-runtime': [ '0.82.3' ],
54 silly audit   'metro-source-map': [ '0.82.3' ],
54 silly audit   'metro-symbolicate': [ '0.82.3' ],
54 silly audit   'metro-transform-plugins': [ '0.82.3' ],
54 silly audit   'metro-transform-worker': [ '0.82.3' ],
54 silly audit   micromatch: [ '4.0.8' ],
54 silly audit   mime: [ '1.6.0' ],
54 silly audit   'mime-db': [ '1.54.0', '1.52.0' ],
54 silly audit   'mime-types': [ '2.1.35' ],
54 silly audit   'mimic-fn': [ '1.2.0' ],
54 silly audit   minimist: [ '1.2.8' ],
54 silly audit   minipass: [ '7.1.2' ],
54 silly audit   minizlib: [ '3.0.2' ],
54 silly audit   moment: [ '2.30.1' ],
54 silly audit   mz: [ '2.7.0' ],
54 silly audit   nanoid: [ '3.3.11' ],
54 silly audit   'nested-error-stacks': [ '2.0.1' ],
54 silly audit   'node-cron': [ '4.0.5' ],
54 silly audit   'node-forge': [ '1.3.1' ],
54 silly audit   'node-int64': [ '0.4.0' ],
54 silly audit   'node-releases': [ '2.0.19' ],
54 silly audit   'normalize-path': [ '3.0.0' ],
54 silly audit   'npm-package-arg': [ '11.0.3' ],
54 silly audit   'nth-check': [ '2.1.1' ],
54 silly audit   nullthrows: [ '1.1.1' ],
54 silly audit   ob1: [ '0.82.3' ],
54 silly audit   'object-assign': [ '4.1.1' ],
54 silly audit   'object-is': [ '1.1.6' ],
54 silly audit   'object-keys': [ '1.1.1' ],
54 silly audit   'object.assign': [ '4.1.7' ],
54 silly audit   'on-finished': [ '2.3.0', '2.4.1' ],
54 silly audit   'on-headers': [ '1.0.2' ],
54 silly audit   once: [ '1.4.0' ],
54 silly audit   onetime: [ '2.0.1' ],
54 silly audit   'opencollective-postinstall': [ '2.0.3' ],
54 silly audit   ora: [ '3.4.0' ],
54 silly audit   'p-try': [ '2.2.0' ],
54 silly audit   'package-json-from-dist': [ '1.0.1' ],
54 silly audit   'parse-json': [ '4.0.0' ],
54 silly audit   'parse-png': [ '2.1.0' ],
54 silly audit   parseurl: [ '1.3.3' ],
54 silly audit   'path-exists': [ '4.0.0' ],
54 silly audit   'path-is-absolute': [ '1.0.1' ],
54 silly audit   'path-key': [ '3.1.1' ],
54 silly audit   'path-parse': [ '1.0.7' ],
54 silly audit   'path-scurry': [ '1.11.1' ],
54 silly audit   'paths-js': [ '0.4.11' ],
54 silly audit   picocolors: [ '1.1.1' ],
54 silly audit   pirates: [ '4.0.7' ],
54 silly audit   plist: [ '3.1.0' ],
54 silly audit   pngjs: [ '3.4.0' ],
54 silly audit   'point-in-polygon': [ '1.1.0' ],
54 silly audit   'possible-typed-array-names': [ '1.1.0' ],
54 silly audit   postcss: [ '8.4.49' ],
54 silly audit   'pretty-bytes': [ '5.6.0' ],
54 silly audit   'pretty-format': [ '29.7.0' ],
54 silly audit   'react-is': [ '18.3.1', '16.13.1' ],
54 silly audit   'proc-log': [ '4.2.0' ],
54 silly audit   progress: [ '2.0.3' ],
54 silly audit   prompts: [ '2.4.2' ],
54 silly audit   'prop-types': [ '15.8.1' ],
54 silly audit   protobufjs: [ '7.5.1' ],
54 silly audit   'proxy-from-env': [ '1.1.0' ],
54 silly audit   punycode: [ '2.3.1' ],
54 silly audit   'qrcode-terminal': [ '0.11.0' ],
54 silly audit   'query-string': [ '7.1.3' ],
54 silly audit   queue: [ '6.0.2' ],
54 silly audit   'range-parser': [ '1.2.1' ],
54 silly audit   rc: [ '1.2.8' ],
54 silly audit   react: [ '19.0.0' ],
54 silly audit   'react-devtools-core': [ '6.1.2' ],
54 silly audit   'react-freeze': [ '1.0.4' ],
54 silly audit   'react-native': [ '0.79.2' ],
54 silly audit   'react-native-animatable': [ '1.4.0' ],
54 silly audit   'react-native-calendars': [ '1.1312.0' ],
54 silly audit   'react-native-safe-area-context': [ '4.5.0', '5.4.0' ],
54 silly audit   'react-native-chart-kit': [ '6.12.0' ],
54 silly audit   'react-native-dropdown-picker': [ '5.4.6' ],
54 silly audit   'react-native-dropdown-select-list': [ '2.0.5' ],
54 silly audit   'react-native-edge-to-edge': [ '1.6.0' ],
54 silly audit   'react-native-firebase': [ '5.6.0' ],
54 silly audit   'react-native-gesture-handler': [ '2.25.0' ],
54 silly audit   'react-native-iphone-x-helper': [ '1.3.1' ],
54 silly audit   'react-native-is-edge-to-edge': [ '1.1.7' ],
54 silly audit   'react-native-keyboard-aware-scroll-view': [ '0.9.5' ],
54 silly audit   'react-native-paper': [ '5.14.5' ],
54 silly audit   'react-native-screens': [ '4.10.0' ],
54 silly audit   'react-native-select-dropdown': [ '4.0.1' ],
54 silly audit   'react-native-status-bar-height': [ '2.6.0' ],
54 silly audit   'react-native-svg': [ '15.11.2' ],
54 silly audit   'react-native-swipe-gestures': [ '1.0.5' ],
54 silly audit   'react-native-vector-icons': [ '10.2.0' ],
54 silly audit   yargs: [ '16.2.0', '17.7.2' ],
54 silly audit   'yargs-parser': [ '20.2.9', '21.1.1' ],
54 silly audit   promise: [ '8.3.0' ],
54 silly audit   'react-refresh': [ '0.14.2' ],
54 silly audit   recyclerlistview: [ '4.2.3' ],
54 silly audit   regenerate: [ '1.4.2' ],
54 silly audit   'regenerate-unicode-properties': [ '10.2.0' ],
54 silly audit   'regenerator-runtime': [ '0.13.11' ],
54 silly audit   'regexpu-core': [ '6.2.0' ],
54 silly audit   regjsgen: [ '0.8.0' ],
54 silly audit   regjsparser: [ '0.12.0' ],
54 silly audit   'require-directory': [ '2.1.1' ],
54 silly audit   'require-from-string': [ '2.0.2' ],
54 silly audit   requireg: [ '0.2.2' ],
54 silly audit   resolve: [ '1.7.1', '1.22.10' ],
54 silly audit   'resolve-workspace-root': [ '2.0.0' ],
54 silly audit   'resolve.exports': [ '2.0.3' ],
54 silly audit   'restore-cursor': [ '2.0.0' ],
54 silly audit   rimraf: [ '3.0.2' ],
54 silly audit   'rtl-detect': [ '1.1.2' ],
54 silly audit   'safe-buffer': [ '5.2.1' ],
54 silly audit   'safe-regex-test': [ '1.1.0' ],
54 silly audit   sax: [ '1.4.1' ],
54 silly audit   scheduler: [ '0.25.0' ],
54 silly audit   send: [ '0.19.1', '0.19.0' ],
54 silly audit   'serialize-error': [ '2.1.0' ],
54 silly audit   'serve-static': [ '1.16.2' ],
54 silly audit   'set-function-length': [ '1.2.2' ],
54 silly audit   setprototypeof: [ '1.2.0' ],
54 silly audit   'shebang-command': [ '2.0.0' ],
54 silly audit   'shebang-regex': [ '3.0.0' ],
54 silly audit   'shell-quote': [ '1.8.2' ],
54 silly audit   'simple-plist': [ '1.3.1' ],
54 silly audit   'simple-swizzle': [ '0.2.2' ],
54 silly audit   sisteransi: [ '1.0.5' ],
54 silly audit   slash: [ '3.0.0' ],
54 silly audit   slugify: [ '1.6.6' ],
54 silly audit   'source-map-js': [ '1.2.1' ],
54 silly audit   'source-map-support': [ '0.5.21' ],
54 silly audit   'split-on-first': [ '1.1.0' ],
54 silly audit   'sprintf-js': [ '1.0.3' ],
54 silly audit   'stack-utils': [ '2.0.6' ],
54 silly audit   stackframe: [ '1.3.4' ],
54 silly audit   'stacktrace-parser': [ '0.1.11' ],
54 silly audit   'stream-buffers': [ '2.2.0' ],
54 silly audit   'strict-uri-encode': [ '2.0.0' ],
54 silly audit   'strip-json-comments': [ '2.0.1' ],
54 silly audit   'structured-headers': [ '0.4.1' ],
54 silly audit   sucrase: [ '3.35.0' ],
54 silly audit   'supports-hyperlinks': [ '2.3.0' ],
54 silly audit   'supports-preserve-symlinks-flag': [ '1.0.0' ],
54 silly audit   tar: [ '7.4.3' ],
54 silly audit   yallist: [ '5.0.0', '3.1.1' ],
54 silly audit   'temp-dir': [ '2.0.0' ],
54 silly audit   'terminal-link': [ '2.1.1' ],
54 silly audit   terser: [ '5.39.0' ],
54 silly audit   'test-exclude': [ '6.0.0' ],
54 silly audit   thenify: [ '3.3.1' ],
54 silly audit   'thenify-all': [ '1.6.0' ],
54 silly audit   throat: [ '5.0.0' ],
54 silly audit   tmpl: [ '1.0.5' ],
54 silly audit   'to-regex-range': [ '5.0.1' ],
54 silly audit   toidentifier: [ '1.0.1' ],
54 silly audit   'ts-interface-checker': [ '0.1.13' ],
54 silly audit   'ts-object-utils': [ '0.0.5' ],
54 silly audit   tslib: [ '2.8.1' ],
54 silly audit   'type-detect': [ '4.0.8' ],
54 silly audit   undici: [ '6.21.2' ],
54 silly audit   'undici-types': [ '6.21.0' ],
54 silly audit   'unicode-canonical-property-names-ecmascript': [ '2.0.1' ],
54 silly audit   'unicode-match-property-ecmascript': [ '2.0.0' ],
54 silly audit   'unicode-match-property-value-ecmascript': [ '2.2.0' ],
54 silly audit   'unicode-property-aliases-ecmascript': [ '2.1.0' ],
54 silly audit   'unique-string': [ '2.0.0' ],
54 silly audit   unpipe: [ '1.0.0' ],
54 silly audit   'update-browserslist-db': [ '1.1.3' ],
54 silly audit   'use-latest-callback': [ '0.2.3' ],
54 silly audit   util: [ '0.12.5' ],
54 silly audit   'utils-merge': [ '1.0.1' ],
54 silly audit   uuid: [ '7.0.3' ],
54 silly audit   'validate-npm-package-name': [ '5.0.1' ],
54 silly audit   vary: [ '1.1.2' ],
54 silly audit   vlq: [ '1.0.1' ],
54 silly audit   walker: [ '1.0.8' ],
54 silly audit   'warn-once': [ '0.1.1' ],
54 silly audit   wcwidth: [ '1.0.1' ],
54 silly audit   'web-vitals': [ '4.2.4' ],
54 silly audit   'websocket-driver': [ '0.7.4' ],
54 silly audit   'websocket-extensions': [ '0.1.4' ],
54 silly audit   'whatwg-fetch': [ '3.6.20' ],
54 silly audit   'whatwg-url-without-unicode': [ '8.0.0-3' ],
54 silly audit   'webidl-conversions': [ '5.0.0' ],
54 silly audit   which: [ '2.0.2' ],
54 silly audit   'which-typed-array': [ '1.1.19' ],
54 silly audit   wonka: [ '6.3.5' ],
54 silly audit   wrappy: [ '1.0.2' ],
54 silly audit   xcode: [ '3.0.1' ],
54 silly audit   xdate: [ '0.8.3' ],
54 silly audit   xml2js: [ '0.6.0' ],
54 silly audit   xmlbuilder: [ '11.0.1', '15.1.1' ],
54 silly audit   y18n: [ '5.0.8' ],
54 silly audit   'yocto-queue': [ '0.1.0' ],
54 silly audit   '@react-native-firebase/app': [ '22.2.0' ],
54 silly audit   '@react-native-firebase/messaging': [ '22.2.0' ]
54 silly audit }
55 verbose reify failed optional dependency E:\HANGAR\HANGAR\HangAR\node_modules\lightningcss-win32-arm64-msvc
56 silly reify mark deleted [
56 silly reify   'E:\\HANGAR\\HANGAR\\HangAR\\node_modules\\lightningcss-win32-arm64-msvc'
56 silly reify ]
57 verbose reify failed optional dependency E:\HANGAR\HANGAR\HangAR\node_modules\lightningcss-linux-x64-musl
58 silly reify mark deleted [
58 silly reify   'E:\\HANGAR\\HANGAR\\HangAR\\node_modules\\lightningcss-linux-x64-musl'
58 silly reify ]
59 verbose reify failed optional dependency E:\HANGAR\HANGAR\HangAR\node_modules\lightningcss-linux-x64-gnu
60 silly reify mark deleted [
60 silly reify   'E:\\HANGAR\\HANGAR\\HangAR\\node_modules\\lightningcss-linux-x64-gnu'
60 silly reify ]
61 verbose reify failed optional dependency E:\HANGAR\HANGAR\HangAR\node_modules\lightningcss-linux-arm64-musl
62 silly reify mark deleted [
62 silly reify   'E:\\HANGAR\\HANGAR\\HangAR\\node_modules\\lightningcss-linux-arm64-musl'
62 silly reify ]
63 verbose reify failed optional dependency E:\HANGAR\HANGAR\HangAR\node_modules\lightningcss-linux-arm64-gnu
64 silly reify mark deleted [
64 silly reify   'E:\\HANGAR\\HANGAR\\HangAR\\node_modules\\lightningcss-linux-arm64-gnu'
64 silly reify ]
65 verbose reify failed optional dependency E:\HANGAR\HANGAR\HangAR\node_modules\lightningcss-linux-arm-gnueabihf
66 silly reify mark deleted [
66 silly reify   'E:\\HANGAR\\HANGAR\\HangAR\\node_modules\\lightningcss-linux-arm-gnueabihf'
66 silly reify ]
67 verbose reify failed optional dependency E:\HANGAR\HANGAR\HangAR\node_modules\lightningcss-freebsd-x64
68 silly reify mark deleted [
68 silly reify   'E:\\HANGAR\\HANGAR\\HangAR\\node_modules\\lightningcss-freebsd-x64'
68 silly reify ]
69 verbose reify failed optional dependency E:\HANGAR\HANGAR\HangAR\node_modules\lightningcss-darwin-x64
70 silly reify mark deleted [ 'E:\\HANGAR\\HANGAR\\HangAR\\node_modules\\lightningcss-darwin-x64' ]
71 verbose reify failed optional dependency E:\HANGAR\HANGAR\HangAR\node_modules\lightningcss-darwin-arm64
72 silly reify mark deleted [
72 silly reify   'E:\\HANGAR\\HANGAR\\HangAR\\node_modules\\lightningcss-darwin-arm64'
72 silly reify ]
73 verbose reify failed optional dependency E:\HANGAR\HANGAR\HangAR\node_modules\fsevents
74 silly reify mark deleted [ 'E:\\HANGAR\\HANGAR\\HangAR\\node_modules\\fsevents' ]
75 http fetch POST 200 https://registry.npmjs.org/-/npm/v1/security/advisories/bulk 952ms
76 silly audit report {}
77 silly ADD
78 silly ADD
79 silly ADD
80 silly ADD
81 silly ADD
82 silly ADD
83 silly ADD
84 silly ADD
85 silly ADD
86 silly ADD
87 verbose cwd E:\HANGAR\HANGAR\HangAR\android
88 verbose os Windows_NT 10.0.26100
89 verbose node v20.17.0
90 verbose npm  v10.8.3
91 notice
91 notice New [31mmajor[39m version of npm available! [31m10.8.3[39m -> [34m11.4.1[39m
91 notice Changelog: [34mhttps://github.com/npm/cli/releases/tag/v11.4.1[39m
91 notice To update run: [4mnpm install -g npm@11.4.1[24m
91 notice  { force: true, [Symbol(proc-log.meta)]: true }
92 verbose exit 0
93 info ok
