0 verbose cli C:\Program Files\nodejs\node.exe C:\Users\Ranto Liantsoa\AppData\Roaming\npm\node_modules\npm\bin\npm-cli.js
1 info using npm@10.8.3
2 info using node@v20.17.0
3 silly config load:file:C:\Users\Ranto Liantsoa\AppData\Roaming\npm\node_modules\npm\npmrc
4 silly config load:file:E:\HANGAR\HANGAR\HangAR\.npmrc
5 silly config load:file:C:\Users\Ranto Liantsoa\.npmrc
6 silly config load:file:C:\Users\Ranto Liantsoa\AppData\Roaming\npm\etc\npmrc
7 verbose title npm exec pod-install
8 verbose argv "exec" "--" "pod-install"
9 verbose logfile logs-max:10 dir:E:\HANGAR\HANGAR\HangAR\android\clean\_logs\2025-05-27T19_36_09_362Z-
10 verbose logfile E:\HANGAR\HANGAR\HangAR\android\clean\_logs\2025-05-27T19_36_09_362Z-debug-0.log
11 silly logfile done cleaning log files
12 silly packumentCache heap:2197815296 maxSize:549453824 maxEntrySize:274726912
13 http fetch GET 200 https://registry.npmjs.org/pod-install 342ms (cache miss)
14 silly packumentCache heap:2197815296 maxSize:549453824 maxEntrySize:274726912
15 silly packumentCache heap:2197815296 maxSize:549453824 maxEntrySize:274726912
16 silly idealTree buildDeps
17 silly fetch manifest pod-install@0.3.9
18 silly packumentCache full:https://registry.npmjs.org/pod-install cache-miss
19 http fetch GET 200 https://registry.npmjs.org/pod-install 865ms (cache miss)
20 silly packumentCache full:https://registry.npmjs.org/pod-install set size:undefined disposed:false
21 silly placeDep ROOT pod-install@0.3.9 OK for:  want: 0.3.9
22 silly reify moves {}
23 silly audit bulk request { 'pod-install': [ '0.3.9' ] }
24 silly tarball no local data for pod-install@https://registry.npmjs.org/pod-install/-/pod-install-0.3.9.tgz. Extracting by manifest.
25 http fetch GET 200 https://registry.npmjs.org/pod-install/-/pod-install-0.3.9.tgz 119ms (cache miss)
26 http fetch POST 200 https://registry.npmjs.org/-/npm/v1/security/advisories/bulk 382ms
27 silly audit report {}
28 verbose cwd E:\HANGAR\HANGAR\HangAR\android
29 verbose os Windows_NT 10.0.26100
30 verbose node v20.17.0
31 verbose npm  v10.8.3
32 verbose exit 0
33 info ok
