0 verbose cli C:\Program Files\nodejs\node.exe C:\Users\Ranto Liantsoa\AppData\Roaming\npm\node_modules\npm\bin\npm-cli.js
1 info using npm@10.8.3
2 info using node@v20.17.0
3 silly config load:file:C:\Users\Ranto Liantsoa\AppData\Roaming\npm\node_modules\npm\npmrc
4 silly config load:file:E:\HANGAR\HANGAR\HangAR\.npmrc
5 silly config load:file:C:\Users\Ranto Liantsoa\.npmrc
6 silly config load:file:C:\Users\Ranto Liantsoa\AppData\Roaming\npm\etc\npmrc
7 verbose title npm install firebase
8 verbose argv "install" "--save" "firebase"
9 verbose logfile logs-max:10 dir:E:\HANGAR\HANGAR\HangAR\android\clean\_logs\2025-05-27T21_37_15_850Z-
10 verbose logfile E:\HANGAR\HANGAR\HangAR\android\clean\_logs\2025-05-27T21_37_15_850Z-debug-0.log
11 silly packumentCache heap:2197815296 maxSize:549453824 maxEntrySize:274726912
12 silly logfile done cleaning log files
13 silly idealTree buildDeps
14 silly fetch manifest firebase@^11.0.1
15 silly packumentCache full:https://registry.npmjs.org/firebase cache-miss
16 http fetch GET 200 https://registry.npmjs.org/firebase 3762ms (cache miss)
17 silly packumentCache full:https://registry.npmjs.org/firebase set size:undefined disposed:false
18 silly placeDep ROOT firebase@11.8.1 REPLACE for: hangar@1.0.0 want: ^11.0.1
19 silly fetch manifest @firebase/ai@1.3.0
20 silly packumentCache full:https://registry.npmjs.org/@firebase%2fai cache-miss
21 silly fetch manifest @firebase/app@0.13.0
22 silly packumentCache full:https://registry.npmjs.org/@firebase%2fapp cache-miss
23 silly fetch manifest @firebase/auth@1.10.6
24 silly packumentCache full:https://registry.npmjs.org/@firebase%2fauth cache-miss
25 silly fetch manifest @firebase/util@1.12.0
26 silly packumentCache full:https://registry.npmjs.org/@firebase%2futil cache-miss
27 silly fetch manifest @firebase/storage@0.13.12
28 silly packumentCache full:https://registry.npmjs.org/@firebase%2fstorage cache-miss
29 silly fetch manifest @firebase/database@1.0.19
30 silly packumentCache full:https://registry.npmjs.org/@firebase%2fdatabase cache-miss
31 silly fetch manifest @firebase/analytics@0.10.16
32 silly packumentCache full:https://registry.npmjs.org/@firebase%2fanalytics cache-miss
33 http fetch GET 200 https://registry.npmjs.org/@firebase%2fai 679ms (cache miss)
34 silly packumentCache full:https://registry.npmjs.org/@firebase%2fai set size:undefined disposed:false
35 silly fetch manifest @firebase/app-check@0.10.0
36 silly packumentCache full:https://registry.npmjs.org/@firebase%2fapp-check cache-miss
37 http fetch GET 200 https://registry.npmjs.org/@firebase%2fapp-check 3162ms (cache miss)
38 silly packumentCache full:https://registry.npmjs.org/@firebase%2fapp-check set size:undefined disposed:false
39 silly fetch manifest @firebase/firestore@4.7.16
40 silly packumentCache full:https://registry.npmjs.org/@firebase%2ffirestore cache-miss
41 http fetch GET 200 https://registry.npmjs.org/@firebase%2fanalytics 3909ms (cache miss)
42 silly packumentCache full:https://registry.npmjs.org/@firebase%2fanalytics set size:undefined disposed:false
43 silly fetch manifest @firebase/functions@0.12.8
44 silly packumentCache full:https://registry.npmjs.org/@firebase%2ffunctions cache-miss
45 http fetch GET 200 https://registry.npmjs.org/@firebase%2fauth 5126ms (cache miss)
46 silly packumentCache full:https://registry.npmjs.org/@firebase%2fauth set size:undefined disposed:false
47 silly fetch manifest @firebase/messaging@0.12.21
48 silly packumentCache full:https://registry.npmjs.org/@firebase%2fmessaging cache-miss
49 http fetch GET 200 https://registry.npmjs.org/@firebase%2futil 5363ms (cache miss)
50 silly packumentCache full:https://registry.npmjs.org/@firebase%2futil set size:undefined disposed:false
51 silly fetch manifest @firebase/app-compat@0.4.0
52 silly packumentCache full:https://registry.npmjs.org/@firebase%2fapp-compat cache-miss
53 http fetch GET 200 https://registry.npmjs.org/@firebase%2fapp 5562ms (cache miss)
54 silly packumentCache full:https://registry.npmjs.org/@firebase%2fapp set size:undefined disposed:false
55 silly fetch manifest @firebase/auth-compat@0.5.26
56 silly packumentCache full:https://registry.npmjs.org/@firebase%2fauth-compat cache-miss
57 http fetch GET 200 https://registry.npmjs.org/@firebase%2fstorage 5805ms (cache miss)
58 silly packumentCache full:https://registry.npmjs.org/@firebase%2fstorage set size:undefined disposed:false
59 silly fetch manifest @firebase/performance@0.7.6
60 silly packumentCache full:https://registry.npmjs.org/@firebase%2fperformance cache-miss
61 http fetch GET 200 https://registry.npmjs.org/@firebase%2fdatabase 6071ms (cache miss)
62 silly packumentCache full:https://registry.npmjs.org/@firebase%2fdatabase set size:undefined disposed:false
63 silly fetch manifest @firebase/data-connect@0.3.9
64 silly packumentCache full:https://registry.npmjs.org/@firebase%2fdata-connect cache-miss
65 http fetch GET 200 https://registry.npmjs.org/@firebase%2fapp-compat 1110ms (cache miss)
66 silly packumentCache full:https://registry.npmjs.org/@firebase%2fapp-compat set size:undefined disposed:false
67 silly fetch manifest @firebase/installations@0.6.17
68 silly packumentCache full:https://registry.npmjs.org/@firebase%2finstallations cache-miss
69 http fetch GET 200 https://registry.npmjs.org/@firebase%2fauth-compat 1074ms (cache miss)
70 silly packumentCache full:https://registry.npmjs.org/@firebase%2fauth-compat set size:undefined disposed:false
71 silly fetch manifest @firebase/remote-config@0.6.4
72 silly packumentCache full:https://registry.npmjs.org/@firebase%2fremote-config cache-miss
73 http fetch GET 200 https://registry.npmjs.org/@firebase%2ffunctions 2746ms (cache miss)
74 silly packumentCache full:https://registry.npmjs.org/@firebase%2ffunctions set size:undefined disposed:false
75 silly fetch manifest @firebase/storage-compat@0.3.22
76 silly packumentCache full:https://registry.npmjs.org/@firebase%2fstorage-compat cache-miss
77 http fetch GET 200 https://registry.npmjs.org/@firebase%2fdata-connect 704ms (cache miss)
78 silly packumentCache full:https://registry.npmjs.org/@firebase%2fdata-connect set size:undefined disposed:false
79 silly fetch manifest @firebase/database-compat@2.0.10
80 silly packumentCache full:https://registry.npmjs.org/@firebase%2fdatabase-compat cache-miss
81 http fetch GET 200 https://registry.npmjs.org/@firebase%2fmessaging 1873ms (cache miss)
82 silly packumentCache full:https://registry.npmjs.org/@firebase%2fmessaging set size:undefined disposed:false
83 silly fetch manifest @firebase/analytics-compat@0.2.22
84 silly packumentCache full:https://registry.npmjs.org/@firebase%2fanalytics-compat cache-miss
85 http fetch GET 200 https://registry.npmjs.org/@firebase%2fperformance 1475ms (cache miss)
86 silly packumentCache full:https://registry.npmjs.org/@firebase%2fperformance set size:undefined disposed:false
87 silly fetch manifest @firebase/app-check-compat@0.3.25
88 silly packumentCache full:https://registry.npmjs.org/@firebase%2fapp-check-compat cache-miss
89 http fetch GET 200 https://registry.npmjs.org/@firebase%2ffirestore 3718ms (cache miss)
90 silly packumentCache full:https://registry.npmjs.org/@firebase%2ffirestore set size:undefined disposed:false
91 silly fetch manifest @firebase/firestore-compat@0.3.51
92 silly packumentCache full:https://registry.npmjs.org/@firebase%2ffirestore-compat cache-miss
93 http fetch GET 200 https://registry.npmjs.org/@firebase%2fdatabase-compat 1008ms (cache miss)
94 silly packumentCache full:https://registry.npmjs.org/@firebase%2fdatabase-compat set size:undefined disposed:false
95 silly fetch manifest @firebase/functions-compat@0.3.25
96 silly packumentCache full:https://registry.npmjs.org/@firebase%2ffunctions-compat cache-miss
97 http fetch GET 200 https://registry.npmjs.org/@firebase%2fstorage-compat 1141ms (cache miss)
98 silly packumentCache full:https://registry.npmjs.org/@firebase%2fstorage-compat set size:undefined disposed:false
99 silly fetch manifest @firebase/messaging-compat@0.2.21
100 silly packumentCache full:https://registry.npmjs.org/@firebase%2fmessaging-compat cache-miss
101 http fetch GET 200 https://registry.npmjs.org/@firebase%2finstallations 1596ms (cache miss)
102 silly packumentCache full:https://registry.npmjs.org/@firebase%2finstallations set size:undefined disposed:false
103 silly fetch manifest @firebase/performance-compat@0.2.19
104 silly packumentCache full:https://registry.npmjs.org/@firebase%2fperformance-compat cache-miss
105 http fetch GET 200 https://registry.npmjs.org/@firebase%2fanalytics-compat 1018ms (cache miss)
106 silly packumentCache full:https://registry.npmjs.org/@firebase%2fanalytics-compat set size:undefined disposed:false
107 silly fetch manifest @firebase/installations-compat@0.2.17
108 silly packumentCache full:https://registry.npmjs.org/@firebase%2finstallations-compat cache-miss
109 http fetch GET 200 https://registry.npmjs.org/@firebase%2fremote-config 1602ms (cache miss)
110 silly packumentCache full:https://registry.npmjs.org/@firebase%2fremote-config set size:undefined disposed:false
111 silly fetch manifest @firebase/remote-config-compat@0.2.17
112 silly packumentCache full:https://registry.npmjs.org/@firebase%2fremote-config-compat cache-miss
113 http fetch GET 200 https://registry.npmjs.org/@firebase%2fapp-check-compat 959ms (cache miss)
114 silly packumentCache full:https://registry.npmjs.org/@firebase%2fapp-check-compat set size:undefined disposed:false
115 http fetch GET 200 https://registry.npmjs.org/@firebase%2ffirestore-compat 852ms (cache miss)
116 silly packumentCache full:https://registry.npmjs.org/@firebase%2ffirestore-compat set size:undefined disposed:false
117 http fetch GET 200 https://registry.npmjs.org/@firebase%2ffunctions-compat 757ms (cache miss)
118 silly packumentCache full:https://registry.npmjs.org/@firebase%2ffunctions-compat set size:undefined disposed:false
119 http fetch GET 200 https://registry.npmjs.org/@firebase%2fmessaging-compat 842ms (cache miss)
120 silly packumentCache full:https://registry.npmjs.org/@firebase%2fmessaging-compat set size:undefined disposed:false
121 http fetch GET 200 https://registry.npmjs.org/@firebase%2fperformance-compat 884ms (cache miss)
122 silly packumentCache full:https://registry.npmjs.org/@firebase%2fperformance-compat set size:undefined disposed:false
123 http fetch GET 200 https://registry.npmjs.org/@firebase%2finstallations-compat 843ms (cache miss)
124 silly packumentCache full:https://registry.npmjs.org/@firebase%2finstallations-compat set size:undefined disposed:false
125 http fetch GET 200 https://registry.npmjs.org/@firebase%2fremote-config-compat 800ms (cache miss)
126 silly packumentCache full:https://registry.npmjs.org/@firebase%2fremote-config-compat set size:undefined disposed:false
127 silly fetch manifest @firebase/app-types@0.9.3
128 silly packumentCache full:https://registry.npmjs.org/@firebase%2fapp-types cache-miss
129 http fetch GET 200 https://registry.npmjs.org/@firebase%2fapp-types 885ms (cache miss)
130 silly packumentCache full:https://registry.npmjs.org/@firebase%2fapp-types set size:undefined disposed:false
131 silly fetch manifest @react-native-async-storage/async-storage@^1.18.1
132 silly packumentCache full:https://registry.npmjs.org/@react-native-async-storage%2fasync-storage cache-miss
133 http fetch GET 200 https://registry.npmjs.org/@react-native-async-storage%2fasync-storage 1025ms (cache miss)
134 silly packumentCache full:https://registry.npmjs.org/@react-native-async-storage%2fasync-storage set size:undefined disposed:false
135 silly fetch manifest react-native@^0.0.0-0 || >=0.60 <1.0
136 silly packumentCache full:https://registry.npmjs.org/react-native cache-miss
137 http fetch GET 200 https://registry.npmjs.org/react-native 293ms (cache revalidated)
138 silly packumentCache full:https://registry.npmjs.org/react-native set size:13459003 disposed:false
139 silly fetch manifest @types/react@^19.0.0
140 silly packumentCache full:https://registry.npmjs.org/@types%2freact cache-miss
141 http fetch GET 200 https://registry.npmjs.org/@types%2freact 65ms (cache revalidated)
142 silly packumentCache full:https://registry.npmjs.org/@types%2freact set size:2403615 disposed:false
143 silly fetch manifest react@^19.0.0
144 silly packumentCache full:https://registry.npmjs.org/react cache-miss
145 http fetch GET 200 https://registry.npmjs.org/react 59ms (cache revalidated)
146 silly packumentCache full:https://registry.npmjs.org/react set size:5728607 disposed:false
147 silly placeDep ROOT @firebase/ai@1.3.0 OK for: firebase@11.8.1 want: 1.3.0
148 silly placeDep ROOT @firebase/app@0.13.0 OK for: @firebase/ai@1.3.0 want: 0.x
149 silly placeDep ROOT @firebase/analytics@0.10.16 OK for: firebase@11.8.1 want: 0.10.16
150 silly placeDep ROOT @firebase/analytics-compat@0.2.22 OK for: firebase@11.8.1 want: 0.2.22
151 silly placeDep ROOT @firebase/app-compat@0.4.0 OK for: @firebase/analytics-compat@0.2.22 want: 0.x
152 silly placeDep ROOT @firebase/app-check@0.10.0 OK for: firebase@11.8.1 want: 0.10.0
153 silly placeDep ROOT @firebase/app-check-compat@0.3.25 OK for: firebase@11.8.1 want: 0.3.25
154 silly placeDep ROOT @firebase/auth@1.10.6 OK for: firebase@11.8.1 want: 1.10.6
155 silly placeDep ROOT @firebase/auth-compat@0.5.26 OK for: firebase@11.8.1 want: 0.5.26
156 silly placeDep ROOT @firebase/data-connect@0.3.9 OK for: firebase@11.8.1 want: 0.3.9
157 silly placeDep ROOT @firebase/database@1.0.19 OK for: firebase@11.8.1 want: 1.0.19
158 silly placeDep ROOT @firebase/database-compat@2.0.10 OK for: firebase@11.8.1 want: 2.0.10
159 silly placeDep ROOT @firebase/firestore@4.7.16 OK for: firebase@11.8.1 want: 4.7.16
160 silly placeDep ROOT @firebase/firestore-compat@0.3.51 OK for: firebase@11.8.1 want: 0.3.51
161 silly placeDep ROOT @firebase/functions@0.12.8 OK for: firebase@11.8.1 want: 0.12.8
162 silly placeDep ROOT @firebase/functions-compat@0.3.25 OK for: firebase@11.8.1 want: 0.3.25
163 silly placeDep ROOT @firebase/installations@0.6.17 OK for: firebase@11.8.1 want: 0.6.17
164 silly placeDep ROOT @firebase/installations-compat@0.2.17 OK for: firebase@11.8.1 want: 0.2.17
165 silly placeDep ROOT @firebase/messaging@0.12.21 OK for: firebase@11.8.1 want: 0.12.21
166 silly placeDep ROOT @firebase/messaging-compat@0.2.21 OK for: firebase@11.8.1 want: 0.2.21
167 silly placeDep ROOT @firebase/performance@0.7.6 OK for: firebase@11.8.1 want: 0.7.6
168 silly placeDep ROOT @firebase/performance-compat@0.2.19 OK for: firebase@11.8.1 want: 0.2.19
169 silly placeDep ROOT @firebase/remote-config@0.6.4 OK for: firebase@11.8.1 want: 0.6.4
170 silly placeDep ROOT @firebase/remote-config-compat@0.2.17 OK for: firebase@11.8.1 want: 0.2.17
171 silly placeDep ROOT @firebase/storage@0.13.12 OK for: firebase@11.8.1 want: 0.13.12
172 silly placeDep ROOT @firebase/storage-compat@0.3.22 OK for: firebase@11.8.1 want: 0.3.22
173 silly placeDep ROOT @firebase/util@1.12.0 REPLACE for: firebase@11.8.1 want: 1.12.0
174 silly fetch manifest @firebase/component@0.6.17
175 silly packumentCache full:https://registry.npmjs.org/@firebase%2fcomponent cache-miss
176 silly fetch manifest @firebase/component@0.6.17
177 silly packumentCache full:https://registry.npmjs.org/@firebase%2fcomponent cache-miss
178 silly fetch manifest @firebase/component@0.6.17
179 silly packumentCache full:https://registry.npmjs.org/@firebase%2fcomponent cache-miss
180 silly fetch manifest @firebase/component@0.6.17
181 silly packumentCache full:https://registry.npmjs.org/@firebase%2fcomponent cache-miss
182 silly fetch manifest @firebase/component@0.6.17
183 silly packumentCache full:https://registry.npmjs.org/@firebase%2fcomponent cache-miss
184 silly fetch manifest @firebase/component@0.6.17
185 silly packumentCache full:https://registry.npmjs.org/@firebase%2fcomponent cache-miss
186 silly fetch manifest @firebase/component@0.6.17
187 silly packumentCache full:https://registry.npmjs.org/@firebase%2fcomponent cache-miss
188 http fetch GET 200 https://registry.npmjs.org/@firebase%2fcomponent 1467ms (cache miss)
189 silly packumentCache full:https://registry.npmjs.org/@firebase%2fcomponent set size:undefined disposed:false
190 silly fetch manifest @firebase/database-types@1.0.14
191 silly packumentCache full:https://registry.npmjs.org/@firebase%2fdatabase-types cache-miss
192 http fetch GET 200 https://registry.npmjs.org/@firebase%2fcomponent 1657ms (cache miss)
193 silly packumentCache full:https://registry.npmjs.org/@firebase%2fcomponent set size:undefined disposed:false
194 http fetch GET 200 https://registry.npmjs.org/@firebase%2fcomponent 1823ms (cache miss)
195 silly packumentCache full:https://registry.npmjs.org/@firebase%2fcomponent set size:undefined disposed:false
196 http fetch GET 200 https://registry.npmjs.org/@firebase%2fcomponent 1910ms (cache miss)
197 silly packumentCache full:https://registry.npmjs.org/@firebase%2fcomponent set size:undefined disposed:false
198 http fetch GET 200 https://registry.npmjs.org/@firebase%2fcomponent 2032ms (cache miss)
199 silly packumentCache full:https://registry.npmjs.org/@firebase%2fcomponent set size:undefined disposed:false
200 http fetch GET 200 https://registry.npmjs.org/@firebase%2fcomponent 2137ms (cache miss)
201 silly packumentCache full:https://registry.npmjs.org/@firebase%2fcomponent set size:undefined disposed:false
202 http fetch GET 200 https://registry.npmjs.org/@firebase%2fcomponent 2237ms (cache miss)
203 silly packumentCache full:https://registry.npmjs.org/@firebase%2fcomponent set size:undefined disposed:false
204 http fetch GET 200 https://registry.npmjs.org/@firebase%2fdatabase-types 936ms (cache miss)
205 silly packumentCache full:https://registry.npmjs.org/@firebase%2fdatabase-types set size:undefined disposed:false
206 silly placeDep ROOT @firebase/component@0.6.17 OK for: @firebase/ai@1.3.0 want: 0.6.17
207 silly placeDep ROOT @firebase/database-types@1.0.14 OK for: @firebase/database-compat@2.0.10 want: 1.0.14
208 silly reify mark retired [ 'E:\\HANGAR\\HANGAR\\HangAR\\node_modules\\@firebase\\analytics' ]
209 silly reify mark retired [
209 silly reify   'E:\\HANGAR\\HANGAR\\HangAR\\node_modules\\@firebase\\analytics-compat'
209 silly reify ]
210 silly reify mark retired [ 'E:\\HANGAR\\HANGAR\\HangAR\\node_modules\\@firebase\\app' ]
211 silly reify mark retired [ 'E:\\HANGAR\\HANGAR\\HangAR\\node_modules\\@firebase\\app-check' ]
212 silly reify mark retired [
212 silly reify   'E:\\HANGAR\\HANGAR\\HangAR\\node_modules\\@firebase\\app-check-compat'
212 silly reify ]
213 silly reify mark retired [ 'E:\\HANGAR\\HANGAR\\HangAR\\node_modules\\@firebase\\app-compat' ]
214 silly reify mark retired [ 'E:\\HANGAR\\HANGAR\\HangAR\\node_modules\\@firebase\\auth' ]
215 silly reify mark retired [ 'E:\\HANGAR\\HANGAR\\HangAR\\node_modules\\@firebase\\auth-compat' ]
216 silly reify mark retired [ 'E:\\HANGAR\\HANGAR\\HangAR\\node_modules\\@firebase\\component' ]
217 silly reify mark retired [ 'E:\\HANGAR\\HANGAR\\HangAR\\node_modules\\@firebase\\data-connect' ]
218 silly reify mark retired [ 'E:\\HANGAR\\HANGAR\\HangAR\\node_modules\\@firebase\\database' ]
219 silly reify mark retired [
219 silly reify   'E:\\HANGAR\\HANGAR\\HangAR\\node_modules\\@firebase\\database-compat'
219 silly reify ]
220 silly reify mark retired [
220 silly reify   'E:\\HANGAR\\HANGAR\\HangAR\\node_modules\\@firebase\\database-types'
220 silly reify ]
221 silly reify mark retired [ 'E:\\HANGAR\\HANGAR\\HangAR\\node_modules\\@firebase\\firestore' ]
222 silly reify mark retired [
222 silly reify   'E:\\HANGAR\\HANGAR\\HangAR\\node_modules\\@firebase\\firestore-compat'
222 silly reify ]
223 silly reify mark retired [ 'E:\\HANGAR\\HANGAR\\HangAR\\node_modules\\@firebase\\functions' ]
224 silly reify mark retired [
224 silly reify   'E:\\HANGAR\\HANGAR\\HangAR\\node_modules\\@firebase\\functions-compat'
224 silly reify ]
225 silly reify mark retired [
225 silly reify   'E:\\HANGAR\\HANGAR\\HangAR\\node_modules\\@firebase\\installations'
225 silly reify ]
226 silly reify mark retired [
226 silly reify   'E:\\HANGAR\\HANGAR\\HangAR\\node_modules\\@firebase\\installations-compat'
226 silly reify ]
227 silly reify mark retired [ 'E:\\HANGAR\\HANGAR\\HangAR\\node_modules\\@firebase\\messaging' ]
228 silly reify mark retired [
228 silly reify   'E:\\HANGAR\\HANGAR\\HangAR\\node_modules\\@firebase\\messaging-compat'
228 silly reify ]
229 silly reify mark retired [ 'E:\\HANGAR\\HANGAR\\HangAR\\node_modules\\@firebase\\performance' ]
230 silly reify mark retired [
230 silly reify   'E:\\HANGAR\\HANGAR\\HangAR\\node_modules\\@firebase\\performance-compat'
230 silly reify ]
231 silly reify mark retired [
231 silly reify   'E:\\HANGAR\\HANGAR\\HangAR\\node_modules\\@firebase\\remote-config'
231 silly reify ]
232 silly reify mark retired [
232 silly reify   'E:\\HANGAR\\HANGAR\\HangAR\\node_modules\\@firebase\\remote-config-compat'
232 silly reify ]
233 silly reify mark retired [ 'E:\\HANGAR\\HANGAR\\HangAR\\node_modules\\@firebase\\storage' ]
234 silly reify mark retired [
234 silly reify   'E:\\HANGAR\\HANGAR\\HangAR\\node_modules\\@firebase\\storage-compat'
234 silly reify ]
235 silly reify mark retired [ 'E:\\HANGAR\\HANGAR\\HangAR\\node_modules\\@firebase\\util' ]
236 silly reify mark retired [ 'E:\\HANGAR\\HANGAR\\HangAR\\node_modules\\@firebase\\vertexai' ]
237 silly reify mark retired [ 'E:\\HANGAR\\HANGAR\\HangAR\\node_modules\\firebase' ]
238 silly reify moves {
238 silly reify   'E:\\HANGAR\\HANGAR\\HangAR\\node_modules\\@firebase\\analytics': 'E:\\HANGAR\\HANGAR\\HangAR\\node_modules\\@firebase\\.analytics-nUDjWFIR',
238 silly reify   'E:\\HANGAR\\HANGAR\\HangAR\\node_modules\\@firebase\\analytics-compat': 'E:\\HANGAR\\HANGAR\\HangAR\\node_modules\\@firebase\\.analytics-compat-3T02qsjy',
238 silly reify   'E:\\HANGAR\\HANGAR\\HangAR\\node_modules\\@firebase\\app': 'E:\\HANGAR\\HANGAR\\HangAR\\node_modules\\@firebase\\.app-6DJP6Mt0',
238 silly reify   'E:\\HANGAR\\HANGAR\\HangAR\\node_modules\\@firebase\\app-check': 'E:\\HANGAR\\HANGAR\\HangAR\\node_modules\\@firebase\\.app-check-87jhfcHX',
238 silly reify   'E:\\HANGAR\\HANGAR\\HangAR\\node_modules\\@firebase\\app-check-compat': 'E:\\HANGAR\\HANGAR\\HangAR\\node_modules\\@firebase\\.app-check-compat-k4Rs6VMO',
238 silly reify   'E:\\HANGAR\\HANGAR\\HangAR\\node_modules\\@firebase\\app-compat': 'E:\\HANGAR\\HANGAR\\HangAR\\node_modules\\@firebase\\.app-compat-btew1ldG',
238 silly reify   'E:\\HANGAR\\HANGAR\\HangAR\\node_modules\\@firebase\\auth': 'E:\\HANGAR\\HANGAR\\HangAR\\node_modules\\@firebase\\.auth-GzJHwGvk',
238 silly reify   'E:\\HANGAR\\HANGAR\\HangAR\\node_modules\\@firebase\\auth-compat': 'E:\\HANGAR\\HANGAR\\HangAR\\node_modules\\@firebase\\.auth-compat-g641f30v',
238 silly reify   'E:\\HANGAR\\HANGAR\\HangAR\\node_modules\\@firebase\\component': 'E:\\HANGAR\\HANGAR\\HangAR\\node_modules\\@firebase\\.component-oQcJZgsC',
238 silly reify   'E:\\HANGAR\\HANGAR\\HangAR\\node_modules\\@firebase\\data-connect': 'E:\\HANGAR\\HANGAR\\HangAR\\node_modules\\@firebase\\.data-connect-4odrXQvA',
238 silly reify   'E:\\HANGAR\\HANGAR\\HangAR\\node_modules\\@firebase\\database': 'E:\\HANGAR\\HANGAR\\HangAR\\node_modules\\@firebase\\.database-x8MtkHzc',
238 silly reify   'E:\\HANGAR\\HANGAR\\HangAR\\node_modules\\@firebase\\database-compat': 'E:\\HANGAR\\HANGAR\\HangAR\\node_modules\\@firebase\\.database-compat-0Osd8gJR',
238 silly reify   'E:\\HANGAR\\HANGAR\\HangAR\\node_modules\\@firebase\\database-types': 'E:\\HANGAR\\HANGAR\\HangAR\\node_modules\\@firebase\\.database-types-Q1Kj6rQI',
238 silly reify   'E:\\HANGAR\\HANGAR\\HangAR\\node_modules\\@firebase\\firestore': 'E:\\HANGAR\\HANGAR\\HangAR\\node_modules\\@firebase\\.firestore-6c5rs1oy',
238 silly reify   'E:\\HANGAR\\HANGAR\\HangAR\\node_modules\\@firebase\\firestore-compat': 'E:\\HANGAR\\HANGAR\\HangAR\\node_modules\\@firebase\\.firestore-compat-MLw81yA6',
238 silly reify   'E:\\HANGAR\\HANGAR\\HangAR\\node_modules\\@firebase\\functions': 'E:\\HANGAR\\HANGAR\\HangAR\\node_modules\\@firebase\\.functions-RXSSUVZx',
238 silly reify   'E:\\HANGAR\\HANGAR\\HangAR\\node_modules\\@firebase\\functions-compat': 'E:\\HANGAR\\HANGAR\\HangAR\\node_modules\\@firebase\\.functions-compat-OaSCNYMz',
238 silly reify   'E:\\HANGAR\\HANGAR\\HangAR\\node_modules\\@firebase\\installations': 'E:\\HANGAR\\HANGAR\\HangAR\\node_modules\\@firebase\\.installations-9CJo3Cab',
238 silly reify   'E:\\HANGAR\\HANGAR\\HangAR\\node_modules\\@firebase\\installations-compat': 'E:\\HANGAR\\HANGAR\\HangAR\\node_modules\\@firebase\\.installations-compat-KD4rN655',
238 silly reify   'E:\\HANGAR\\HANGAR\\HangAR\\node_modules\\@firebase\\messaging': 'E:\\HANGAR\\HANGAR\\HangAR\\node_modules\\@firebase\\.messaging-mjwg9nGo',
238 silly reify   'E:\\HANGAR\\HANGAR\\HangAR\\node_modules\\@firebase\\messaging-compat': 'E:\\HANGAR\\HANGAR\\HangAR\\node_modules\\@firebase\\.messaging-compat-9r7fv3al',
238 silly reify   'E:\\HANGAR\\HANGAR\\HangAR\\node_modules\\@firebase\\performance': 'E:\\HANGAR\\HANGAR\\HangAR\\node_modules\\@firebase\\.performance-GGy0PSDl',
238 silly reify   'E:\\HANGAR\\HANGAR\\HangAR\\node_modules\\@firebase\\performance-compat': 'E:\\HANGAR\\HANGAR\\HangAR\\node_modules\\@firebase\\.performance-compat-4ZbGqe1E',
238 silly reify   'E:\\HANGAR\\HANGAR\\HangAR\\node_modules\\@firebase\\remote-config': 'E:\\HANGAR\\HANGAR\\HangAR\\node_modules\\@firebase\\.remote-config-8FS2DPeH',
238 silly reify   'E:\\HANGAR\\HANGAR\\HangAR\\node_modules\\@firebase\\remote-config-compat': 'E:\\HANGAR\\HANGAR\\HangAR\\node_modules\\@firebase\\.remote-config-compat-0oJazf5m',
238 silly reify   'E:\\HANGAR\\HANGAR\\HangAR\\node_modules\\@firebase\\storage': 'E:\\HANGAR\\HANGAR\\HangAR\\node_modules\\@firebase\\.storage-gHhfbPcz',
238 silly reify   'E:\\HANGAR\\HANGAR\\HangAR\\node_modules\\@firebase\\storage-compat': 'E:\\HANGAR\\HANGAR\\HangAR\\node_modules\\@firebase\\.storage-compat-Wt9rVyAA',
238 silly reify   'E:\\HANGAR\\HANGAR\\HangAR\\node_modules\\@firebase\\util': 'E:\\HANGAR\\HANGAR\\HangAR\\node_modules\\@firebase\\.util-fvSUe3CU',
238 silly reify   'E:\\HANGAR\\HANGAR\\HangAR\\node_modules\\@firebase\\vertexai': 'E:\\HANGAR\\HANGAR\\HangAR\\node_modules\\@firebase\\.vertexai-qOKi29oM',
238 silly reify   'E:\\HANGAR\\HANGAR\\HangAR\\node_modules\\firebase': 'E:\\HANGAR\\HANGAR\\HangAR\\node_modules\\.firebase-aPIpoiwN'
238 silly reify }
239 silly audit bulk request {
239 silly audit   hangar: [ '1.0.0' ],
239 silly audit   '@0no-co/graphql.web': [ '1.1.2' ],
239 silly audit   '@ampproject/remapping': [ '2.3.0' ],
239 silly audit   '@babel/code-frame': [ '7.27.1', '7.10.4' ],
239 silly audit   '@babel/compat-data': [ '7.27.2' ],
239 silly audit   '@babel/core': [ '7.27.1' ],
239 silly audit   '@babel/generator': [ '7.27.1' ],
239 silly audit   '@babel/helper-annotate-as-pure': [ '7.27.1' ],
239 silly audit   '@babel/helper-compilation-targets': [ '7.27.2' ],
239 silly audit   '@babel/helper-create-class-features-plugin': [ '7.27.1' ],
239 silly audit   '@babel/helper-create-regexp-features-plugin': [ '7.27.1' ],
239 silly audit   '@babel/helper-define-polyfill-provider': [ '0.6.4' ],
239 silly audit   '@babel/helper-member-expression-to-functions': [ '7.27.1' ],
239 silly audit   '@babel/helper-module-imports': [ '7.27.1' ],
239 silly audit   '@babel/helper-module-transforms': [ '7.27.1' ],
239 silly audit   '@babel/helper-optimise-call-expression': [ '7.27.1' ],
239 silly audit   '@babel/helper-plugin-utils': [ '7.27.1' ],
239 silly audit   '@babel/helper-remap-async-to-generator': [ '7.27.1' ],
239 silly audit   '@babel/helper-replace-supers': [ '7.27.1' ],
239 silly audit   '@babel/helper-skip-transparent-expression-wrappers': [ '7.27.1' ],
239 silly audit   '@babel/helper-string-parser': [ '7.27.1' ],
239 silly audit   '@babel/helper-validator-identifier': [ '7.27.1' ],
239 silly audit   '@babel/helper-validator-option': [ '7.27.1' ],
239 silly audit   '@babel/helper-wrap-function': [ '7.27.1' ],
239 silly audit   '@babel/helpers': [ '7.27.1' ],
239 silly audit   '@babel/highlight': [ '7.25.9' ],
239 silly audit   'ansi-styles': [ '3.2.1', '6.2.1', '4.3.0', '5.2.0' ],
239 silly audit   chalk: [ '2.4.2', '4.1.2' ],
239 silly audit   'color-convert': [ '1.9.3', '2.0.1' ],
239 silly audit   'color-name': [ '1.1.3', '1.1.4' ],
239 silly audit   'escape-string-regexp': [ '1.0.5', '4.0.0', '2.0.0' ],
239 silly audit   'has-flag': [ '3.0.0', '4.0.0' ],
239 silly audit   'supports-color': [ '5.5.0', '8.1.1', '7.2.0' ],
239 silly audit   '@babel/parser': [ '7.27.2' ],
239 silly audit   '@babel/plugin-proposal-decorators': [ '7.27.1' ],
239 silly audit   '@babel/plugin-proposal-export-default-from': [ '7.27.1' ],
239 silly audit   '@babel/plugin-syntax-async-generators': [ '7.8.4' ],
239 silly audit   '@babel/plugin-syntax-bigint': [ '7.8.3' ],
239 silly audit   '@babel/plugin-syntax-class-properties': [ '7.12.13' ],
239 silly audit   '@babel/plugin-syntax-class-static-block': [ '7.14.5' ],
239 silly audit   '@babel/plugin-syntax-decorators': [ '7.27.1' ],
239 silly audit   '@babel/plugin-syntax-dynamic-import': [ '7.8.3' ],
239 silly audit   '@babel/plugin-syntax-export-default-from': [ '7.27.1' ],
239 silly audit   '@babel/plugin-syntax-flow': [ '7.27.1' ],
239 silly audit   '@babel/plugin-syntax-import-attributes': [ '7.27.1' ],
239 silly audit   '@babel/plugin-syntax-import-meta': [ '7.10.4' ],
239 silly audit   '@babel/plugin-syntax-json-strings': [ '7.8.3' ],
239 silly audit   '@babel/plugin-syntax-jsx': [ '7.27.1' ],
239 silly audit   '@babel/plugin-syntax-logical-assignment-operators': [ '7.10.4' ],
239 silly audit   '@babel/plugin-syntax-nullish-coalescing-operator': [ '7.8.3' ],
239 silly audit   '@babel/plugin-syntax-numeric-separator': [ '7.10.4' ],
239 silly audit   '@babel/plugin-syntax-object-rest-spread': [ '7.8.3' ],
239 silly audit   '@babel/plugin-syntax-optional-catch-binding': [ '7.8.3' ],
239 silly audit   '@babel/plugin-syntax-optional-chaining': [ '7.8.3' ],
239 silly audit   '@babel/plugin-syntax-private-property-in-object': [ '7.14.5' ],
239 silly audit   '@babel/plugin-syntax-top-level-await': [ '7.14.5' ],
239 silly audit   '@babel/plugin-syntax-typescript': [ '7.27.1' ],
239 silly audit   '@babel/plugin-transform-arrow-functions': [ '7.27.1' ],
239 silly audit   '@babel/plugin-transform-async-generator-functions': [ '7.27.1' ],
239 silly audit   '@babel/plugin-transform-async-to-generator': [ '7.27.1' ],
239 silly audit   '@babel/plugin-transform-block-scoping': [ '7.27.1' ],
239 silly audit   '@babel/plugin-transform-class-properties': [ '7.27.1' ],
239 silly audit   '@babel/plugin-transform-classes': [ '7.27.1' ],
239 silly audit   '@babel/plugin-transform-computed-properties': [ '7.27.1' ],
239 silly audit   '@babel/plugin-transform-destructuring': [ '7.27.1' ],
239 silly audit   '@babel/plugin-transform-export-namespace-from': [ '7.27.1' ],
239 silly audit   '@babel/plugin-transform-flow-strip-types': [ '7.27.1' ],
239 silly audit   '@babel/plugin-transform-for-of': [ '7.27.1' ],
239 silly audit   '@babel/plugin-transform-function-name': [ '7.27.1' ],
239 silly audit   '@babel/plugin-transform-literals': [ '7.27.1' ],
239 silly audit   '@babel/plugin-transform-logical-assignment-operators': [ '7.27.1' ],
239 silly audit   '@babel/plugin-transform-modules-commonjs': [ '7.27.1' ],
239 silly audit   '@babel/plugin-transform-named-capturing-groups-regex': [ '7.27.1' ],
239 silly audit   '@babel/plugin-transform-nullish-coalescing-operator': [ '7.27.1' ],
239 silly audit   '@babel/plugin-transform-numeric-separator': [ '7.27.1' ],
239 silly audit   '@babel/plugin-transform-object-rest-spread': [ '7.27.2' ],
239 silly audit   '@babel/plugin-transform-optional-catch-binding': [ '7.27.1' ],
239 silly audit   '@babel/plugin-transform-optional-chaining': [ '7.27.1' ],
239 silly audit   '@babel/plugin-transform-parameters': [ '7.27.1' ],
239 silly audit   '@babel/plugin-transform-private-methods': [ '7.27.1' ],
239 silly audit   '@babel/plugin-transform-private-property-in-object': [ '7.27.1' ],
239 silly audit   '@babel/plugin-transform-react-display-name': [ '7.27.1' ],
239 silly audit   '@babel/plugin-transform-react-jsx': [ '7.27.1' ],
239 silly audit   '@babel/plugin-transform-react-jsx-development': [ '7.27.1' ],
239 silly audit   '@babel/plugin-transform-react-jsx-self': [ '7.27.1' ],
239 silly audit   '@babel/plugin-transform-react-jsx-source': [ '7.27.1' ],
239 silly audit   '@babel/plugin-transform-react-pure-annotations': [ '7.27.1' ],
239 silly audit   '@babel/plugin-transform-regenerator': [ '7.27.1' ],
239 silly audit   '@babel/plugin-transform-runtime': [ '7.27.1' ],
239 silly audit   '@babel/plugin-transform-shorthand-properties': [ '7.27.1' ],
239 silly audit   '@babel/plugin-transform-spread': [ '7.27.1' ],
239 silly audit   '@babel/plugin-transform-sticky-regex': [ '7.27.1' ],
239 silly audit   '@babel/plugin-transform-typescript': [ '7.27.1' ],
239 silly audit   '@babel/plugin-transform-unicode-regex': [ '7.27.1' ],
239 silly audit   '@babel/preset-react': [ '7.27.1' ],
239 silly audit   '@babel/preset-typescript': [ '7.27.1' ],
239 silly audit   '@babel/runtime': [ '7.27.1' ],
239 silly audit   '@babel/template': [ '7.27.2' ],
239 silly audit   '@babel/traverse': [ '7.27.1' ],
239 silly audit   '@babel/types': [ '7.27.1' ],
239 silly audit   '@callstack/react-theme-provider': [ '3.0.9' ],
239 silly audit   deepmerge: [ '3.3.0', '4.3.1' ],
239 silly audit   '@egjs/hammerjs': [ '2.0.17' ],
239 silly audit   '@expo/cli': [ '0.24.12' ],
239 silly audit   'brace-expansion': [ '2.0.1', '1.1.11' ],
239 silly audit   minimatch: [ '9.0.5', '3.1.2' ],
239 silly audit   semver: [ '7.7.1', '6.3.1' ],
239 silly audit   '@expo/code-signing-certificates': [ '0.0.5' ],
239 silly audit   '@expo/config': [ '11.0.9' ],
239 silly audit   '@expo/config-plugins': [ '10.0.2' ],
239 silly audit   '@expo/config-types': [ '53.0.4' ],
239 silly audit   '@expo/devcert': [ '1.2.0' ],
239 silly audit   debug: [ '3.2.7', '2.6.9', '4.4.0' ],
239 silly audit   '@expo/env': [ '1.0.5' ],
239 silly audit   '@expo/fingerprint': [ '0.12.4' ],
239 silly audit   '@expo/image-utils': [ '0.7.4' ],
239 silly audit   '@expo/json-file': [ '9.1.4' ],
239 silly audit   '@expo/metro-config': [ '0.20.14' ],
239 silly audit   '@expo/osascript': [ '2.2.4' ],
239 silly audit   '@expo/package-manager': [ '1.8.4' ],
239 silly audit   '@expo/plist': [ '0.3.4' ],
239 silly audit   '@expo/prebuild-config': [ '9.0.6' ],
239 silly audit   '@expo/sdk-runtime-versions': [ '1.0.0' ],
239 silly audit   '@expo/spawn-async': [ '1.7.2' ],
239 silly audit   '@expo/sudo-prompt': [ '9.3.2' ],
239 silly audit   '@expo/vector-icons': [ '14.1.0' ],
239 silly audit   '@expo/ws-tunnel': [ '1.0.6' ],
239 silly audit   '@expo/xcpretty': [ '4.3.2' ],
239 silly audit   '@firebase/analytics': [ '0.10.11', '0.10.16' ],
239 silly audit   '@firebase/analytics-compat': [ '0.2.17', '0.2.22' ],
239 silly audit   '@firebase/analytics-types': [ '0.8.3' ],
239 silly audit   '@firebase/app': [ '0.11.1', '0.13.0' ],
239 silly audit   '@firebase/app-check': [ '0.8.11', '0.10.0' ],
239 silly audit   '@firebase/app-check-compat': [ '0.3.18', '0.3.25' ],
239 silly audit   '@firebase/app-check-interop-types': [ '0.3.3' ],
239 silly audit   '@firebase/app-check-types': [ '0.5.3' ],
239 silly audit   '@firebase/app-compat': [ '0.2.50', '0.4.0' ],
239 silly audit   '@firebase/app-types': [ '0.9.3' ],
239 silly audit   '@firebase/auth': [ '1.9.0', '1.10.6' ],
239 silly audit   '@firebase/auth-compat': [ '0.5.18', '0.5.26' ],
239 silly audit   '@firebase/auth-interop-types': [ '0.2.4' ],
239 silly audit   '@firebase/auth-types': [ '0.13.0' ],
239 silly audit   '@firebase/component': [ '0.6.12', '0.6.17' ],
239 silly audit   '@firebase/data-connect': [ '0.3.0', '0.3.9' ],
239 silly audit   '@firebase/database': [ '1.0.12', '1.0.19' ],
239 silly audit   '@firebase/database-compat': [ '2.0.3', '2.0.10' ],
239 silly audit   '@firebase/database-types': [ '1.0.8', '1.0.14' ],
239 silly audit   '@firebase/firestore': [ '4.7.8', '4.7.16' ],
239 silly audit   '@firebase/firestore-compat': [ '0.3.43', '0.3.51' ],
239 silly audit   '@firebase/firestore-types': [ '3.0.3' ],
239 silly audit   '@firebase/functions': [ '0.12.2', '0.12.8' ],
239 silly audit   '@firebase/functions-compat': [ '0.3.19', '0.3.25' ],
239 silly audit   '@firebase/functions-types': [ '0.6.3' ],
239 silly audit   '@firebase/installations': [ '0.6.12', '0.6.17' ],
239 silly audit   '@firebase/installations-compat': [ '0.2.12', '0.2.17' ],
239 silly audit   '@firebase/installations-types': [ '0.5.3' ],
239 silly audit   '@firebase/logger': [ '0.4.4' ],
239 silly audit   '@firebase/messaging': [ '0.12.16', '0.12.21' ],
239 silly audit   '@firebase/messaging-compat': [ '0.2.16', '0.2.21' ],
239 silly audit   '@firebase/messaging-interop-types': [ '0.2.3' ],
239 silly audit   '@firebase/performance': [ '0.7.0', '0.7.6' ],
239 silly audit   '@firebase/performance-compat': [ '0.2.13', '0.2.19' ],
239 silly audit   '@firebase/performance-types': [ '0.2.3' ],
239 silly audit   '@firebase/remote-config': [ '0.5.0', '0.6.4' ],
239 silly audit   '@firebase/remote-config-compat': [ '0.2.12', '0.2.17' ],
239 silly audit   '@firebase/remote-config-types': [ '0.4.0' ],
239 silly audit   '@firebase/storage': [ '0.13.6', '0.13.12' ],
239 silly audit   '@firebase/storage-compat': [ '0.3.16', '0.3.22' ],
239 silly audit   '@firebase/storage-types': [ '0.8.3' ],
239 silly audit   '@firebase/util': [ '1.10.3', '1.12.0' ],
239 silly audit   '@firebase/vertexai': [ '1.0.4' ],
239 silly audit   '@firebase/webchannel-wrapper': [ '1.0.3' ],
239 silly audit   '@grpc/grpc-js': [ '1.9.15' ],
239 silly audit   '@grpc/proto-loader': [ '0.7.15' ],
239 silly audit   '@ide/backoff': [ '1.0.0' ],
239 silly audit   '@isaacs/cliui': [ '8.0.2' ],
239 silly audit   'wrap-ansi': [ '8.1.0', '7.0.0' ],
239 silly audit   '@isaacs/fs-minipass': [ '4.0.1' ],
239 silly audit   '@isaacs/ttlcache': [ '1.4.1' ],
239 silly audit   '@istanbuljs/load-nyc-config': [ '1.1.0' ],
239 silly audit   argparse: [ '1.0.10', '2.0.1' ],
239 silly audit   'find-up': [ '4.1.0', '5.0.0' ],
239 silly audit   'js-yaml': [ '3.14.1', '4.1.0' ],
239 silly audit   'locate-path': [ '5.0.0', '6.0.0' ],
239 silly audit   'p-limit': [ '2.3.0', '3.1.0' ],
239 silly audit   'p-locate': [ '4.1.0', '5.0.0' ],
239 silly audit   '@istanbuljs/schema': [ '0.1.3' ],
239 silly audit   '@jest/create-cache-key-function': [ '29.7.0' ],
239 silly audit   '@jest/environment': [ '29.7.0' ],
239 silly audit   '@jest/fake-timers': [ '29.7.0' ],
239 silly audit   '@jest/schemas': [ '29.6.3' ],
239 silly audit   '@jest/transform': [ '29.7.0' ],
239 silly audit   'signal-exit': [ '3.0.7', '4.1.0' ],
239 silly audit   'write-file-atomic': [ '4.0.2' ],
239 silly audit   '@jest/types': [ '29.6.3' ],
239 silly audit   '@jridgewell/gen-mapping': [ '0.3.8' ],
239 silly audit   '@jridgewell/resolve-uri': [ '3.1.2' ],
239 silly audit   '@jridgewell/set-array': [ '1.2.1' ],
239 silly audit   '@jridgewell/source-map': [ '0.3.6' ],
239 silly audit   '@jridgewell/sourcemap-codec': [ '1.5.0' ],
239 silly audit   '@jridgewell/trace-mapping': [ '0.3.25' ],
239 silly audit   '@pkgjs/parseargs': [ '0.11.0' ],
239 silly audit   '@protobufjs/aspromise': [ '1.1.2' ],
239 silly audit   '@protobufjs/base64': [ '1.1.2' ],
239 silly audit   '@protobufjs/codegen': [ '2.0.4' ],
239 silly audit   '@protobufjs/eventemitter': [ '1.1.0' ],
239 silly audit   '@protobufjs/fetch': [ '1.1.0' ],
239 silly audit   '@protobufjs/float': [ '1.0.2' ],
239 silly audit   '@protobufjs/inquire': [ '1.1.0' ],
239 silly audit   '@protobufjs/path': [ '1.1.2' ],
239 silly audit   '@protobufjs/pool': [ '1.1.0' ],
239 silly audit   '@protobufjs/utf8': [ '1.1.0' ],
239 silly audit   '@react-native-async-storage/async-storage': [ '1.24.0' ],
239 silly audit   '@react-native-community/datetimepicker': [ '8.3.0' ],
239 silly audit   '@react-native-firebase/app': [ '22.2.0' ],
239 silly audit   firebase: [ '11.3.1', '11.8.1' ],
239 silly audit   '@react-native-firebase/messaging': [ '22.2.0' ],
239 silly audit   '@react-native-picker/picker': [ '2.11.0' ],
239 silly audit   '@react-native/assets-registry': [ '0.79.2' ],
239 silly audit   '@react-native/babel-plugin-codegen': [ '0.79.2' ],
239 silly audit   '@react-native/babel-preset': [ '0.79.2' ],
239 silly audit   '@react-native/codegen': [ '0.79.2' ],
239 silly audit   glob: [ '7.2.3', '10.4.5' ],
239 silly audit   '@react-native/community-cli-plugin': [ '0.79.2' ],
239 silly audit   ms: [ '2.0.0', '2.1.3' ],
239 silly audit   '@react-native/debugger-frontend': [ '0.79.2' ],
239 silly audit   '@react-native/dev-middleware': [ '0.79.2' ],
239 silly audit   ws: [ '6.2.3', '7.5.10', '8.18.2' ],
239 silly audit   '@react-native/gradle-plugin': [ '0.79.2' ],
239 silly audit   '@react-native/js-polyfills': [ '0.79.2' ],
239 silly audit   '@react-native/normalize-colors': [ '0.79.2' ],
239 silly audit   '@react-native/virtualized-lists': [ '0.79.2' ],
239 silly audit   '@react-navigation/core': [ '6.4.17' ],
239 silly audit   '@react-navigation/elements': [ '1.3.31' ],
239 silly audit   '@react-navigation/native': [ '6.1.18' ],
239 silly audit   '@react-navigation/routers': [ '6.1.9' ],
239 silly audit   '@react-navigation/stack': [ '6.4.1' ],
239 silly audit   '@sinclair/typebox': [ '0.27.8' ],
239 silly audit   '@sinonjs/commons': [ '3.0.1' ],
239 silly audit   '@sinonjs/fake-timers': [ '10.3.0' ],
239 silly audit   '@types/babel__core': [ '7.20.5' ],
239 silly audit   '@types/babel__generator': [ '7.27.0' ],
239 silly audit   '@types/babel__template': [ '7.4.4' ],
239 silly audit   '@types/babel__traverse': [ '7.20.7' ],
239 silly audit   '@types/graceful-fs': [ '4.1.9' ],
239 silly audit   '@types/hammerjs': [ '2.0.46' ],
239 silly audit   '@types/istanbul-lib-coverage': [ '2.0.6' ],
239 silly audit   '@types/istanbul-lib-report': [ '3.0.3' ],
239 silly audit   '@types/istanbul-reports': [ '3.0.4' ],
239 silly audit   '@types/node': [ '22.15.17' ],
239 silly audit   '@types/stack-utils': [ '2.0.3' ],
239 silly audit   '@types/yargs': [ '17.0.33' ],
239 silly audit   '@types/yargs-parser': [ '21.0.3' ],
239 silly audit   '@urql/core': [ '5.1.1' ],
239 silly audit   '@urql/exchange-retry': [ '1.3.1' ],
239 silly audit   '@xmldom/xmldom': [ '0.8.10' ],
239 silly audit   'abort-controller': [ '3.0.0' ],
239 silly audit   accepts: [ '1.3.8' ],
239 silly audit   acorn: [ '8.14.1' ],
239 silly audit   'agent-base': [ '7.1.3' ],
239 silly audit   anser: [ '1.4.10' ],
239 silly audit   'ansi-escapes': [ '4.3.2' ],
239 silly audit   'type-fest': [ '0.21.3', '0.7.1' ],
239 silly audit   'ansi-regex': [ '5.0.1', '4.1.1', '6.1.0' ],
239 silly audit   'any-promise': [ '1.3.0' ],
239 silly audit   anymatch: [ '3.1.3' ],
239 silly audit   picomatch: [ '2.3.1', '3.0.1' ],
239 silly audit   arg: [ '5.0.2' ],
239 silly audit   asap: [ '2.0.6' ],
239 silly audit   assert: [ '2.1.0' ],
239 silly audit   'async-limiter': [ '1.0.1' ],
239 silly audit   asynckit: [ '0.4.0' ],
239 silly audit   'available-typed-arrays': [ '1.0.7' ],
239 silly audit   axios: [ '1.9.0' ],
239 silly audit   'babel-jest': [ '29.7.0' ],
239 silly audit   'babel-plugin-istanbul': [ '6.1.1' ],
239 silly audit   'babel-plugin-jest-hoist': [ '29.6.3' ],
239 silly audit   'babel-plugin-polyfill-corejs2': [ '0.4.13' ],
239 silly audit   'babel-plugin-polyfill-corejs3': [ '0.11.1' ],
239 silly audit   'babel-plugin-polyfill-regenerator': [ '0.6.4' ],
239 silly audit   'babel-plugin-react-native-web': [ '0.19.13' ],
239 silly audit   'babel-plugin-syntax-hermes-parser': [ '0.25.1' ],
239 silly audit   'babel-plugin-transform-flow-enums': [ '0.0.2' ],
239 silly audit   'babel-preset-current-node-syntax': [ '1.1.0' ],
239 silly audit   'babel-preset-expo': [ '13.1.11' ],
239 silly audit   'babel-preset-jest': [ '29.6.3' ],
239 silly audit   badgin: [ '1.2.3' ],
239 silly audit   'balanced-match': [ '1.0.2' ],
239 silly audit   'base64-js': [ '1.5.1' ],
239 silly audit   'better-opn': [ '3.0.2' ],
239 silly audit   open: [ '8.4.2', '7.4.2' ],
239 silly audit   'big-integer': [ '1.6.52' ],
239 silly audit   boolbase: [ '1.0.0' ],
239 silly audit   'bplist-creator': [ '0.1.0' ],
239 silly audit   'bplist-parser': [ '0.3.2', '0.3.1' ],
239 silly audit   braces: [ '3.0.3' ],
239 silly audit   browserslist: [ '4.24.5' ],
239 silly audit   bser: [ '2.1.1' ],
239 silly audit   buffer: [ '5.7.1' ],
239 silly audit   'buffer-from': [ '1.1.2' ],
239 silly audit   bytes: [ '3.1.2' ],
239 silly audit   'call-bind': [ '1.0.8' ],
239 silly audit   'call-bind-apply-helpers': [ '1.0.2' ],
239 silly audit   'call-bound': [ '1.0.4' ],
239 silly audit   'caller-callsite': [ '2.0.0' ],
239 silly audit   'caller-path': [ '2.0.0' ],
239 silly audit   callsites: [ '2.0.0' ],
239 silly audit   camelcase: [ '5.3.1', '6.3.0' ],
239 silly audit   'caniuse-lite': [ '1.0.30001717' ],
239 silly audit   chownr: [ '3.0.0' ],
239 silly audit   'chrome-launcher': [ '0.15.2' ],
239 silly audit   'chromium-edge-launcher': [ '0.2.0' ],
239 silly audit   mkdirp: [ '1.0.4', '3.0.1' ],
239 silly audit   'ci-info': [ '3.9.0', '2.0.0' ],
239 silly audit   'cli-cursor': [ '2.1.0' ],
239 silly audit   'cli-spinners': [ '2.9.2' ],
239 silly audit   cliui: [ '8.0.1', '7.0.4' ],
239 silly audit   'emoji-regex': [ '8.0.0', '9.2.2' ],
239 silly audit   'string-width': [ '4.2.3', '5.1.2' ],
239 silly audit   'strip-ansi': [ '6.0.1', '5.2.0', '7.1.0' ],
239 silly audit   clone: [ '1.0.4' ],
239 silly audit   color: [ '4.2.3', '3.2.1' ],
239 silly audit   'color-string': [ '1.9.1' ],
239 silly audit   'combined-stream': [ '1.0.8' ],
239 silly audit   commander: [ '7.2.0', '12.1.0', '4.1.1', '2.20.3' ],
239 silly audit   compressible: [ '2.0.18' ],
239 silly audit   compression: [ '1.8.0' ],
239 silly audit   negotiator: [ '0.6.4', '0.6.3' ],
239 silly audit   'concat-map': [ '0.0.1' ],
239 silly audit   connect: [ '3.7.0' ],
239 silly audit   'convert-source-map': [ '2.0.0' ],
239 silly audit   'core-js-compat': [ '3.42.0' ],
239 silly audit   cosmiconfig: [ '5.2.1' ],
239 silly audit   'cross-spawn': [ '7.0.6' ],
239 silly audit   'crypto-random-string': [ '2.0.0' ],
239 silly audit   'css-select': [ '5.1.0' ],
239 silly audit   'css-tree': [ '1.1.3' ],
239 silly audit   'source-map': [ '0.6.1', '0.5.7' ],
239 silly audit   'css-what': [ '6.1.0' ],
239 silly audit   'decode-uri-component': [ '0.2.2' ],
239 silly audit   'deep-extend': [ '0.6.0' ],
239 silly audit   defaults: [ '1.0.4' ],
239 silly audit   'define-data-property': [ '1.1.4' ],
239 silly audit   'define-lazy-prop': [ '2.0.0' ],
239 silly audit   'define-properties': [ '1.2.1' ],
239 silly audit   'delayed-stream': [ '1.0.0' ],
239 silly audit   depd: [ '2.0.0' ],
239 silly audit   destroy: [ '1.2.0' ],
239 silly audit   'detect-libc': [ '1.0.3' ],
239 silly audit   'dom-serializer': [ '2.0.0' ],
239 silly audit   domelementtype: [ '2.3.0' ],
239 silly audit   domhandler: [ '5.0.3' ],
239 silly audit   domutils: [ '3.2.2' ],
239 silly audit   dotenv: [ '16.4.7' ],
239 silly audit   'dotenv-expand': [ '11.0.7' ],
239 silly audit   'dunder-proto': [ '1.0.1' ],
239 silly audit   eastasianwidth: [ '0.2.0' ],
239 silly audit   'ee-first': [ '1.1.1' ],
239 silly audit   'electron-to-chromium': [ '1.5.151' ],
239 silly audit   encodeurl: [ '1.0.2', '2.0.0' ],
239 silly audit   entities: [ '4.5.0' ],
239 silly audit   'env-editor': [ '0.4.2' ],
239 silly audit   'error-ex': [ '1.3.2' ],
239 silly audit   'error-stack-parser': [ '2.1.4' ],
239 silly audit   'es-define-property': [ '1.0.1' ],
239 silly audit   'es-errors': [ '1.3.0' ],
239 silly audit   'es-object-atoms': [ '1.1.1' ],
239 silly audit   'es-set-tostringtag': [ '2.1.0' ],
239 silly audit   escalade: [ '3.2.0' ],
239 silly audit   'escape-html': [ '1.0.3' ],
239 silly audit   esprima: [ '4.0.1' ],
239 silly audit   etag: [ '1.8.1' ],
239 silly audit   'event-target-shim': [ '5.0.1' ],
239 silly audit   'exec-async': [ '2.2.0' ],
239 silly audit   expo: [ '53.0.8' ],
239 silly audit   'expo-application': [ '6.1.4' ],
239 silly audit   'expo-asset': [ '11.1.5' ],
239 silly audit   'expo-checkbox': [ '4.1.4' ],
239 silly audit   'expo-constants': [ '17.1.6' ],
239 silly audit   'expo-file-system': [ '18.1.9' ],
239 silly audit   'expo-font': [ '13.3.1' ],
239 silly audit   'expo-keep-awake': [ '14.1.4' ],
239 silly audit   'expo-localization': [ '16.1.5' ],
239 silly audit   'expo-modules-autolinking': [ '2.1.10' ],
239 silly audit   'expo-modules-core': [ '2.3.12' ],
239 silly audit   'expo-notifications': [ '0.31.2' ],
239 silly audit   'expo-status-bar': [ '2.2.3' ],
239 silly audit   'exponential-backoff': [ '3.1.2' ],
239 silly audit   'fast-deep-equal': [ '3.1.3' ],
239 silly audit   'fast-json-stable-stringify': [ '2.1.0' ],
239 silly audit   'faye-websocket': [ '0.11.4' ],
239 silly audit   'fb-watchman': [ '2.0.2' ],
239 silly audit   'fill-range': [ '7.1.1' ],
239 silly audit   'filter-obj': [ '1.1.0' ],
239 silly audit   finalhandler: [ '1.1.2' ],
239 silly audit   'flow-enums-runtime': [ '0.0.6' ],
239 silly audit   'follow-redirects': [ '1.15.9' ],
239 silly audit   fontfaceobserver: [ '2.3.0' ],
239 silly audit   'for-each': [ '0.3.5' ],
239 silly audit   'foreground-child': [ '3.3.1' ],
239 silly audit   'form-data': [ '4.0.2' ],
239 silly audit   'freeport-async': [ '2.0.0' ],
239 silly audit   fresh: [ '0.5.2' ],
239 silly audit   'fs.realpath': [ '1.0.0' ],
239 silly audit   fsevents: [ '2.3.3' ],
239 silly audit   'function-bind': [ '1.1.2' ],
239 silly audit   gensync: [ '1.0.0-beta.2' ],
239 silly audit   'get-caller-file': [ '2.0.5' ],
239 silly audit   'get-intrinsic': [ '1.3.0' ],
239 silly audit   'get-package-type': [ '0.1.0' ],
239 silly audit   'get-proto': [ '1.0.1' ],
239 silly audit   getenv: [ '1.0.0' ],
239 silly audit   globals: [ '11.12.0' ],
239 silly audit   gopd: [ '1.2.0' ],
239 silly audit   'graceful-fs': [ '4.2.11' ],
239 silly audit   'has-property-descriptors': [ '1.0.2' ],
239 silly audit   'has-symbols': [ '1.1.0' ],
239 silly audit   'has-tostringtag': [ '1.0.2' ],
239 silly audit   hasown: [ '2.0.2' ],
239 silly audit   'hermes-estree': [ '0.25.1', '0.28.1' ],
239 silly audit   'hermes-parser': [ '0.25.1', '0.28.1' ],
239 silly audit   'hoist-non-react-statics': [ '3.3.2' ],
239 silly audit   'hosted-git-info': [ '7.0.2' ],
239 silly audit   'lru-cache': [ '10.4.3', '5.1.1' ],
239 silly audit   'http-errors': [ '2.0.0' ],
239 silly audit   statuses: [ '2.0.1', '1.5.0' ],
239 silly audit   'http-parser-js': [ '0.5.10' ],
239 silly audit   'https-proxy-agent': [ '7.0.6' ],
239 silly audit   idb: [ '7.1.1' ],
239 silly audit   ieee754: [ '1.2.1' ],
239 silly audit   'image-size': [ '1.2.1' ],
239 silly audit   'import-fresh': [ '2.0.0' ],
239 silly audit   'resolve-from': [ '3.0.0', '5.0.0' ],
239 silly audit   imurmurhash: [ '0.1.4' ],
239 silly audit   inflight: [ '1.0.6' ],
239 silly audit   inherits: [ '2.0.4' ],
239 silly audit   ini: [ '1.3.8' ],
239 silly audit   invariant: [ '2.2.4' ],
239 silly audit   'is-arguments': [ '1.2.0' ],
239 silly audit   'is-arrayish': [ '0.2.1', '0.3.2' ],
239 silly audit   'is-callable': [ '1.2.7' ],
239 silly audit   'is-core-module': [ '2.16.1' ],
239 silly audit   'is-directory': [ '0.3.1' ],
239 silly audit   'is-docker': [ '2.2.1' ],
239 silly audit   'is-fullwidth-code-point': [ '3.0.0' ],
239 silly audit   'is-generator-function': [ '1.1.0' ],
239 silly audit   'is-nan': [ '1.3.2' ],
239 silly audit   'is-number': [ '7.0.0' ],
239 silly audit   'is-plain-obj': [ '2.1.0' ],
239 silly audit   'is-regex': [ '1.2.1' ],
239 silly audit   'is-typed-array': [ '1.1.15' ],
239 silly audit   'is-wsl': [ '2.2.0' ],
239 silly audit   isexe: [ '2.0.0' ],
239 silly audit   'istanbul-lib-coverage': [ '3.2.2' ],
239 silly audit   'istanbul-lib-instrument': [ '5.2.1' ],
239 silly audit   jackspeak: [ '3.4.3' ],
239 silly audit   'jest-environment-node': [ '29.7.0' ],
239 silly audit   'jest-get-type': [ '29.6.3' ],
239 silly audit   'jest-haste-map': [ '29.7.0' ],
239 silly audit   'jest-message-util': [ '29.7.0' ],
239 silly audit   'jest-mock': [ '29.7.0' ],
239 silly audit   'jest-regex-util': [ '29.6.3' ],
239 silly audit   'jest-util': [ '29.7.0' ],
239 silly audit   'jest-validate': [ '29.7.0' ],
239 silly audit   'jest-worker': [ '29.7.0' ],
239 silly audit   'jimp-compact': [ '0.16.1' ],
239 silly audit   'js-tokens': [ '4.0.0' ],
239 silly audit   'jsc-safe-url': [ '0.2.4' ],
239 silly audit   jsesc: [ '3.1.0', '3.0.2' ],
239 silly audit   'json-parse-better-errors': [ '1.0.2' ],
239 silly audit   json5: [ '2.2.3' ],
239 silly audit   kleur: [ '3.0.3' ],
239 silly audit   'lan-network': [ '0.1.6' ],
239 silly audit   leven: [ '3.1.0' ],
239 silly audit   'lighthouse-logger': [ '1.4.2' ],
239 silly audit   lightningcss: [ '1.27.0' ],
239 silly audit   'lightningcss-darwin-arm64': [ '1.27.0' ],
239 silly audit   'lightningcss-darwin-x64': [ '1.27.0' ],
239 silly audit   'lightningcss-freebsd-x64': [ '1.27.0' ],
239 silly audit   'lightningcss-linux-arm-gnueabihf': [ '1.27.0' ],
239 silly audit   'lightningcss-linux-arm64-gnu': [ '1.27.0' ],
239 silly audit   'lightningcss-linux-arm64-musl': [ '1.27.0' ],
239 silly audit   'lightningcss-linux-x64-gnu': [ '1.27.0' ],
239 silly audit   'lightningcss-linux-x64-musl': [ '1.27.0' ],
239 silly audit   'lightningcss-win32-arm64-msvc': [ '1.27.0' ],
239 silly audit   'lightningcss-win32-x64-msvc': [ '1.27.0' ],
239 silly audit   'lines-and-columns': [ '1.2.4' ],
239 silly audit   lodash: [ '4.17.21' ],
239 silly audit   'lodash.camelcase': [ '4.3.0' ],
239 silly audit   'lodash.debounce': [ '4.0.8' ],
239 silly audit   'lodash.throttle': [ '4.1.1' ],
239 silly audit   'log-symbols': [ '2.2.0' ],
239 silly audit   long: [ '5.3.2' ],
239 silly audit   'loose-envify': [ '1.4.0' ],
239 silly audit   makeerror: [ '1.0.12' ],
239 silly audit   marky: [ '1.3.0' ],
239 silly audit   'math-intrinsics': [ '1.1.0' ],
239 silly audit   'mdn-data': [ '2.0.14' ],
239 silly audit   'memoize-one': [ '5.2.1' ],
239 silly audit   'merge-options': [ '3.0.4' ],
239 silly audit   'merge-stream': [ '2.0.0' ],
239 silly audit   metro: [ '0.82.3' ],
239 silly audit   'metro-babel-transformer': [ '0.82.3' ],
239 silly audit   'metro-cache': [ '0.82.3' ],
239 silly audit   'metro-cache-key': [ '0.82.3' ],
239 silly audit   'metro-config': [ '0.82.3' ],
239 silly audit   'metro-core': [ '0.82.3' ],
239 silly audit   'metro-file-map': [ '0.82.3' ],
239 silly audit   'metro-minify-terser': [ '0.82.3' ],
239 silly audit   'metro-resolver': [ '0.82.3' ],
239 silly audit   'metro-runtime': [ '0.82.3' ],
239 silly audit   'metro-source-map': [ '0.82.3' ],
239 silly audit   'metro-symbolicate': [ '0.82.3' ],
239 silly audit   'metro-transform-plugins': [ '0.82.3' ],
239 silly audit   'metro-transform-worker': [ '0.82.3' ],
239 silly audit   micromatch: [ '4.0.8' ],
239 silly audit   mime: [ '1.6.0' ],
239 silly audit   'mime-db': [ '1.54.0', '1.52.0' ],
239 silly audit   'mime-types': [ '2.1.35' ],
239 silly audit   'mimic-fn': [ '1.2.0' ],
239 silly audit   minimist: [ '1.2.8' ],
239 silly audit   minipass: [ '7.1.2' ],
239 silly audit   minizlib: [ '3.0.2' ],
239 silly audit   moment: [ '2.30.1' ],
239 silly audit   mz: [ '2.7.0' ],
239 silly audit   nanoid: [ '3.3.11' ],
239 silly audit   'nested-error-stacks': [ '2.0.1' ],
239 silly audit   'node-cron': [ '4.0.5' ],
239 silly audit   'node-forge': [ '1.3.1' ],
239 silly audit   'node-int64': [ '0.4.0' ],
239 silly audit   'node-releases': [ '2.0.19' ],
239 silly audit   'normalize-path': [ '3.0.0' ],
239 silly audit   'npm-package-arg': [ '11.0.3' ],
239 silly audit   'nth-check': [ '2.1.1' ],
239 silly audit   nullthrows: [ '1.1.1' ],
239 silly audit   ob1: [ '0.82.3' ],
239 silly audit   'object-assign': [ '4.1.1' ],
239 silly audit   'object-is': [ '1.1.6' ],
239 silly audit   'object-keys': [ '1.1.1' ],
239 silly audit   'object.assign': [ '4.1.7' ],
239 silly audit   'on-finished': [ '2.3.0', '2.4.1' ],
239 silly audit   'on-headers': [ '1.0.2' ],
239 silly audit   once: [ '1.4.0' ],
239 silly audit   onetime: [ '2.0.1' ],
239 silly audit   'opencollective-postinstall': [ '2.0.3' ],
239 silly audit   ora: [ '3.4.0' ],
239 silly audit   'p-try': [ '2.2.0' ],
239 silly audit   'package-json-from-dist': [ '1.0.1' ],
239 silly audit   'parse-json': [ '4.0.0' ],
239 silly audit   'parse-png': [ '2.1.0' ],
239 silly audit   parseurl: [ '1.3.3' ],
239 silly audit   'path-exists': [ '4.0.0' ],
239 silly audit   'path-is-absolute': [ '1.0.1' ],
239 silly audit   'path-key': [ '3.1.1' ],
239 silly audit   'path-parse': [ '1.0.7' ],
239 silly audit   'path-scurry': [ '1.11.1' ],
239 silly audit   'paths-js': [ '0.4.11' ],
239 silly audit   picocolors: [ '1.1.1' ],
239 silly audit   pirates: [ '4.0.7' ],
239 silly audit   plist: [ '3.1.0' ],
239 silly audit   pngjs: [ '3.4.0' ],
239 silly audit   'point-in-polygon': [ '1.1.0' ],
239 silly audit   'possible-typed-array-names': [ '1.1.0' ],
239 silly audit   postcss: [ '8.4.49' ],
239 silly audit   'pretty-bytes': [ '5.6.0' ],
239 silly audit   'pretty-format': [ '29.7.0' ],
239 silly audit   'react-is': [ '18.3.1', '16.13.1' ],
239 silly audit   'proc-log': [ '4.2.0' ],
239 silly audit   progress: [ '2.0.3' ],
239 silly audit   prompts: [ '2.4.2' ],
239 silly audit   'prop-types': [ '15.8.1' ],
239 silly audit   protobufjs: [ '7.5.1' ],
239 silly audit   'proxy-from-env': [ '1.1.0' ],
239 silly audit   punycode: [ '2.3.1' ],
239 silly audit   'qrcode-terminal': [ '0.11.0' ],
239 silly audit   'query-string': [ '7.1.3' ],
239 silly audit   queue: [ '6.0.2' ],
239 silly audit   'range-parser': [ '1.2.1' ],
239 silly audit   rc: [ '1.2.8' ],
239 silly audit   react: [ '19.0.0' ],
239 silly audit   'react-devtools-core': [ '6.1.2' ],
239 silly audit   'react-freeze': [ '1.0.4' ],
239 silly audit   'react-native': [ '0.79.2' ],
239 silly audit   'react-native-animatable': [ '1.4.0' ],
239 silly audit   'react-native-calendars': [ '1.1312.0' ],
239 silly audit   'react-native-safe-area-context': [ '4.5.0', '5.4.0' ],
239 silly audit   'react-native-chart-kit': [ '6.12.0' ],
239 silly audit   'react-native-dropdown-picker': [ '5.4.6' ],
239 silly audit   'react-native-dropdown-select-list': [ '2.0.5' ],
239 silly audit   'react-native-edge-to-edge': [ '1.6.0' ],
239 silly audit   'react-native-firebase': [ '5.6.0' ],
239 silly audit   'react-native-gesture-handler': [ '2.25.0' ],
239 silly audit   'react-native-iphone-x-helper': [ '1.3.1' ],
239 silly audit   'react-native-is-edge-to-edge': [ '1.1.7' ],
239 silly audit   'react-native-keyboard-aware-scroll-view': [ '0.9.5' ],
239 silly audit   'react-native-paper': [ '5.14.5' ],
239 silly audit   'react-native-screens': [ '4.10.0' ],
239 silly audit   'react-native-select-dropdown': [ '4.0.1' ],
239 silly audit   'react-native-status-bar-height': [ '2.6.0' ],
239 silly audit   'react-native-svg': [ '15.11.2' ],
239 silly audit   'react-native-swipe-gestures': [ '1.0.5' ],
239 silly audit   'react-native-vector-icons': [ '10.2.0' ],
239 silly audit   yargs: [ '16.2.0', '17.7.2' ],
239 silly audit   'yargs-parser': [ '20.2.9', '21.1.1' ],
239 silly audit   promise: [ '8.3.0' ],
239 silly audit   'react-refresh': [ '0.14.2' ],
239 silly audit   recyclerlistview: [ '4.2.3' ],
239 silly audit   regenerate: [ '1.4.2' ],
239 silly audit   'regenerate-unicode-properties': [ '10.2.0' ],
239 silly audit   'regenerator-runtime': [ '0.13.11' ],
239 silly audit   'regexpu-core': [ '6.2.0' ],
239 silly audit   regjsgen: [ '0.8.0' ],
239 silly audit   regjsparser: [ '0.12.0' ],
239 silly audit   'require-directory': [ '2.1.1' ],
239 silly audit   'require-from-string': [ '2.0.2' ],
239 silly audit   requireg: [ '0.2.2' ],
239 silly audit   resolve: [ '1.7.1', '1.22.10' ],
239 silly audit   'resolve-workspace-root': [ '2.0.0' ],
239 silly audit   'resolve.exports': [ '2.0.3' ],
239 silly audit   'restore-cursor': [ '2.0.0' ],
239 silly audit   rimraf: [ '3.0.2' ],
239 silly audit   'rtl-detect': [ '1.1.2' ],
239 silly audit   'safe-buffer': [ '5.2.1' ],
239 silly audit   'safe-regex-test': [ '1.1.0' ],
239 silly audit   sax: [ '1.4.1' ],
239 silly audit   scheduler: [ '0.25.0' ],
239 silly audit   send: [ '0.19.1', '0.19.0' ],
239 silly audit   'serialize-error': [ '2.1.0' ],
239 silly audit   'serve-static': [ '1.16.2' ],
239 silly audit   'set-function-length': [ '1.2.2' ],
239 silly audit   setprototypeof: [ '1.2.0' ],
239 silly audit   'shebang-command': [ '2.0.0' ],
239 silly audit   'shebang-regex': [ '3.0.0' ],
239 silly audit   'shell-quote': [ '1.8.2' ],
239 silly audit   'simple-plist': [ '1.3.1' ],
239 silly audit   'simple-swizzle': [ '0.2.2' ],
239 silly audit   sisteransi: [ '1.0.5' ],
239 silly audit   slash: [ '3.0.0' ],
239 silly audit   slugify: [ '1.6.6' ],
239 silly audit   'source-map-js': [ '1.2.1' ],
239 silly audit   'source-map-support': [ '0.5.21' ],
239 silly audit   'split-on-first': [ '1.1.0' ],
239 silly audit   'sprintf-js': [ '1.0.3' ],
239 silly audit   'stack-utils': [ '2.0.6' ],
239 silly audit   stackframe: [ '1.3.4' ],
239 silly audit   'stacktrace-parser': [ '0.1.11' ],
239 silly audit   'stream-buffers': [ '2.2.0' ],
239 silly audit   'strict-uri-encode': [ '2.0.0' ],
239 silly audit   'strip-json-comments': [ '2.0.1' ],
239 silly audit   'structured-headers': [ '0.4.1' ],
239 silly audit   sucrase: [ '3.35.0' ],
239 silly audit   'supports-hyperlinks': [ '2.3.0' ],
239 silly audit   'supports-preserve-symlinks-flag': [ '1.0.0' ],
239 silly audit   tar: [ '7.4.3' ],
239 silly audit   yallist: [ '5.0.0', '3.1.1' ],
239 silly audit   'temp-dir': [ '2.0.0' ],
239 silly audit   'terminal-link': [ '2.1.1' ],
239 silly audit   terser: [ '5.39.0' ],
239 silly audit   'test-exclude': [ '6.0.0' ],
239 silly audit   thenify: [ '3.3.1' ],
239 silly audit   'thenify-all': [ '1.6.0' ],
239 silly audit   throat: [ '5.0.0' ],
239 silly audit   tmpl: [ '1.0.5' ],
239 silly audit   'to-regex-range': [ '5.0.1' ],
239 silly audit   toidentifier: [ '1.0.1' ],
239 silly audit   'ts-interface-checker': [ '0.1.13' ],
239 silly audit   'ts-object-utils': [ '0.0.5' ],
239 silly audit   tslib: [ '2.8.1' ],
239 silly audit   'type-detect': [ '4.0.8' ],
239 silly audit   undici: [ '6.21.2' ],
239 silly audit   'undici-types': [ '6.21.0' ],
239 silly audit   'unicode-canonical-property-names-ecmascript': [ '2.0.1' ],
239 silly audit   'unicode-match-property-ecmascript': [ '2.0.0' ],
239 silly audit   'unicode-match-property-value-ecmascript': [ '2.2.0' ],
239 silly audit   'unicode-property-aliases-ecmascript': [ '2.1.0' ],
239 silly audit   'unique-string': [ '2.0.0' ],
239 silly audit   unpipe: [ '1.0.0' ],
239 silly audit   'update-browserslist-db': [ '1.1.3' ],
239 silly audit   'use-latest-callback': [ '0.2.3' ],
239 silly audit   util: [ '0.12.5' ],
239 silly audit   'utils-merge': [ '1.0.1' ],
239 silly audit   uuid: [ '7.0.3' ],
239 silly audit   'validate-npm-package-name': [ '5.0.1' ],
239 silly audit   vary: [ '1.1.2' ],
239 silly audit   vlq: [ '1.0.1' ],
239 silly audit   walker: [ '1.0.8' ],
239 silly audit   'warn-once': [ '0.1.1' ],
239 silly audit   wcwidth: [ '1.0.1' ],
239 silly audit   'web-vitals': [ '4.2.4' ],
239 silly audit   'websocket-driver': [ '0.7.4' ],
239 silly audit   'websocket-extensions': [ '0.1.4' ],
239 silly audit   'whatwg-fetch': [ '3.6.20' ],
239 silly audit   'whatwg-url-without-unicode': [ '8.0.0-3' ],
239 silly audit   'webidl-conversions': [ '5.0.0' ],
239 silly audit   which: [ '2.0.2' ],
239 silly audit   'which-typed-array': [ '1.1.19' ],
239 silly audit   wonka: [ '6.3.5' ],
239 silly audit   wrappy: [ '1.0.2' ],
239 silly audit   xcode: [ '3.0.1' ],
239 silly audit   xdate: [ '0.8.3' ],
239 silly audit   xml2js: [ '0.6.0' ],
239 silly audit   xmlbuilder: [ '11.0.1', '15.1.1' ],
239 silly audit   y18n: [ '5.0.8' ],
239 silly audit   'yocto-queue': [ '0.1.0' ],
239 silly audit   '@firebase/ai': [ '1.3.0' ]
239 silly audit }
240 verbose reify failed optional dependency E:\HANGAR\HANGAR\HangAR\node_modules\lightningcss-win32-arm64-msvc
241 silly reify mark deleted [
241 silly reify   'E:\\HANGAR\\HANGAR\\HangAR\\node_modules\\lightningcss-win32-arm64-msvc'
241 silly reify ]
242 verbose reify failed optional dependency E:\HANGAR\HANGAR\HangAR\node_modules\lightningcss-linux-x64-musl
243 silly reify mark deleted [
243 silly reify   'E:\\HANGAR\\HANGAR\\HangAR\\node_modules\\lightningcss-linux-x64-musl'
243 silly reify ]
244 verbose reify failed optional dependency E:\HANGAR\HANGAR\HangAR\node_modules\lightningcss-linux-x64-gnu
245 silly reify mark deleted [
245 silly reify   'E:\\HANGAR\\HANGAR\\HangAR\\node_modules\\lightningcss-linux-x64-gnu'
245 silly reify ]
246 verbose reify failed optional dependency E:\HANGAR\HANGAR\HangAR\node_modules\lightningcss-linux-arm64-musl
247 silly reify mark deleted [
247 silly reify   'E:\\HANGAR\\HANGAR\\HangAR\\node_modules\\lightningcss-linux-arm64-musl'
247 silly reify ]
248 verbose reify failed optional dependency E:\HANGAR\HANGAR\HangAR\node_modules\lightningcss-linux-arm64-gnu
249 silly reify mark deleted [
249 silly reify   'E:\\HANGAR\\HANGAR\\HangAR\\node_modules\\lightningcss-linux-arm64-gnu'
249 silly reify ]
250 verbose reify failed optional dependency E:\HANGAR\HANGAR\HangAR\node_modules\lightningcss-linux-arm-gnueabihf
251 silly reify mark deleted [
251 silly reify   'E:\\HANGAR\\HANGAR\\HangAR\\node_modules\\lightningcss-linux-arm-gnueabihf'
251 silly reify ]
252 verbose reify failed optional dependency E:\HANGAR\HANGAR\HangAR\node_modules\lightningcss-freebsd-x64
253 silly reify mark deleted [
253 silly reify   'E:\\HANGAR\\HANGAR\\HangAR\\node_modules\\lightningcss-freebsd-x64'
253 silly reify ]
254 verbose reify failed optional dependency E:\HANGAR\HANGAR\HangAR\node_modules\lightningcss-darwin-x64
255 silly reify mark deleted [ 'E:\\HANGAR\\HANGAR\\HangAR\\node_modules\\lightningcss-darwin-x64' ]
256 verbose reify failed optional dependency E:\HANGAR\HANGAR\HangAR\node_modules\lightningcss-darwin-arm64
257 silly reify mark deleted [
257 silly reify   'E:\\HANGAR\\HANGAR\\HangAR\\node_modules\\lightningcss-darwin-arm64'
257 silly reify ]
258 verbose reify failed optional dependency E:\HANGAR\HANGAR\HangAR\node_modules\fsevents
259 silly reify mark deleted [ 'E:\\HANGAR\\HANGAR\\HangAR\\node_modules\\fsevents' ]
260 silly tarball no local data for @firebase/ai@https://registry.npmjs.org/@firebase/ai/-/ai-1.3.0.tgz. Extracting by manifest.
261 silly tarball no local data for @firebase/storage@https://registry.npmjs.org/@firebase/storage/-/storage-0.13.12.tgz. Extracting by manifest.
262 silly tarball no local data for @firebase/storage-compat@https://registry.npmjs.org/@firebase/storage-compat/-/storage-compat-0.3.22.tgz. Extracting by manifest.
263 silly tarball no local data for firebase@https://registry.npmjs.org/firebase/-/firebase-11.8.1.tgz. Extracting by manifest.
264 silly tarball no local data for @firebase/performance@https://registry.npmjs.org/@firebase/performance/-/performance-0.7.6.tgz. Extracting by manifest.
265 silly tarball no local data for @firebase/remote-config@https://registry.npmjs.org/@firebase/remote-config/-/remote-config-0.6.4.tgz. Extracting by manifest.
266 silly tarball no local data for @firebase/remote-config-compat@https://registry.npmjs.org/@firebase/remote-config-compat/-/remote-config-compat-0.2.17.tgz. Extracting by manifest.
267 silly tarball no local data for @firebase/util@https://registry.npmjs.org/@firebase/util/-/util-1.12.0.tgz. Extracting by manifest.
268 silly tarball no local data for @firebase/messaging-compat@https://registry.npmjs.org/@firebase/messaging-compat/-/messaging-compat-0.2.21.tgz. Extracting by manifest.
269 silly tarball no local data for @firebase/messaging@https://registry.npmjs.org/@firebase/messaging/-/messaging-0.12.21.tgz. Extracting by manifest.
270 silly tarball no local data for @firebase/performance-compat@https://registry.npmjs.org/@firebase/performance-compat/-/performance-compat-0.2.19.tgz. Extracting by manifest.
271 silly tarball no local data for @firebase/installations@https://registry.npmjs.org/@firebase/installations/-/installations-0.6.17.tgz. Extracting by manifest.
272 silly tarball no local data for @firebase/installations-compat@https://registry.npmjs.org/@firebase/installations-compat/-/installations-compat-0.2.17.tgz. Extracting by manifest.
273 silly tarball no local data for @firebase/functions-compat@https://registry.npmjs.org/@firebase/functions-compat/-/functions-compat-0.3.25.tgz. Extracting by manifest.
274 silly tarball no local data for @firebase/functions@https://registry.npmjs.org/@firebase/functions/-/functions-0.12.8.tgz. Extracting by manifest.
275 silly tarball no local data for @firebase/firestore-compat@https://registry.npmjs.org/@firebase/firestore-compat/-/firestore-compat-0.3.51.tgz. Extracting by manifest.
276 silly tarball no local data for @firebase/firestore@https://registry.npmjs.org/@firebase/firestore/-/firestore-4.7.16.tgz. Extracting by manifest.
277 silly tarball no local data for @firebase/database-types@https://registry.npmjs.org/@firebase/database-types/-/database-types-1.0.14.tgz. Extracting by manifest.
278 silly tarball no local data for @firebase/database@https://registry.npmjs.org/@firebase/database/-/database-1.0.19.tgz. Extracting by manifest.
279 silly tarball no local data for @firebase/database-compat@https://registry.npmjs.org/@firebase/database-compat/-/database-compat-2.0.10.tgz. Extracting by manifest.
280 silly tarball no local data for @firebase/component@https://registry.npmjs.org/@firebase/component/-/component-0.6.17.tgz. Extracting by manifest.
281 silly tarball no local data for @firebase/data-connect@https://registry.npmjs.org/@firebase/data-connect/-/data-connect-0.3.9.tgz. Extracting by manifest.
282 silly tarball no local data for @firebase/auth-compat@https://registry.npmjs.org/@firebase/auth-compat/-/auth-compat-0.5.26.tgz. Extracting by manifest.
283 silly tarball no local data for @firebase/app-compat@https://registry.npmjs.org/@firebase/app-compat/-/app-compat-0.4.0.tgz. Extracting by manifest.
284 silly tarball no local data for @firebase/app-check@https://registry.npmjs.org/@firebase/app-check/-/app-check-0.10.0.tgz. Extracting by manifest.
285 silly tarball no local data for @firebase/app-check-compat@https://registry.npmjs.org/@firebase/app-check-compat/-/app-check-compat-0.3.25.tgz. Extracting by manifest.
286 silly tarball no local data for @firebase/auth@https://registry.npmjs.org/@firebase/auth/-/auth-1.10.6.tgz. Extracting by manifest.
287 silly tarball no local data for @firebase/app@https://registry.npmjs.org/@firebase/app/-/app-0.13.0.tgz. Extracting by manifest.
288 silly tarball no local data for @firebase/analytics-compat@https://registry.npmjs.org/@firebase/analytics-compat/-/analytics-compat-0.2.22.tgz. Extracting by manifest.
289 silly tarball no local data for @firebase/analytics@https://registry.npmjs.org/@firebase/analytics/-/analytics-0.10.16.tgz. Extracting by manifest.
290 http fetch GET 200 https://registry.npmjs.org/@firebase/storage-compat/-/storage-compat-0.3.22.tgz 358ms (cache miss)
291 http fetch POST 200 https://registry.npmjs.org/-/npm/v1/security/advisories/bulk 404ms
292 silly audit report {}
293 http fetch GET 200 https://registry.npmjs.org/@firebase/database-types/-/database-types-1.0.14.tgz 1191ms (cache miss)
294 http fetch GET 200 https://registry.npmjs.org/@firebase/analytics-compat/-/analytics-compat-0.2.22.tgz 1266ms (cache miss)
295 http fetch GET 200 https://registry.npmjs.org/@firebase/performance-compat/-/performance-compat-0.2.19.tgz 1709ms (cache miss)
296 http fetch GET 200 https://registry.npmjs.org/@firebase/messaging-compat/-/messaging-compat-0.2.21.tgz 1720ms (cache miss)
297 http fetch GET 200 https://registry.npmjs.org/@firebase/installations-compat/-/installations-compat-0.2.17.tgz 1741ms (cache miss)
298 http fetch GET 200 https://registry.npmjs.org/@firebase/functions-compat/-/functions-compat-0.3.25.tgz 1757ms (cache miss)
299 http fetch GET 200 https://registry.npmjs.org/@firebase/app-check-compat/-/app-check-compat-0.3.25.tgz 1739ms (cache miss)
300 http fetch GET 200 https://registry.npmjs.org/@firebase/remote-config-compat/-/remote-config-compat-0.2.17.tgz 1947ms (cache miss)
301 http fetch GET 200 https://registry.npmjs.org/@firebase/component/-/component-0.6.17.tgz 2212ms (cache miss)
302 http fetch GET 200 https://registry.npmjs.org/@firebase/remote-config/-/remote-config-0.6.4.tgz 2294ms (cache miss)
303 http fetch GET 200 https://registry.npmjs.org/@firebase/functions/-/functions-0.12.8.tgz 2341ms (cache miss)
304 http fetch GET 200 https://registry.npmjs.org/@firebase/performance/-/performance-0.7.6.tgz 2603ms (cache miss)
305 http fetch GET 200 https://registry.npmjs.org/@firebase/app-compat/-/app-compat-0.4.0.tgz 2657ms (cache miss)
306 http fetch GET 200 https://registry.npmjs.org/@firebase/analytics/-/analytics-0.10.16.tgz 2737ms (cache miss)
307 http fetch GET 200 https://registry.npmjs.org/@firebase/app/-/app-0.13.0.tgz 2742ms (cache miss)
308 http fetch GET 200 https://registry.npmjs.org/@firebase/app-check/-/app-check-0.10.0.tgz 3159ms (cache miss)
309 http fetch GET 200 https://registry.npmjs.org/@firebase/data-connect/-/data-connect-0.3.9.tgz 3184ms (cache miss)
310 http fetch GET 200 https://registry.npmjs.org/@firebase/installations/-/installations-0.6.17.tgz 3269ms (cache miss)
311 http fetch GET 200 https://registry.npmjs.org/@firebase/firestore-compat/-/firestore-compat-0.3.51.tgz 3384ms (cache miss)
312 http fetch GET 200 https://registry.npmjs.org/@firebase/auth-compat/-/auth-compat-0.5.26.tgz 3386ms (cache miss)
313 http fetch GET 200 https://registry.npmjs.org/@firebase/database-compat/-/database-compat-2.0.10.tgz 3433ms (cache miss)
314 http fetch GET 200 https://registry.npmjs.org/@firebase/ai/-/ai-1.3.0.tgz 3498ms (cache miss)
315 http fetch GET 200 https://registry.npmjs.org/@firebase/storage/-/storage-0.13.12.tgz 3580ms (cache miss)
316 http fetch GET 200 https://registry.npmjs.org/@firebase/util/-/util-1.12.0.tgz 3613ms (cache miss)
317 http fetch GET 200 https://registry.npmjs.org/@firebase/messaging/-/messaging-0.12.21.tgz 3677ms (cache miss)
318 http fetch GET 200 https://registry.npmjs.org/@firebase/database/-/database-1.0.19.tgz 4702ms (cache miss)
319 http fetch GET 200 https://registry.npmjs.org/@firebase/firestore/-/firestore-4.7.16.tgz 6425ms (cache miss)
320 http fetch GET 200 https://registry.npmjs.org/@firebase/auth/-/auth-1.10.6.tgz 8442ms (cache miss)
321 http fetch GET 200 https://registry.npmjs.org/firebase/-/firebase-11.8.1.tgz 11819ms (cache miss)
322 info run @firebase/util@1.12.0 postinstall node_modules/@firebase/util node ./postinstall.js
323 info run @firebase/util@1.12.0 postinstall { code: 0, signal: null }
324 silly ADD node_modules/@firebase/ai
325 silly ADD
326 silly ADD
327 silly ADD
328 silly ADD
329 silly ADD
330 silly ADD
331 silly ADD
332 silly ADD
333 silly ADD
334 silly ADD
335 silly CHANGE node_modules/firebase
336 silly REMOVE node_modules/@firebase/vertexai
337 silly CHANGE node_modules/@firebase/util
338 silly CHANGE node_modules/@firebase/storage-compat
339 silly CHANGE node_modules/@firebase/storage
340 silly CHANGE node_modules/@firebase/remote-config-compat
341 silly CHANGE node_modules/@firebase/remote-config
342 silly CHANGE node_modules/@firebase/performance-compat
343 silly CHANGE node_modules/@firebase/performance
344 silly CHANGE node_modules/@firebase/messaging-compat
345 silly CHANGE node_modules/@firebase/messaging
346 silly CHANGE node_modules/@firebase/installations-compat
347 silly CHANGE node_modules/@firebase/installations
348 silly CHANGE node_modules/@firebase/functions-compat
349 silly CHANGE node_modules/@firebase/functions
350 silly CHANGE node_modules/@firebase/firestore-compat
351 silly CHANGE node_modules/@firebase/firestore
352 silly CHANGE node_modules/@firebase/database-types
353 silly CHANGE node_modules/@firebase/database-compat
354 silly CHANGE node_modules/@firebase/database
355 silly CHANGE node_modules/@firebase/data-connect
356 silly CHANGE node_modules/@firebase/component
357 silly CHANGE node_modules/@firebase/auth-compat
358 silly CHANGE node_modules/@firebase/auth
359 silly CHANGE node_modules/@firebase/app-compat
360 silly CHANGE node_modules/@firebase/app-check-compat
361 silly CHANGE node_modules/@firebase/app-check
362 silly CHANGE node_modules/@firebase/app
363 silly CHANGE node_modules/@firebase/analytics-compat
364 silly CHANGE node_modules/@firebase/analytics
365 verbose cwd E:\HANGAR\HANGAR\HangAR
366 verbose os Windows_NT 10.0.26100
367 verbose node v20.17.0
368 verbose npm  v10.8.3
369 verbose exit 0
370 info ok
